2022-11-24 14:14:42,700 Namespace(out_dir='out', frequent=10, eval_interval=1, gpu=False, num_workers=4)
2022-11-24 14:14:42,732 => load 200 samples
2022-11-24 14:14:42,738 => load 200 samples
2022-11-24 14:14:48,408 Epoch: [0][0/200]	Time 5.668s (5.668s)	Speed 5.6 samples/s	Data 4.604s (4.604s)	Loss 2.39779 (2.39779)
2022-11-24 14:14:56,510 Epoch: [0][10/200]	Time 0.820s (1.252s)	Speed 39.0 samples/s	Data 0.000s (0.420s)	Loss 2.39141 (2.39427)
2022-11-24 14:15:05,530 Epoch: [0][20/200]	Time 0.760s (1.085s)	Speed 42.1 samples/s	Data 0.001s (0.220s)	Loss 2.38543 (2.39148)
2022-11-24 14:15:13,344 Epoch: [0][30/200]	Time 0.806s (0.987s)	Speed 39.7 samples/s	Data 0.000s (0.150s)	Loss 2.38245 (2.38900)
2022-11-24 14:15:21,228 Epoch: [0][40/200]	Time 0.782s (0.939s)	Speed 40.9 samples/s	Data 0.001s (0.113s)	Loss 2.37611 (2.38664)
2022-11-24 14:15:29,007 Epoch: [0][50/200]	Time 0.769s (0.907s)	Speed 41.6 samples/s	Data 0.000s (0.091s)	Loss 2.37566 (2.38470)
2022-11-24 14:15:37,061 Epoch: [0][60/200]	Time 0.826s (0.891s)	Speed 38.7 samples/s	Data 0.000s (0.076s)	Loss 2.37419 (2.38308)
2022-11-24 14:15:44,927 Epoch: [0][70/200]	Time 0.782s (0.876s)	Speed 40.9 samples/s	Data 0.001s (0.066s)	Loss 2.37481 (2.38154)
2022-11-24 14:15:52,993 Epoch: [0][80/200]	Time 0.788s (0.867s)	Speed 40.6 samples/s	Data 0.001s (0.058s)	Loss 2.36777 (2.38002)
2022-11-24 14:16:00,886 Epoch: [0][90/200]	Time 0.791s (0.859s)	Speed 40.5 samples/s	Data 0.001s (0.051s)	Loss 2.35959 (2.37845)
2022-11-24 14:16:08,866 Epoch: [0][100/200]	Time 0.760s (0.853s)	Speed 42.1 samples/s	Data 0.000s (0.046s)	Loss 2.36180 (2.37693)
2022-11-24 14:16:16,691 Epoch: [0][110/200]	Time 0.759s (0.846s)	Speed 42.2 samples/s	Data 0.001s (0.042s)	Loss 2.35983 (2.37547)
2022-11-24 14:16:25,013 Epoch: [0][120/200]	Time 0.791s (0.845s)	Speed 40.5 samples/s	Data 0.000s (0.039s)	Loss 2.35760 (2.37401)
2022-11-24 14:16:32,761 Epoch: [0][130/200]	Time 0.769s (0.840s)	Speed 41.6 samples/s	Data 0.001s (0.036s)	Loss 2.35642 (2.37277)
2022-11-24 14:16:40,547 Epoch: [0][140/200]	Time 0.786s (0.836s)	Speed 40.7 samples/s	Data 0.000s (0.033s)	Loss 2.35207 (2.37145)
2022-11-24 14:16:48,401 Epoch: [0][150/200]	Time 0.839s (0.832s)	Speed 38.1 samples/s	Data 0.001s (0.031s)	Loss 2.35092 (2.37031)
2022-11-24 14:16:56,192 Epoch: [0][160/200]	Time 0.773s (0.829s)	Speed 41.4 samples/s	Data 0.001s (0.029s)	Loss 2.35005 (2.36918)
2022-11-24 14:17:04,104 Epoch: [0][170/200]	Time 0.832s (0.827s)	Speed 38.5 samples/s	Data 0.001s (0.028s)	Loss 2.34692 (2.36809)
2022-11-24 14:17:11,867 Epoch: [0][180/200]	Time 0.761s (0.824s)	Speed 42.1 samples/s	Data 0.001s (0.026s)	Loss 2.35286 (2.36708)
2022-11-24 14:17:19,656 Epoch: [0][190/200]	Time 0.794s (0.822s)	Speed 40.3 samples/s	Data 0.000s (0.025s)	Loss 2.34971 (2.36628)
2022-11-24 14:17:29,575 Test: [0/200]	Time 2.542 (2.542)	Loss 2.2639 (2.2639)
2022-11-24 14:17:30,444 Test: [10/200]	Time 0.066 (0.310)	Loss 2.3609 (2.2930)
2022-11-24 14:17:31,174 Test: [20/200]	Time 0.065 (0.197)	Loss 2.3166 (2.2871)
2022-11-24 14:17:31,918 Test: [30/200]	Time 0.072 (0.158)	Loss 2.2433 (2.2846)
2022-11-24 14:17:32,629 Test: [40/200]	Time 0.067 (0.137)	Loss 2.2779 (2.2801)
2022-11-24 14:17:33,363 Test: [50/200]	Time 0.072 (0.124)	Loss 2.2524 (2.2783)
2022-11-24 14:17:34,088 Test: [60/200]	Time 0.066 (0.116)	Loss 2.2509 (2.2786)
2022-11-24 14:17:34,822 Test: [70/200]	Time 0.076 (0.110)	Loss 2.2734 (2.2786)
2022-11-24 14:17:35,542 Test: [80/200]	Time 0.066 (0.105)	Loss 2.2650 (2.2805)
2022-11-24 14:17:36,286 Test: [90/200]	Time 0.068 (0.102)	Loss 2.2515 (2.2792)
2022-11-24 14:17:37,005 Test: [100/200]	Time 0.064 (0.099)	Loss 2.2448 (2.2795)
2022-11-24 14:17:37,737 Test: [110/200]	Time 0.075 (0.096)	Loss 2.2534 (2.2793)
2022-11-24 14:17:38,479 Test: [120/200]	Time 0.066 (0.095)	Loss 2.2429 (2.2800)
2022-11-24 14:17:39,219 Test: [130/200]	Time 0.073 (0.093)	Loss 2.2914 (2.2790)
2022-11-24 14:17:39,932 Test: [140/200]	Time 0.073 (0.091)	Loss 2.2854 (2.2795)
2022-11-24 14:17:40,700 Test: [150/200]	Time 0.078 (0.091)	Loss 2.2764 (2.2802)
2022-11-24 14:17:41,441 Test: [160/200]	Time 0.073 (0.089)	Loss 2.2872 (2.2804)
2022-11-24 14:17:42,179 Test: [170/200]	Time 0.066 (0.089)	Loss 2.3130 (2.2810)
2022-11-24 14:17:42,893 Test: [180/200]	Time 0.073 (0.088)	Loss 2.3168 (2.2819)
2022-11-24 14:17:43,617 Test: [190/200]	Time 0.071 (0.087)	Loss 2.2875 (2.2814)
2022-11-24 14:17:46,186 Mean IoU score: 0.196
2022-11-24 14:17:46,187 => saving checkpoint to out
2022-11-24 14:17:50,947 Epoch: [1][0/200]	Time 4.557s (4.557s)	Speed 7.0 samples/s	Data 3.529s (3.529s)	Loss 2.34790 (2.34790)
2022-11-24 14:17:58,665 Epoch: [1][10/200]	Time 0.746s (1.116s)	Speed 42.9 samples/s	Data 0.000s (0.321s)	Loss 2.34484 (2.34595)
2022-11-24 14:18:07,148 Epoch: [1][20/200]	Time 0.793s (0.988s)	Speed 40.4 samples/s	Data 0.000s (0.169s)	Loss 2.33320 (2.34631)
2022-11-24 14:18:15,569 Epoch: [1][30/200]	Time 0.813s (0.941s)	Speed 39.4 samples/s	Data 0.001s (0.115s)	Loss 2.35542 (2.34589)
2022-11-24 14:18:24,043 Epoch: [1][40/200]	Time 0.857s (0.918s)	Speed 37.3 samples/s	Data 0.000s (0.087s)	Loss 2.34509 (2.34605)
2022-11-24 14:18:34,133 Epoch: [1][50/200]	Time 0.819s (0.936s)	Speed 39.1 samples/s	Data 0.000s (0.070s)	Loss 2.35046 (2.34614)
2022-11-24 14:18:43,021 Epoch: [1][60/200]	Time 0.843s (0.928s)	Speed 38.0 samples/s	Data 0.000s (0.059s)	Loss 2.33978 (2.34602)
2022-11-24 14:18:51,165 Epoch: [1][70/200]	Time 0.838s (0.912s)	Speed 38.2 samples/s	Data 0.000s (0.050s)	Loss 2.34782 (2.34590)
2022-11-24 14:19:00,103 Epoch: [1][80/200]	Time 0.935s (0.910s)	Speed 34.2 samples/s	Data 0.001s (0.044s)	Loss 2.35617 (2.34615)
2022-11-24 14:19:09,239 Epoch: [1][90/200]	Time 0.904s (0.910s)	Speed 35.4 samples/s	Data 0.001s (0.040s)	Loss 2.35038 (2.34660)
2022-11-24 14:19:18,198 Epoch: [1][100/200]	Time 0.798s (0.909s)	Speed 40.1 samples/s	Data 0.000s (0.036s)	Loss 2.34287 (2.34621)
2022-11-24 14:19:26,954 Epoch: [1][110/200]	Time 0.960s (0.906s)	Speed 33.3 samples/s	Data 0.000s (0.033s)	Loss 2.34951 (2.34602)
2022-11-24 14:19:35,435 Epoch: [1][120/200]	Time 0.813s (0.901s)	Speed 39.4 samples/s	Data 0.000s (0.030s)	Loss 2.35357 (2.34620)
2022-11-24 14:19:44,859 Epoch: [1][130/200]	Time 0.916s (0.904s)	Speed 34.9 samples/s	Data 0.001s (0.028s)	Loss 2.34704 (2.34629)
2022-11-24 14:19:54,051 Epoch: [1][140/200]	Time 0.865s (0.905s)	Speed 37.0 samples/s	Data 0.001s (0.026s)	Loss 2.33928 (2.34634)
2022-11-24 14:20:02,191 Epoch: [1][150/200]	Time 0.930s (0.899s)	Speed 34.4 samples/s	Data 0.001s (0.024s)	Loss 2.35088 (2.34642)
2022-11-24 14:20:10,542 Epoch: [1][160/200]	Time 0.761s (0.895s)	Speed 42.1 samples/s	Data 0.001s (0.023s)	Loss 2.34164 (2.34628)
2022-11-24 14:20:19,441 Epoch: [1][170/200]	Time 0.806s (0.895s)	Speed 39.7 samples/s	Data 0.001s (0.021s)	Loss 2.34949 (2.34627)
2022-11-24 14:20:27,385 Epoch: [1][180/200]	Time 0.819s (0.889s)	Speed 39.1 samples/s	Data 0.001s (0.020s)	Loss 2.34064 (2.34605)
2022-11-24 14:20:35,633 Epoch: [1][190/200]	Time 0.832s (0.886s)	Speed 38.5 samples/s	Data 0.001s (0.019s)	Loss 2.34766 (2.34595)
2022-11-24 14:20:48,005 Test: [0/200]	Time 3.872 (3.872)	Loss 2.2617 (2.2617)
2022-11-24 14:20:48,803 Test: [10/200]	Time 0.082 (0.425)	Loss 2.3612 (2.2882)
2022-11-24 14:20:49,561 Test: [20/200]	Time 0.073 (0.258)	Loss 2.3153 (2.2823)
2022-11-24 14:20:50,383 Test: [30/200]	Time 0.073 (0.202)	Loss 2.2344 (2.2793)
2022-11-24 14:20:51,184 Test: [40/200]	Time 0.065 (0.172)	Loss 2.2667 (2.2743)
2022-11-24 14:20:52,049 Test: [50/200]	Time 0.090 (0.155)	Loss 2.2479 (2.2727)
2022-11-24 14:20:52,950 Test: [60/200]	Time 0.127 (0.145)	Loss 2.2425 (2.2733)
2022-11-24 14:20:53,778 Test: [70/200]	Time 0.083 (0.136)	Loss 2.2690 (2.2733)
2022-11-24 14:20:54,586 Test: [80/200]	Time 0.071 (0.129)	Loss 2.2512 (2.2755)
2022-11-24 14:20:55,372 Test: [90/200]	Time 0.083 (0.124)	Loss 2.2490 (2.2744)
2022-11-24 14:20:56,621 Test: [100/200]	Time 0.252 (0.124)	Loss 2.2376 (2.2747)
2022-11-24 14:20:57,620 Test: [110/200]	Time 0.098 (0.122)	Loss 2.2491 (2.2745)
2022-11-24 14:20:58,420 Test: [120/200]	Time 0.067 (0.118)	Loss 2.2424 (2.2753)
2022-11-24 14:20:59,118 Test: [130/200]	Time 0.071 (0.114)	Loss 2.2833 (2.2743)
2022-11-24 14:20:59,823 Test: [140/200]	Time 0.074 (0.111)	Loss 2.2825 (2.2747)
2022-11-24 14:21:00,527 Test: [150/200]	Time 0.068 (0.109)	Loss 2.2693 (2.2753)
2022-11-24 14:21:01,241 Test: [160/200]	Time 0.066 (0.106)	Loss 2.2827 (2.2756)
2022-11-24 14:21:01,942 Test: [170/200]	Time 0.065 (0.104)	Loss 2.3097 (2.2761)
2022-11-24 14:21:02,621 Test: [180/200]	Time 0.064 (0.102)	Loss 2.3119 (2.2770)
2022-11-24 14:21:03,364 Test: [190/200]	Time 0.072 (0.101)	Loss 2.2818 (2.2764)
2022-11-24 14:21:05,799 Mean IoU score: 0.207
2022-11-24 14:21:05,800 => saving checkpoint to out
2022-11-24 14:21:10,480 Epoch: [2][0/200]	Time 4.599s (4.599s)	Speed 7.0 samples/s	Data 3.577s (3.577s)	Loss 2.34584 (2.34584)
2022-11-24 14:21:18,220 Epoch: [2][10/200]	Time 0.781s (1.122s)	Speed 41.0 samples/s	Data 0.001s (0.326s)	Loss 2.34021 (2.34213)
2022-11-24 14:21:25,966 Epoch: [2][20/200]	Time 0.792s (0.956s)	Speed 40.4 samples/s	Data 0.000s (0.171s)	Loss 2.33676 (2.34340)
2022-11-24 14:21:33,725 Epoch: [2][30/200]	Time 0.786s (0.898s)	Speed 40.7 samples/s	Data 0.001s (0.116s)	Loss 2.34668 (2.34460)
2022-11-24 14:21:41,463 Epoch: [2][40/200]	Time 0.774s (0.868s)	Speed 41.4 samples/s	Data 0.000s (0.088s)	Loss 2.34624 (2.34402)
2022-11-24 14:21:49,214 Epoch: [2][50/200]	Time 0.789s (0.850s)	Speed 40.6 samples/s	Data 0.000s (0.071s)	Loss 2.34059 (2.34348)
2022-11-24 14:21:56,957 Epoch: [2][60/200]	Time 0.774s (0.837s)	Speed 41.3 samples/s	Data 0.000s (0.059s)	Loss 2.34312 (2.34332)
2022-11-24 14:22:04,656 Epoch: [2][70/200]	Time 0.728s (0.828s)	Speed 44.0 samples/s	Data 0.001s (0.051s)	Loss 2.34397 (2.34352)
2022-11-24 14:22:12,457 Epoch: [2][80/200]	Time 0.734s (0.822s)	Speed 43.6 samples/s	Data 0.000s (0.045s)	Loss 2.35052 (2.34358)
2022-11-24 14:22:20,235 Epoch: [2][90/200]	Time 0.794s (0.817s)	Speed 40.3 samples/s	Data 0.000s (0.040s)	Loss 2.34373 (2.34360)
2022-11-24 14:22:28,045 Epoch: [2][100/200]	Time 0.773s (0.814s)	Speed 41.4 samples/s	Data 0.000s (0.036s)	Loss 2.33653 (2.34373)
2022-11-24 14:22:35,706 Epoch: [2][110/200]	Time 0.745s (0.809s)	Speed 43.0 samples/s	Data 0.000s (0.033s)	Loss 2.34778 (2.34345)
2022-11-24 14:22:43,438 Epoch: [2][120/200]	Time 0.773s (0.806s)	Speed 41.4 samples/s	Data 0.000s (0.030s)	Loss 2.33272 (2.34325)
2022-11-24 14:22:52,026 Epoch: [2][130/200]	Time 1.048s (0.810s)	Speed 30.5 samples/s	Data 0.001s (0.028s)	Loss 2.33885 (2.34323)
2022-11-24 14:22:59,784 Epoch: [2][140/200]	Time 0.750s (0.808s)	Speed 42.7 samples/s	Data 0.001s (0.026s)	Loss 2.34363 (2.34331)
2022-11-24 14:23:07,704 Epoch: [2][150/200]	Time 0.904s (0.807s)	Speed 35.4 samples/s	Data 0.001s (0.024s)	Loss 2.34657 (2.34319)
2022-11-24 14:23:15,438 Epoch: [2][160/200]	Time 0.772s (0.805s)	Speed 41.5 samples/s	Data 0.000s (0.023s)	Loss 2.34794 (2.34319)
2022-11-24 14:23:23,340 Epoch: [2][170/200]	Time 0.792s (0.804s)	Speed 40.4 samples/s	Data 0.001s (0.022s)	Loss 2.33914 (2.34315)
2022-11-24 14:23:31,133 Epoch: [2][180/200]	Time 0.793s (0.802s)	Speed 40.4 samples/s	Data 0.001s (0.021s)	Loss 2.34261 (2.34333)
2022-11-24 14:23:38,883 Epoch: [2][190/200]	Time 0.763s (0.801s)	Speed 42.0 samples/s	Data 0.001s (0.020s)	Loss 2.34833 (2.34355)
2022-11-24 14:23:48,534 Test: [0/200]	Time 2.306 (2.306)	Loss 2.2514 (2.2514)
2022-11-24 14:23:49,224 Test: [10/200]	Time 0.069 (0.272)	Loss 2.3597 (2.2826)
2022-11-24 14:23:49,924 Test: [20/200]	Time 0.070 (0.176)	Loss 2.3125 (2.2768)
2022-11-24 14:23:50,616 Test: [30/200]	Time 0.066 (0.142)	Loss 2.2278 (2.2738)
2022-11-24 14:23:51,314 Test: [40/200]	Time 0.072 (0.124)	Loss 2.2633 (2.2685)
2022-11-24 14:23:52,012 Test: [50/200]	Time 0.068 (0.113)	Loss 2.2408 (2.2670)
2022-11-24 14:23:52,710 Test: [60/200]	Time 0.065 (0.106)	Loss 2.2362 (2.2674)
2022-11-24 14:23:53,406 Test: [70/200]	Time 0.063 (0.101)	Loss 2.2644 (2.2676)
2022-11-24 14:23:54,091 Test: [80/200]	Time 0.063 (0.097)	Loss 2.2464 (2.2698)
2022-11-24 14:23:54,789 Test: [90/200]	Time 0.069 (0.094)	Loss 2.2353 (2.2686)
2022-11-24 14:23:55,498 Test: [100/200]	Time 0.064 (0.092)	Loss 2.2271 (2.2689)
2022-11-24 14:23:56,188 Test: [110/200]	Time 0.067 (0.090)	Loss 2.2423 (2.2687)
2022-11-24 14:23:56,874 Test: [120/200]	Time 0.075 (0.088)	Loss 2.2344 (2.2696)
2022-11-24 14:23:57,539 Test: [130/200]	Time 0.064 (0.086)	Loss 2.2788 (2.2683)
2022-11-24 14:23:58,244 Test: [140/200]	Time 0.062 (0.085)	Loss 2.2774 (2.2688)
2022-11-24 14:23:58,927 Test: [150/200]	Time 0.067 (0.084)	Loss 2.2657 (2.2695)
2022-11-24 14:23:59,595 Test: [160/200]	Time 0.061 (0.083)	Loss 2.2708 (2.2698)
2022-11-24 14:24:00,347 Test: [170/200]	Time 0.064 (0.083)	Loss 2.3046 (2.2704)
2022-11-24 14:24:01,034 Test: [180/200]	Time 0.062 (0.082)	Loss 2.3084 (2.2713)
2022-11-24 14:24:01,693 Test: [190/200]	Time 0.067 (0.081)	Loss 2.2790 (2.2708)
2022-11-24 14:24:04,100 Mean IoU score: 0.239
2022-11-24 14:24:04,102 => saving checkpoint to out
2022-11-24 14:24:08,808 Epoch: [3][0/200]	Time 4.659s (4.659s)	Speed 6.9 samples/s	Data 3.484s (3.484s)	Loss 2.33963 (2.33963)
2022-11-24 14:24:16,532 Epoch: [3][10/200]	Time 0.790s (1.126s)	Speed 40.5 samples/s	Data 0.001s (0.317s)	Loss 2.34518 (2.34149)
2022-11-24 14:24:24,239 Epoch: [3][20/200]	Time 0.772s (0.957s)	Speed 41.5 samples/s	Data 0.001s (0.166s)	Loss 2.33015 (2.34271)
2022-11-24 14:24:31,909 Epoch: [3][30/200]	Time 0.744s (0.895s)	Speed 43.0 samples/s	Data 0.000s (0.113s)	Loss 2.35842 (2.34302)
2022-11-24 14:24:39,525 Epoch: [3][40/200]	Time 0.748s (0.863s)	Speed 42.8 samples/s	Data 0.000s (0.086s)	Loss 2.34015 (2.34355)
2022-11-24 14:24:47,227 Epoch: [3][50/200]	Time 0.781s (0.845s)	Speed 41.0 samples/s	Data 0.001s (0.069s)	Loss 2.35201 (2.34345)
2022-11-24 14:24:54,871 Epoch: [3][60/200]	Time 0.730s (0.831s)	Speed 43.8 samples/s	Data 0.000s (0.058s)	Loss 2.34661 (2.34347)
2022-11-24 14:25:02,499 Epoch: [3][70/200]	Time 0.795s (0.822s)	Speed 40.3 samples/s	Data 0.000s (0.050s)	Loss 2.34454 (2.34316)
2022-11-24 14:25:10,199 Epoch: [3][80/200]	Time 0.756s (0.815s)	Speed 42.3 samples/s	Data 0.001s (0.044s)	Loss 2.35111 (2.34315)
2022-11-24 14:25:17,890 Epoch: [3][90/200]	Time 0.779s (0.810s)	Speed 41.1 samples/s	Data 0.001s (0.039s)	Loss 2.34220 (2.34300)
2022-11-24 14:25:25,491 Epoch: [3][100/200]	Time 0.761s (0.805s)	Speed 42.0 samples/s	Data 0.001s (0.035s)	Loss 2.34633 (2.34301)
2022-11-24 14:25:33,114 Epoch: [3][110/200]	Time 0.765s (0.801s)	Speed 41.8 samples/s	Data 0.000s (0.032s)	Loss 2.34744 (2.34298)
2022-11-24 14:25:41,114 Epoch: [3][120/200]	Time 0.751s (0.801s)	Speed 42.6 samples/s	Data 0.001s (0.029s)	Loss 2.34039 (2.34297)
2022-11-24 14:25:49,006 Epoch: [3][130/200]	Time 0.772s (0.800s)	Speed 41.5 samples/s	Data 0.000s (0.027s)	Loss 2.33719 (2.34307)
2022-11-24 14:25:57,460 Epoch: [3][140/200]	Time 0.939s (0.804s)	Speed 34.1 samples/s	Data 0.001s (0.025s)	Loss 2.34001 (2.34314)
2022-11-24 14:26:05,271 Epoch: [3][150/200]	Time 0.759s (0.802s)	Speed 42.2 samples/s	Data 0.001s (0.024s)	Loss 2.34643 (2.34303)
2022-11-24 14:26:13,038 Epoch: [3][160/200]	Time 0.764s (0.801s)	Speed 41.9 samples/s	Data 0.000s (0.022s)	Loss 2.34517 (2.34297)
2022-11-24 14:26:21,143 Epoch: [3][170/200]	Time 0.844s (0.801s)	Speed 37.9 samples/s	Data 0.001s (0.021s)	Loss 2.33889 (2.34288)
2022-11-24 14:26:28,757 Epoch: [3][180/200]	Time 0.715s (0.799s)	Speed 44.8 samples/s	Data 0.000s (0.020s)	Loss 2.33762 (2.34292)
2022-11-24 14:26:36,405 Epoch: [3][190/200]	Time 0.769s (0.797s)	Speed 41.6 samples/s	Data 0.000s (0.019s)	Loss 2.35194 (2.34300)
2022-11-24 14:26:45,900 Test: [0/200]	Time 2.289 (2.289)	Loss 2.2484 (2.2484)
2022-11-24 14:26:46,608 Test: [10/200]	Time 0.063 (0.272)	Loss 2.3592 (2.2808)
2022-11-24 14:26:47,318 Test: [20/200]	Time 0.065 (0.177)	Loss 2.3113 (2.2747)
2022-11-24 14:26:48,031 Test: [30/200]	Time 0.065 (0.143)	Loss 2.2240 (2.2716)
2022-11-24 14:26:48,701 Test: [40/200]	Time 0.067 (0.124)	Loss 2.2619 (2.2662)
2022-11-24 14:26:49,400 Test: [50/200]	Time 0.068 (0.114)	Loss 2.2403 (2.2648)
2022-11-24 14:26:50,095 Test: [60/200]	Time 0.068 (0.106)	Loss 2.2349 (2.2652)
2022-11-24 14:26:50,837 Test: [70/200]	Time 0.082 (0.102)	Loss 2.2637 (2.2655)
2022-11-24 14:26:51,539 Test: [80/200]	Time 0.068 (0.098)	Loss 2.2453 (2.2677)
2022-11-24 14:26:52,245 Test: [90/200]	Time 0.066 (0.095)	Loss 2.2306 (2.2664)
2022-11-24 14:26:53,032 Test: [100/200]	Time 0.071 (0.093)	Loss 2.2275 (2.2667)
2022-11-24 14:26:53,737 Test: [110/200]	Time 0.065 (0.091)	Loss 2.2410 (2.2665)
2022-11-24 14:26:54,435 Test: [120/200]	Time 0.070 (0.089)	Loss 2.2328 (2.2674)
2022-11-24 14:26:55,237 Test: [130/200]	Time 0.070 (0.089)	Loss 2.2754 (2.2661)
2022-11-24 14:26:55,941 Test: [140/200]	Time 0.065 (0.087)	Loss 2.2784 (2.2667)
2022-11-24 14:26:56,652 Test: [150/200]	Time 0.065 (0.086)	Loss 2.2640 (2.2674)
2022-11-24 14:26:57,351 Test: [160/200]	Time 0.064 (0.085)	Loss 2.2700 (2.2676)
2022-11-24 14:26:58,171 Test: [170/200]	Time 0.091 (0.085)	Loss 2.3032 (2.2683)
2022-11-24 14:26:58,899 Test: [180/200]	Time 0.077 (0.084)	Loss 2.3087 (2.2693)
2022-11-24 14:26:59,639 Test: [190/200]	Time 0.064 (0.084)	Loss 2.2780 (2.2687)
2022-11-24 14:27:02,595 Mean IoU score: 0.251
2022-11-24 14:27:02,611 => saving checkpoint to out
2022-11-24 14:27:07,630 Epoch: [4][0/200]	Time 4.950s (4.950s)	Speed 6.5 samples/s	Data 3.954s (3.954s)	Loss 2.34256 (2.34256)
2022-11-24 14:27:15,502 Epoch: [4][10/200]	Time 0.755s (1.166s)	Speed 42.4 samples/s	Data 0.000s (0.360s)	Loss 2.34268 (2.34097)
2022-11-24 14:27:23,212 Epoch: [4][20/200]	Time 0.787s (0.978s)	Speed 40.7 samples/s	Data 0.000s (0.189s)	Loss 2.34552 (2.34277)
2022-11-24 14:27:30,975 Epoch: [4][30/200]	Time 0.777s (0.913s)	Speed 41.2 samples/s	Data 0.001s (0.128s)	Loss 2.33925 (2.34214)
2022-11-24 14:27:38,678 Epoch: [4][40/200]	Time 0.730s (0.878s)	Speed 43.8 samples/s	Data 0.001s (0.097s)	Loss 2.34119 (2.34198)
2022-11-24 14:27:46,453 Epoch: [4][50/200]	Time 0.782s (0.858s)	Speed 40.9 samples/s	Data 0.001s (0.078s)	Loss 2.34194 (2.34213)
2022-11-24 14:27:54,151 Epoch: [4][60/200]	Time 0.775s (0.844s)	Speed 41.3 samples/s	Data 0.000s (0.066s)	Loss 2.34988 (2.34269)
2022-11-24 14:28:02,053 Epoch: [4][70/200]	Time 0.818s (0.836s)	Speed 39.1 samples/s	Data 0.001s (0.057s)	Loss 2.33983 (2.34231)
2022-11-24 14:28:09,729 Epoch: [4][80/200]	Time 0.718s (0.828s)	Speed 44.6 samples/s	Data 0.001s (0.050s)	Loss 2.34130 (2.34232)
2022-11-24 14:28:17,535 Epoch: [4][90/200]	Time 0.738s (0.823s)	Speed 43.4 samples/s	Data 0.000s (0.044s)	Loss 2.33996 (2.34252)
2022-11-24 14:28:25,262 Epoch: [4][100/200]	Time 0.811s (0.818s)	Speed 39.5 samples/s	Data 0.001s (0.040s)	Loss 2.33872 (2.34260)
2022-11-24 14:28:33,052 Epoch: [4][110/200]	Time 0.775s (0.814s)	Speed 41.3 samples/s	Data 0.001s (0.036s)	Loss 2.34083 (2.34232)
2022-11-24 14:28:40,745 Epoch: [4][120/200]	Time 0.743s (0.810s)	Speed 43.1 samples/s	Data 0.001s (0.033s)	Loss 2.34636 (2.34228)
2022-11-24 14:28:48,495 Epoch: [4][130/200]	Time 0.764s (0.808s)	Speed 41.9 samples/s	Data 0.001s (0.031s)	Loss 2.34106 (2.34227)
2022-11-24 14:28:56,322 Epoch: [4][140/200]	Time 0.790s (0.806s)	Speed 40.5 samples/s	Data 0.000s (0.029s)	Loss 2.34403 (2.34212)
2022-11-24 14:29:04,172 Epoch: [4][150/200]	Time 0.776s (0.805s)	Speed 41.2 samples/s	Data 0.000s (0.027s)	Loss 2.34508 (2.34211)
2022-11-24 14:29:11,932 Epoch: [4][160/200]	Time 0.800s (0.803s)	Speed 40.0 samples/s	Data 0.000s (0.025s)	Loss 2.34180 (2.34244)
2022-11-24 14:29:19,667 Epoch: [4][170/200]	Time 0.731s (0.801s)	Speed 43.8 samples/s	Data 0.000s (0.024s)	Loss 2.34265 (2.34246)
2022-11-24 14:29:28,018 Epoch: [4][180/200]	Time 0.871s (0.803s)	Speed 36.7 samples/s	Data 0.000s (0.023s)	Loss 2.33042 (2.34243)
2022-11-24 14:29:36,274 Epoch: [4][190/200]	Time 0.878s (0.804s)	Speed 36.4 samples/s	Data 0.000s (0.021s)	Loss 2.33947 (2.34242)
2022-11-24 14:29:46,140 Test: [0/200]	Time 2.347 (2.347)	Loss 2.2479 (2.2479)
2022-11-24 14:29:46,819 Test: [10/200]	Time 0.073 (0.275)	Loss 2.3591 (2.2798)
2022-11-24 14:29:47,512 Test: [20/200]	Time 0.065 (0.177)	Loss 2.3109 (2.2737)
2022-11-24 14:29:48,213 Test: [30/200]	Time 0.062 (0.143)	Loss 2.2224 (2.2706)
2022-11-24 14:29:48,922 Test: [40/200]	Time 0.067 (0.125)	Loss 2.2611 (2.2654)
2022-11-24 14:29:49,599 Test: [50/200]	Time 0.067 (0.114)	Loss 2.2375 (2.2639)
2022-11-24 14:29:50,296 Test: [60/200]	Time 0.064 (0.107)	Loss 2.2341 (2.2643)
2022-11-24 14:29:51,001 Test: [70/200]	Time 0.071 (0.102)	Loss 2.2621 (2.2644)
2022-11-24 14:29:51,693 Test: [80/200]	Time 0.064 (0.098)	Loss 2.2441 (2.2667)
2022-11-24 14:29:52,395 Test: [90/200]	Time 0.059 (0.095)	Loss 2.2297 (2.2654)
2022-11-24 14:29:53,077 Test: [100/200]	Time 0.064 (0.092)	Loss 2.2244 (2.2657)
2022-11-24 14:29:53,779 Test: [110/200]	Time 0.078 (0.090)	Loss 2.2387 (2.2654)
2022-11-24 14:29:54,484 Test: [120/200]	Time 0.056 (0.088)	Loss 2.2304 (2.2663)
2022-11-24 14:29:55,179 Test: [130/200]	Time 0.065 (0.087)	Loss 2.2743 (2.2650)
2022-11-24 14:29:55,873 Test: [140/200]	Time 0.073 (0.086)	Loss 2.2739 (2.2655)
2022-11-24 14:29:56,815 Test: [150/200]	Time 0.104 (0.086)	Loss 2.2620 (2.2663)
2022-11-24 14:29:57,624 Test: [160/200]	Time 0.063 (0.086)	Loss 2.2685 (2.2665)
2022-11-24 14:29:58,311 Test: [170/200]	Time 0.063 (0.085)	Loss 2.3016 (2.2672)
2022-11-24 14:29:59,030 Test: [180/200]	Time 0.075 (0.084)	Loss 2.3067 (2.2682)
2022-11-24 14:29:59,703 Test: [190/200]	Time 0.066 (0.083)	Loss 2.2771 (2.2676)
2022-11-24 14:30:02,069 Mean IoU score: 0.265
2022-11-24 14:30:02,070 => saving checkpoint to out
2022-11-24 14:30:06,666 Epoch: [5][0/200]	Time 4.534s (4.534s)	Speed 7.1 samples/s	Data 3.504s (3.504s)	Loss 2.34894 (2.34894)
2022-11-24 14:30:14,456 Epoch: [5][10/200]	Time 0.764s (1.120s)	Speed 41.9 samples/s	Data 0.000s (0.319s)	Loss 2.34616 (2.34208)
2022-11-24 14:30:22,101 Epoch: [5][20/200]	Time 0.776s (0.951s)	Speed 41.3 samples/s	Data 0.001s (0.168s)	Loss 2.34340 (2.34064)
2022-11-24 14:30:29,702 Epoch: [5][30/200]	Time 0.761s (0.889s)	Speed 42.0 samples/s	Data 0.001s (0.114s)	Loss 2.33184 (2.34144)
2022-11-24 14:30:37,668 Epoch: [5][40/200]	Time 0.769s (0.867s)	Speed 41.6 samples/s	Data 0.000s (0.086s)	Loss 2.33891 (2.34168)
2022-11-24 14:30:45,331 Epoch: [5][50/200]	Time 0.779s (0.847s)	Speed 41.1 samples/s	Data 0.000s (0.069s)	Loss 2.34116 (2.34149)
2022-11-24 14:30:53,194 Epoch: [5][60/200]	Time 0.768s (0.837s)	Speed 41.7 samples/s	Data 0.000s (0.058s)	Loss 2.35161 (2.34206)
2022-11-24 14:31:01,024 Epoch: [5][70/200]	Time 0.773s (0.829s)	Speed 41.4 samples/s	Data 0.001s (0.050s)	Loss 2.34390 (2.34217)
2022-11-24 14:31:08,743 Epoch: [5][80/200]	Time 0.746s (0.822s)	Speed 42.9 samples/s	Data 0.001s (0.044s)	Loss 2.35050 (2.34248)
2022-11-24 14:31:16,477 Epoch: [5][90/200]	Time 0.781s (0.817s)	Speed 41.0 samples/s	Data 0.000s (0.039s)	Loss 2.34666 (2.34250)
2022-11-24 14:31:24,159 Epoch: [5][100/200]	Time 0.773s (0.812s)	Speed 41.4 samples/s	Data 0.001s (0.035s)	Loss 2.33855 (2.34262)
2022-11-24 14:31:31,755 Epoch: [5][110/200]	Time 0.730s (0.807s)	Speed 43.8 samples/s	Data 0.001s (0.032s)	Loss 2.34293 (2.34238)
2022-11-24 14:31:39,468 Epoch: [5][120/200]	Time 0.767s (0.804s)	Speed 41.7 samples/s	Data 0.000s (0.030s)	Loss 2.34690 (2.34253)
2022-11-24 14:31:47,229 Epoch: [5][130/200]	Time 0.766s (0.802s)	Speed 41.8 samples/s	Data 0.000s (0.027s)	Loss 2.33083 (2.34232)
2022-11-24 14:31:54,914 Epoch: [5][140/200]	Time 0.731s (0.800s)	Speed 43.8 samples/s	Data 0.000s (0.026s)	Loss 2.34173 (2.34229)
2022-11-24 14:32:02,608 Epoch: [5][150/200]	Time 0.738s (0.798s)	Speed 43.4 samples/s	Data 0.001s (0.024s)	Loss 2.33642 (2.34232)
2022-11-24 14:32:10,272 Epoch: [5][160/200]	Time 0.786s (0.796s)	Speed 40.7 samples/s	Data 0.001s (0.022s)	Loss 2.34376 (2.34246)
2022-11-24 14:32:18,036 Epoch: [5][170/200]	Time 0.773s (0.795s)	Speed 41.4 samples/s	Data 0.001s (0.021s)	Loss 2.33870 (2.34237)
2022-11-24 14:32:25,661 Epoch: [5][180/200]	Time 0.739s (0.793s)	Speed 43.3 samples/s	Data 0.000s (0.020s)	Loss 2.33812 (2.34220)
2022-11-24 14:32:33,315 Epoch: [5][190/200]	Time 0.775s (0.792s)	Speed 41.3 samples/s	Data 0.001s (0.019s)	Loss 2.34971 (2.34221)
2022-11-24 14:32:42,879 Test: [0/200]	Time 2.300 (2.300)	Loss 2.2486 (2.2486)
2022-11-24 14:32:43,555 Test: [10/200]	Time 0.064 (0.271)	Loss 2.3590 (2.2806)
2022-11-24 14:32:44,251 Test: [20/200]	Time 0.063 (0.175)	Loss 2.3110 (2.2740)
2022-11-24 14:32:44,972 Test: [30/200]	Time 0.077 (0.142)	Loss 2.2227 (2.2710)
2022-11-24 14:32:45,658 Test: [40/200]	Time 0.062 (0.124)	Loss 2.2610 (2.2656)
2022-11-24 14:32:46,358 Test: [50/200]	Time 0.069 (0.113)	Loss 2.2380 (2.2642)
2022-11-24 14:32:47,044 Test: [60/200]	Time 0.069 (0.106)	Loss 2.2337 (2.2646)
2022-11-24 14:32:47,719 Test: [70/200]	Time 0.061 (0.101)	Loss 2.2633 (2.2648)
2022-11-24 14:32:48,420 Test: [80/200]	Time 0.063 (0.097)	Loss 2.2441 (2.2670)
2022-11-24 14:32:49,125 Test: [90/200]	Time 0.064 (0.094)	Loss 2.2316 (2.2658)
2022-11-24 14:32:49,814 Test: [100/200]	Time 0.070 (0.091)	Loss 2.2252 (2.2661)
2022-11-24 14:32:50,512 Test: [110/200]	Time 0.062 (0.089)	Loss 2.2403 (2.2658)
2022-11-24 14:32:51,217 Test: [120/200]	Time 0.066 (0.088)	Loss 2.2326 (2.2667)
2022-11-24 14:32:51,914 Test: [130/200]	Time 0.069 (0.086)	Loss 2.2741 (2.2655)
2022-11-24 14:32:52,638 Test: [140/200]	Time 0.077 (0.085)	Loss 2.2751 (2.2660)
2022-11-24 14:32:53,416 Test: [150/200]	Time 0.070 (0.085)	Loss 2.2625 (2.2667)
2022-11-24 14:32:54,161 Test: [160/200]	Time 0.072 (0.084)	Loss 2.2690 (2.2670)
2022-11-24 14:32:54,933 Test: [170/200]	Time 0.077 (0.084)	Loss 2.3020 (2.2676)
2022-11-24 14:32:55,660 Test: [180/200]	Time 0.069 (0.083)	Loss 2.3077 (2.2686)
2022-11-24 14:32:56,410 Test: [190/200]	Time 0.081 (0.083)	Loss 2.2772 (2.2680)
2022-11-24 14:32:59,324 Mean IoU score: 0.265
2022-11-24 14:32:59,325 => saving checkpoint to out
2022-11-24 14:33:04,155 Epoch: [6][0/200]	Time 4.771s (4.771s)	Speed 6.7 samples/s	Data 3.530s (3.530s)	Loss 2.34233 (2.34233)
2022-11-24 14:33:12,760 Epoch: [6][10/200]	Time 0.823s (1.216s)	Speed 38.9 samples/s	Data 0.001s (0.322s)	Loss 2.33806 (2.34545)
2022-11-24 14:33:20,799 Epoch: [6][20/200]	Time 0.748s (1.020s)	Speed 42.8 samples/s	Data 0.000s (0.169s)	Loss 2.34503 (2.34334)
2022-11-24 14:33:28,495 Epoch: [6][30/200]	Time 0.774s (0.939s)	Speed 41.3 samples/s	Data 0.001s (0.115s)	Loss 2.34340 (2.34275)
2022-11-24 14:33:36,201 Epoch: [6][40/200]	Time 0.784s (0.898s)	Speed 40.8 samples/s	Data 0.001s (0.087s)	Loss 2.34419 (2.34268)
2022-11-24 14:33:43,850 Epoch: [6][50/200]	Time 0.741s (0.872s)	Speed 43.2 samples/s	Data 0.000s (0.070s)	Loss 2.34553 (2.34266)
2022-11-24 14:33:51,620 Epoch: [6][60/200]	Time 0.798s (0.856s)	Speed 40.1 samples/s	Data 0.001s (0.059s)	Loss 2.34552 (2.34305)
2022-11-24 14:34:00,830 Epoch: [6][70/200]	Time 0.777s (0.865s)	Speed 41.2 samples/s	Data 0.001s (0.050s)	Loss 2.34669 (2.34320)
2022-11-24 14:34:09,829 Epoch: [6][80/200]	Time 1.208s (0.870s)	Speed 26.5 samples/s	Data 0.001s (0.044s)	Loss 2.34370 (2.34303)
2022-11-24 14:34:19,476 Epoch: [6][90/200]	Time 1.008s (0.880s)	Speed 31.8 samples/s	Data 0.001s (0.040s)	Loss 2.33917 (2.34297)
2022-11-24 14:34:29,118 Epoch: [6][100/200]	Time 0.910s (0.888s)	Speed 35.2 samples/s	Data 0.000s (0.036s)	Loss 2.34462 (2.34279)
2022-11-24 14:34:36,939 Epoch: [6][110/200]	Time 0.738s (0.879s)	Speed 43.4 samples/s	Data 0.001s (0.033s)	Loss 2.34598 (2.34276)
2022-11-24 14:34:45,376 Epoch: [6][120/200]	Time 1.013s (0.876s)	Speed 31.6 samples/s	Data 0.001s (0.030s)	Loss 2.34133 (2.34271)
2022-11-24 14:34:54,358 Epoch: [6][130/200]	Time 0.839s (0.878s)	Speed 38.1 samples/s	Data 0.001s (0.028s)	Loss 2.35435 (2.34282)
2022-11-24 14:35:02,525 Epoch: [6][140/200]	Time 0.776s (0.873s)	Speed 41.2 samples/s	Data 0.001s (0.026s)	Loss 2.34131 (2.34288)
2022-11-24 14:35:10,181 Epoch: [6][150/200]	Time 0.766s (0.866s)	Speed 41.8 samples/s	Data 0.001s (0.024s)	Loss 2.33851 (2.34274)
2022-11-24 14:35:17,981 Epoch: [6][160/200]	Time 0.760s (0.861s)	Speed 42.1 samples/s	Data 0.000s (0.023s)	Loss 2.33056 (2.34240)
2022-11-24 14:35:25,652 Epoch: [6][170/200]	Time 0.755s (0.855s)	Speed 42.4 samples/s	Data 0.000s (0.021s)	Loss 2.34066 (2.34234)
2022-11-24 14:35:33,342 Epoch: [6][180/200]	Time 0.791s (0.851s)	Speed 40.5 samples/s	Data 0.000s (0.020s)	Loss 2.35053 (2.34216)
2022-11-24 14:35:41,143 Epoch: [6][190/200]	Time 0.775s (0.847s)	Speed 41.3 samples/s	Data 0.000s (0.019s)	Loss 2.33893 (2.34209)
2022-11-24 14:35:50,863 Test: [0/200]	Time 2.366 (2.366)	Loss 2.2471 (2.2471)
2022-11-24 14:35:51,546 Test: [10/200]	Time 0.068 (0.277)	Loss 2.3585 (2.2791)
2022-11-24 14:35:52,286 Test: [20/200]	Time 0.063 (0.180)	Loss 2.3100 (2.2728)
2022-11-24 14:35:52,976 Test: [30/200]	Time 0.067 (0.144)	Loss 2.2202 (2.2696)
2022-11-24 14:35:53,647 Test: [40/200]	Time 0.066 (0.126)	Loss 2.2600 (2.2643)
2022-11-24 14:35:54,345 Test: [50/200]	Time 0.060 (0.115)	Loss 2.2364 (2.2629)
2022-11-24 14:35:55,037 Test: [60/200]	Time 0.069 (0.107)	Loss 2.2330 (2.2634)
2022-11-24 14:35:55,718 Test: [70/200]	Time 0.068 (0.102)	Loss 2.2621 (2.2635)
2022-11-24 14:35:56,460 Test: [80/200]	Time 0.066 (0.098)	Loss 2.2431 (2.2658)
2022-11-24 14:35:57,181 Test: [90/200]	Time 0.070 (0.095)	Loss 2.2285 (2.2645)
2022-11-24 14:35:57,883 Test: [100/200]	Time 0.065 (0.093)	Loss 2.2244 (2.2648)
2022-11-24 14:35:58,597 Test: [110/200]	Time 0.085 (0.091)	Loss 2.2378 (2.2646)
2022-11-24 14:35:59,434 Test: [120/200]	Time 0.067 (0.090)	Loss 2.2295 (2.2655)
2022-11-24 14:36:00,139 Test: [130/200]	Time 0.069 (0.089)	Loss 2.2737 (2.2642)
2022-11-24 14:36:00,816 Test: [140/200]	Time 0.064 (0.087)	Loss 2.2711 (2.2647)
2022-11-24 14:36:01,525 Test: [150/200]	Time 0.073 (0.086)	Loss 2.2612 (2.2654)
2022-11-24 14:36:02,244 Test: [160/200]	Time 0.064 (0.085)	Loss 2.2678 (2.2656)
2022-11-24 14:36:02,954 Test: [170/200]	Time 0.066 (0.085)	Loss 2.2999 (2.2663)
2022-11-24 14:36:03,658 Test: [180/200]	Time 0.071 (0.084)	Loss 2.3061 (2.2672)
2022-11-24 14:36:04,348 Test: [190/200]	Time 0.063 (0.083)	Loss 2.2766 (2.2667)
2022-11-24 14:36:06,813 Mean IoU score: 0.281
2022-11-24 14:36:06,815 => saving checkpoint to out
2022-11-24 14:36:11,418 Epoch: [7][0/200]	Time 4.544s (4.544s)	Speed 7.0 samples/s	Data 3.523s (3.523s)	Loss 2.34079 (2.34079)
2022-11-24 14:36:19,225 Epoch: [7][10/200]	Time 0.780s (1.123s)	Speed 41.0 samples/s	Data 0.001s (0.321s)	Loss 2.33958 (2.34167)
2022-11-24 14:36:26,872 Epoch: [7][20/200]	Time 0.727s (0.952s)	Speed 44.0 samples/s	Data 0.000s (0.169s)	Loss 2.33583 (2.34056)
2022-11-24 14:36:35,895 Epoch: [7][30/200]	Time 0.851s (0.936s)	Speed 37.6 samples/s	Data 0.000s (0.115s)	Loss 2.33785 (2.34043)
2022-11-24 14:36:43,742 Epoch: [7][40/200]	Time 0.803s (0.899s)	Speed 39.8 samples/s	Data 0.001s (0.087s)	Loss 2.34682 (2.34062)
2022-11-24 14:36:51,491 Epoch: [7][50/200]	Time 0.769s (0.875s)	Speed 41.6 samples/s	Data 0.000s (0.070s)	Loss 2.33900 (2.34109)
2022-11-24 14:36:59,183 Epoch: [7][60/200]	Time 0.788s (0.858s)	Speed 40.6 samples/s	Data 0.000s (0.059s)	Loss 2.34139 (2.34111)
2022-11-24 14:37:06,895 Epoch: [7][70/200]	Time 0.763s (0.845s)	Speed 42.0 samples/s	Data 0.001s (0.050s)	Loss 2.34566 (2.34168)
2022-11-24 14:37:14,596 Epoch: [7][80/200]	Time 0.768s (0.836s)	Speed 41.7 samples/s	Data 0.001s (0.044s)	Loss 2.34587 (2.34172)
2022-11-24 14:37:22,489 Epoch: [7][90/200]	Time 0.772s (0.831s)	Speed 41.5 samples/s	Data 0.000s (0.040s)	Loss 2.33660 (2.34202)
2022-11-24 14:37:30,231 Epoch: [7][100/200]	Time 0.789s (0.825s)	Speed 40.6 samples/s	Data 0.000s (0.036s)	Loss 2.33886 (2.34169)
2022-11-24 14:37:38,512 Epoch: [7][110/200]	Time 0.741s (0.826s)	Speed 43.2 samples/s	Data 0.000s (0.033s)	Loss 2.35115 (2.34184)
2022-11-24 14:37:46,384 Epoch: [7][120/200]	Time 0.944s (0.822s)	Speed 33.9 samples/s	Data 0.001s (0.030s)	Loss 2.34150 (2.34156)
2022-11-24 14:37:54,442 Epoch: [7][130/200]	Time 0.861s (0.821s)	Speed 37.2 samples/s	Data 0.001s (0.028s)	Loss 2.34367 (2.34161)
2022-11-24 14:38:02,106 Epoch: [7][140/200]	Time 0.774s (0.817s)	Speed 41.4 samples/s	Data 0.000s (0.026s)	Loss 2.33625 (2.34189)
2022-11-24 14:38:09,936 Epoch: [7][150/200]	Time 0.766s (0.815s)	Speed 41.8 samples/s	Data 0.001s (0.024s)	Loss 2.34538 (2.34212)
2022-11-24 14:38:17,943 Epoch: [7][160/200]	Time 0.759s (0.814s)	Speed 42.2 samples/s	Data 0.001s (0.023s)	Loss 2.33474 (2.34202)
2022-11-24 14:38:26,276 Epoch: [7][170/200]	Time 0.745s (0.815s)	Speed 43.0 samples/s	Data 0.001s (0.021s)	Loss 2.33918 (2.34187)
2022-11-24 14:38:34,493 Epoch: [7][180/200]	Time 0.848s (0.816s)	Speed 37.7 samples/s	Data 0.000s (0.020s)	Loss 2.35314 (2.34191)
2022-11-24 14:38:43,166 Epoch: [7][190/200]	Time 0.757s (0.818s)	Speed 42.3 samples/s	Data 0.000s (0.019s)	Loss 2.34653 (2.34179)
2022-11-24 14:38:53,230 Test: [0/200]	Time 2.517 (2.517)	Loss 2.2468 (2.2468)
2022-11-24 14:38:54,034 Test: [10/200]	Time 0.072 (0.302)	Loss 2.3584 (2.2784)
2022-11-24 14:38:54,718 Test: [20/200]	Time 0.064 (0.191)	Loss 2.3095 (2.2721)
2022-11-24 14:38:55,434 Test: [30/200]	Time 0.070 (0.152)	Loss 2.2195 (2.2690)
2022-11-24 14:38:56,197 Test: [40/200]	Time 0.066 (0.134)	Loss 2.2594 (2.2636)
2022-11-24 14:38:56,874 Test: [50/200]	Time 0.066 (0.121)	Loss 2.2359 (2.2622)
2022-11-24 14:38:57,560 Test: [60/200]	Time 0.064 (0.112)	Loss 2.2313 (2.2626)
2022-11-24 14:38:58,244 Test: [70/200]	Time 0.067 (0.106)	Loss 2.2614 (2.2628)
2022-11-24 14:38:58,976 Test: [80/200]	Time 0.080 (0.102)	Loss 2.2423 (2.2650)
2022-11-24 14:38:59,739 Test: [90/200]	Time 0.069 (0.099)	Loss 2.2278 (2.2637)
2022-11-24 14:39:00,470 Test: [100/200]	Time 0.069 (0.097)	Loss 2.2239 (2.2641)
2022-11-24 14:39:01,297 Test: [110/200]	Time 0.064 (0.095)	Loss 2.2360 (2.2638)
2022-11-24 14:39:02,030 Test: [120/200]	Time 0.079 (0.094)	Loss 2.2294 (2.2647)
2022-11-24 14:39:02,991 Test: [130/200]	Time 0.098 (0.094)	Loss 2.2728 (2.2634)
2022-11-24 14:39:03,933 Test: [140/200]	Time 0.077 (0.094)	Loss 2.2732 (2.2640)
2022-11-24 14:39:04,664 Test: [150/200]	Time 0.073 (0.092)	Loss 2.2603 (2.2647)
2022-11-24 14:39:05,400 Test: [160/200]	Time 0.072 (0.091)	Loss 2.2667 (2.2650)
2022-11-24 14:39:06,248 Test: [170/200]	Time 0.081 (0.091)	Loss 2.2993 (2.2656)
2022-11-24 14:39:06,996 Test: [180/200]	Time 0.084 (0.090)	Loss 2.3058 (2.2666)
2022-11-24 14:39:07,965 Test: [190/200]	Time 0.112 (0.090)	Loss 2.2761 (2.2660)
2022-11-24 14:39:10,766 Mean IoU score: 0.295
2022-11-24 14:39:10,781 => saving checkpoint to out
2022-11-24 14:39:15,562 Epoch: [8][0/200]	Time 4.727s (4.727s)	Speed 6.8 samples/s	Data 3.737s (3.737s)	Loss 2.34292 (2.34292)
2022-11-24 14:39:23,356 Epoch: [8][10/200]	Time 0.779s (1.138s)	Speed 41.1 samples/s	Data 0.000s (0.340s)	Loss 2.33776 (2.34125)
2022-11-24 14:39:31,169 Epoch: [8][20/200]	Time 0.781s (0.968s)	Speed 41.0 samples/s	Data 0.001s (0.179s)	Loss 2.34197 (2.34029)
2022-11-24 14:39:38,840 Epoch: [8][30/200]	Time 0.766s (0.903s)	Speed 41.8 samples/s	Data 0.001s (0.121s)	Loss 2.34460 (2.34116)
2022-11-24 14:39:46,540 Epoch: [8][40/200]	Time 0.739s (0.871s)	Speed 43.3 samples/s	Data 0.001s (0.092s)	Loss 2.34845 (2.34111)
2022-11-24 14:39:54,288 Epoch: [8][50/200]	Time 0.787s (0.852s)	Speed 40.7 samples/s	Data 0.000s (0.074s)	Loss 2.33808 (2.34062)
2022-11-24 14:40:02,003 Epoch: [8][60/200]	Time 0.755s (0.839s)	Speed 42.4 samples/s	Data 0.001s (0.062s)	Loss 2.33810 (2.34096)
2022-11-24 14:40:09,664 Epoch: [8][70/200]	Time 0.762s (0.829s)	Speed 42.0 samples/s	Data 0.000s (0.053s)	Loss 2.33852 (2.34143)
2022-11-24 14:40:17,319 Epoch: [8][80/200]	Time 0.789s (0.821s)	Speed 40.6 samples/s	Data 0.001s (0.047s)	Loss 2.35285 (2.34165)
2022-11-24 14:40:25,099 Epoch: [8][90/200]	Time 0.760s (0.816s)	Speed 42.1 samples/s	Data 0.001s (0.042s)	Loss 2.34930 (2.34216)
2022-11-24 14:40:33,693 Epoch: [8][100/200]	Time 0.767s (0.820s)	Speed 41.7 samples/s	Data 0.001s (0.038s)	Loss 2.33884 (2.34211)
2022-11-24 14:40:41,939 Epoch: [8][110/200]	Time 0.801s (0.821s)	Speed 39.9 samples/s	Data 0.000s (0.034s)	Loss 2.33437 (2.34186)
2022-11-24 14:40:50,809 Epoch: [8][120/200]	Time 0.806s (0.826s)	Speed 39.7 samples/s	Data 0.000s (0.032s)	Loss 2.34000 (2.34160)
2022-11-24 14:40:59,057 Epoch: [8][130/200]	Time 0.776s (0.826s)	Speed 41.2 samples/s	Data 0.001s (0.029s)	Loss 2.35120 (2.34148)
2022-11-24 14:41:07,279 Epoch: [8][140/200]	Time 0.834s (0.826s)	Speed 38.4 samples/s	Data 0.001s (0.027s)	Loss 2.33606 (2.34137)
2022-11-24 14:41:15,391 Epoch: [8][150/200]	Time 0.764s (0.825s)	Speed 41.9 samples/s	Data 0.001s (0.026s)	Loss 2.35303 (2.34162)
2022-11-24 14:41:23,339 Epoch: [8][160/200]	Time 0.783s (0.823s)	Speed 40.9 samples/s	Data 0.000s (0.024s)	Loss 2.33863 (2.34165)
2022-11-24 14:41:31,039 Epoch: [8][170/200]	Time 0.753s (0.820s)	Speed 42.5 samples/s	Data 0.001s (0.023s)	Loss 2.34527 (2.34173)
2022-11-24 14:41:38,874 Epoch: [8][180/200]	Time 0.734s (0.818s)	Speed 43.6 samples/s	Data 0.000s (0.021s)	Loss 2.33659 (2.34164)
2022-11-24 14:41:46,534 Epoch: [8][190/200]	Time 0.760s (0.815s)	Speed 42.1 samples/s	Data 0.001s (0.020s)	Loss 2.34072 (2.34172)
2022-11-24 14:41:56,129 Test: [0/200]	Time 2.347 (2.347)	Loss 2.2462 (2.2462)
2022-11-24 14:41:56,832 Test: [10/200]	Time 0.071 (0.277)	Loss 2.3582 (2.2782)
2022-11-24 14:41:57,518 Test: [20/200]	Time 0.058 (0.178)	Loss 2.3093 (2.2720)
2022-11-24 14:41:58,215 Test: [30/200]	Time 0.072 (0.143)	Loss 2.2201 (2.2688)
2022-11-24 14:41:58,893 Test: [40/200]	Time 0.067 (0.125)	Loss 2.2595 (2.2635)
2022-11-24 14:41:59,571 Test: [50/200]	Time 0.062 (0.113)	Loss 2.2334 (2.2620)
2022-11-24 14:42:00,285 Test: [60/200]	Time 0.067 (0.107)	Loss 2.2325 (2.2624)
2022-11-24 14:42:01,042 Test: [70/200]	Time 0.077 (0.102)	Loss 2.2615 (2.2627)
2022-11-24 14:42:01,768 Test: [80/200]	Time 0.069 (0.099)	Loss 2.2425 (2.2649)
2022-11-24 14:42:02,467 Test: [90/200]	Time 0.065 (0.095)	Loss 2.2300 (2.2637)
2022-11-24 14:42:03,257 Test: [100/200]	Time 0.083 (0.094)	Loss 2.2215 (2.2640)
2022-11-24 14:42:04,189 Test: [110/200]	Time 0.108 (0.094)	Loss 2.2369 (2.2638)
2022-11-24 14:42:05,088 Test: [120/200]	Time 0.063 (0.093)	Loss 2.2291 (2.2647)
2022-11-24 14:42:05,794 Test: [130/200]	Time 0.071 (0.092)	Loss 2.2732 (2.2633)
2022-11-24 14:42:06,542 Test: [140/200]	Time 0.069 (0.090)	Loss 2.2728 (2.2639)
2022-11-24 14:42:07,477 Test: [150/200]	Time 0.113 (0.091)	Loss 2.2605 (2.2646)
2022-11-24 14:42:08,267 Test: [160/200]	Time 0.074 (0.090)	Loss 2.2668 (2.2649)
2022-11-24 14:42:09,018 Test: [170/200]	Time 0.071 (0.089)	Loss 2.3003 (2.2655)
2022-11-24 14:42:09,707 Test: [180/200]	Time 0.063 (0.088)	Loss 2.3065 (2.2665)
2022-11-24 14:42:10,496 Test: [190/200]	Time 0.070 (0.087)	Loss 2.2761 (2.2659)
2022-11-24 14:42:13,046 Mean IoU score: 0.297
2022-11-24 14:42:13,047 => saving checkpoint to out
2022-11-24 14:42:17,654 Epoch: [9][0/200]	Time 4.548s (4.548s)	Speed 7.0 samples/s	Data 3.600s (3.600s)	Loss 2.34122 (2.34122)
2022-11-24 14:42:25,622 Epoch: [9][10/200]	Time 0.892s (1.138s)	Speed 35.9 samples/s	Data 0.000s (0.328s)	Loss 2.34013 (2.34224)
2022-11-24 14:42:34,109 Epoch: [9][20/200]	Time 0.836s (1.000s)	Speed 38.3 samples/s	Data 0.001s (0.172s)	Loss 2.32746 (2.34135)
2022-11-24 14:42:42,142 Epoch: [9][30/200]	Time 0.782s (0.937s)	Speed 40.9 samples/s	Data 0.000s (0.117s)	Loss 2.34106 (2.34102)
2022-11-24 14:42:49,753 Epoch: [9][40/200]	Time 0.719s (0.894s)	Speed 44.5 samples/s	Data 0.000s (0.089s)	Loss 2.33819 (2.34033)
2022-11-24 14:42:57,432 Epoch: [9][50/200]	Time 0.788s (0.869s)	Speed 40.6 samples/s	Data 0.001s (0.071s)	Loss 2.35748 (2.34119)
2022-11-24 14:43:05,059 Epoch: [9][60/200]	Time 0.743s (0.852s)	Speed 43.1 samples/s	Data 0.000s (0.060s)	Loss 2.33459 (2.34140)
2022-11-24 14:43:13,324 Epoch: [9][70/200]	Time 0.804s (0.848s)	Speed 39.8 samples/s	Data 0.001s (0.051s)	Loss 2.34463 (2.34155)
2022-11-24 14:43:21,240 Epoch: [9][80/200]	Time 0.783s (0.841s)	Speed 40.9 samples/s	Data 0.000s (0.045s)	Loss 2.35016 (2.34148)
2022-11-24 14:43:29,022 Epoch: [9][90/200]	Time 0.761s (0.834s)	Speed 42.0 samples/s	Data 0.000s (0.040s)	Loss 2.34122 (2.34167)
2022-11-24 14:43:36,671 Epoch: [9][100/200]	Time 0.770s (0.827s)	Speed 41.6 samples/s	Data 0.001s (0.036s)	Loss 2.32409 (2.34144)
2022-11-24 14:43:45,293 Epoch: [9][110/200]	Time 0.768s (0.831s)	Speed 41.7 samples/s	Data 0.000s (0.033s)	Loss 2.33480 (2.34145)
2022-11-24 14:43:53,044 Epoch: [9][120/200]	Time 0.780s (0.826s)	Speed 41.0 samples/s	Data 0.000s (0.030s)	Loss 2.34115 (2.34165)
2022-11-24 14:44:00,734 Epoch: [9][130/200]	Time 0.748s (0.822s)	Speed 42.8 samples/s	Data 0.000s (0.028s)	Loss 2.35340 (2.34147)
2022-11-24 14:44:08,842 Epoch: [9][140/200]	Time 0.734s (0.821s)	Speed 43.6 samples/s	Data 0.000s (0.026s)	Loss 2.33718 (2.34139)
2022-11-24 14:44:17,410 Epoch: [9][150/200]	Time 0.848s (0.823s)	Speed 37.8 samples/s	Data 0.001s (0.025s)	Loss 2.34513 (2.34137)
2022-11-24 14:44:25,222 Epoch: [9][160/200]	Time 0.754s (0.821s)	Speed 42.4 samples/s	Data 0.000s (0.023s)	Loss 2.34552 (2.34138)
2022-11-24 14:44:32,919 Epoch: [9][170/200]	Time 0.763s (0.818s)	Speed 41.9 samples/s	Data 0.001s (0.022s)	Loss 2.33838 (2.34155)
2022-11-24 14:44:40,536 Epoch: [9][180/200]	Time 0.769s (0.815s)	Speed 41.6 samples/s	Data 0.001s (0.021s)	Loss 2.34724 (2.34152)
2022-11-24 14:44:48,430 Epoch: [9][190/200]	Time 0.754s (0.813s)	Speed 42.4 samples/s	Data 0.001s (0.020s)	Loss 2.35412 (2.34167)
2022-11-24 14:44:58,030 Test: [0/200]	Time 2.339 (2.339)	Loss 2.2459 (2.2459)
2022-11-24 14:44:58,696 Test: [10/200]	Time 0.062 (0.273)	Loss 2.3579 (2.2779)
2022-11-24 14:44:59,386 Test: [20/200]	Time 0.061 (0.176)	Loss 2.3093 (2.2717)
2022-11-24 14:45:00,071 Test: [30/200]	Time 0.079 (0.141)	Loss 2.2196 (2.2686)
2022-11-24 14:45:00,761 Test: [40/200]	Time 0.061 (0.124)	Loss 2.2592 (2.2633)
2022-11-24 14:45:01,469 Test: [50/200]	Time 0.070 (0.113)	Loss 2.2351 (2.2618)
2022-11-24 14:45:02,185 Test: [60/200]	Time 0.061 (0.106)	Loss 2.2310 (2.2623)
2022-11-24 14:45:02,857 Test: [70/200]	Time 0.072 (0.101)	Loss 2.2608 (2.2624)
2022-11-24 14:45:03,571 Test: [80/200]	Time 0.064 (0.097)	Loss 2.2417 (2.2647)
2022-11-24 14:45:04,270 Test: [90/200]	Time 0.067 (0.094)	Loss 2.2278 (2.2634)
2022-11-24 14:45:04,961 Test: [100/200]	Time 0.068 (0.092)	Loss 2.2225 (2.2637)
2022-11-24 14:45:05,656 Test: [110/200]	Time 0.067 (0.090)	Loss 2.2349 (2.2635)
2022-11-24 14:45:06,346 Test: [120/200]	Time 0.068 (0.088)	Loss 2.2278 (2.2643)
2022-11-24 14:45:07,057 Test: [130/200]	Time 0.077 (0.087)	Loss 2.2729 (2.2630)
2022-11-24 14:45:07,758 Test: [140/200]	Time 0.064 (0.086)	Loss 2.2707 (2.2636)
2022-11-24 14:45:08,443 Test: [150/200]	Time 0.065 (0.084)	Loss 2.2605 (2.2643)
2022-11-24 14:45:09,140 Test: [160/200]	Time 0.064 (0.084)	Loss 2.2664 (2.2646)
2022-11-24 14:45:09,810 Test: [170/200]	Time 0.070 (0.083)	Loss 2.2986 (2.2652)
2022-11-24 14:45:10,515 Test: [180/200]	Time 0.075 (0.082)	Loss 2.3054 (2.2662)
2022-11-24 14:45:11,393 Test: [190/200]	Time 0.081 (0.082)	Loss 2.2760 (2.2656)
2022-11-24 14:45:14,366 Mean IoU score: 0.299
2022-11-24 14:45:14,368 => saving checkpoint to out
2022-11-24 14:45:18,936 Epoch: [10][0/200]	Time 4.508s (4.508s)	Speed 7.1 samples/s	Data 3.485s (3.485s)	Loss 2.34898 (2.34898)
2022-11-24 14:45:26,755 Epoch: [10][10/200]	Time 0.751s (1.121s)	Speed 42.6 samples/s	Data 0.000s (0.317s)	Loss 2.34592 (2.34229)
2022-11-24 14:45:34,575 Epoch: [10][20/200]	Time 0.760s (0.959s)	Speed 42.1 samples/s	Data 0.000s (0.166s)	Loss 2.33495 (2.34302)
2022-11-24 14:45:42,509 Epoch: [10][30/200]	Time 0.767s (0.906s)	Speed 41.7 samples/s	Data 0.001s (0.113s)	Loss 2.34568 (2.34255)
2022-11-24 14:45:50,476 Epoch: [10][40/200]	Time 0.938s (0.879s)	Speed 34.1 samples/s	Data 0.000s (0.086s)	Loss 2.34558 (2.34160)
2022-11-24 14:45:58,296 Epoch: [10][50/200]	Time 0.791s (0.860s)	Speed 40.5 samples/s	Data 0.000s (0.069s)	Loss 2.33562 (2.34180)
2022-11-24 14:46:06,980 Epoch: [10][60/200]	Time 0.848s (0.862s)	Speed 37.7 samples/s	Data 0.001s (0.058s)	Loss 2.32844 (2.34164)
2022-11-24 14:46:15,386 Epoch: [10][70/200]	Time 0.817s (0.859s)	Speed 39.2 samples/s	Data 0.000s (0.050s)	Loss 2.34595 (2.34172)
2022-11-24 14:46:23,760 Epoch: [10][80/200]	Time 0.832s (0.856s)	Speed 38.5 samples/s	Data 0.001s (0.044s)	Loss 2.33884 (2.34177)
2022-11-24 14:46:31,983 Epoch: [10][90/200]	Time 0.751s (0.852s)	Speed 42.6 samples/s	Data 0.001s (0.039s)	Loss 2.34835 (2.34198)
2022-11-24 14:46:39,781 Epoch: [10][100/200]	Time 0.765s (0.845s)	Speed 41.8 samples/s	Data 0.000s (0.035s)	Loss 2.34069 (2.34176)
2022-11-24 14:46:47,607 Epoch: [10][110/200]	Time 0.762s (0.839s)	Speed 42.0 samples/s	Data 0.000s (0.032s)	Loss 2.34918 (2.34176)
2022-11-24 14:46:55,379 Epoch: [10][120/200]	Time 0.795s (0.834s)	Speed 40.3 samples/s	Data 0.001s (0.029s)	Loss 2.33519 (2.34131)
2022-11-24 14:47:03,169 Epoch: [10][130/200]	Time 0.785s (0.830s)	Speed 40.8 samples/s	Data 0.001s (0.027s)	Loss 2.33726 (2.34134)
2022-11-24 14:47:10,864 Epoch: [10][140/200]	Time 0.748s (0.826s)	Speed 42.8 samples/s	Data 0.000s (0.025s)	Loss 2.34114 (2.34129)
2022-11-24 14:47:18,510 Epoch: [10][150/200]	Time 0.775s (0.822s)	Speed 41.3 samples/s	Data 0.001s (0.024s)	Loss 2.33827 (2.34130)
2022-11-24 14:47:26,306 Epoch: [10][160/200]	Time 0.784s (0.819s)	Speed 40.8 samples/s	Data 0.000s (0.022s)	Loss 2.34344 (2.34128)
2022-11-24 14:47:34,012 Epoch: [10][170/200]	Time 0.776s (0.816s)	Speed 41.2 samples/s	Data 0.001s (0.021s)	Loss 2.33417 (2.34117)
2022-11-24 14:47:41,960 Epoch: [10][180/200]	Time 0.776s (0.815s)	Speed 41.2 samples/s	Data 0.000s (0.020s)	Loss 2.34392 (2.34138)
2022-11-24 14:47:50,808 Epoch: [10][190/200]	Time 0.870s (0.819s)	Speed 36.8 samples/s	Data 0.001s (0.019s)	Loss 2.33811 (2.34139)
2022-11-24 14:48:00,403 Test: [0/200]	Time 2.251 (2.251)	Loss 2.2482 (2.2482)
2022-11-24 14:48:01,071 Test: [10/200]	Time 0.067 (0.265)	Loss 2.3583 (2.2782)
2022-11-24 14:48:01,738 Test: [20/200]	Time 0.060 (0.171)	Loss 2.3094 (2.2720)
2022-11-24 14:48:02,403 Test: [30/200]	Time 0.066 (0.137)	Loss 2.2192 (2.2688)
2022-11-24 14:48:03,064 Test: [40/200]	Time 0.064 (0.120)	Loss 2.2590 (2.2635)
2022-11-24 14:48:03,757 Test: [50/200]	Time 0.061 (0.110)	Loss 2.2339 (2.2620)
2022-11-24 14:48:04,420 Test: [60/200]	Time 0.066 (0.103)	Loss 2.2323 (2.2624)
2022-11-24 14:48:05,074 Test: [70/200]	Time 0.065 (0.097)	Loss 2.2607 (2.2626)
2022-11-24 14:48:05,727 Test: [80/200]	Time 0.062 (0.094)	Loss 2.2417 (2.2648)
2022-11-24 14:48:06,381 Test: [90/200]	Time 0.065 (0.090)	Loss 2.2279 (2.2635)
2022-11-24 14:48:07,043 Test: [100/200]	Time 0.064 (0.088)	Loss 2.2228 (2.2638)
2022-11-24 14:48:07,706 Test: [110/200]	Time 0.065 (0.086)	Loss 2.2336 (2.2635)
2022-11-24 14:48:08,361 Test: [120/200]	Time 0.062 (0.084)	Loss 2.2282 (2.2644)
2022-11-24 14:48:09,041 Test: [130/200]	Time 0.063 (0.083)	Loss 2.2731 (2.2631)
2022-11-24 14:48:09,698 Test: [140/200]	Time 0.061 (0.082)	Loss 2.2705 (2.2636)
2022-11-24 14:48:10,354 Test: [150/200]	Time 0.067 (0.081)	Loss 2.2606 (2.2644)
2022-11-24 14:48:11,085 Test: [160/200]	Time 0.063 (0.080)	Loss 2.2663 (2.2647)
2022-11-24 14:48:11,750 Test: [170/200]	Time 0.062 (0.080)	Loss 2.2989 (2.2653)
2022-11-24 14:48:12,428 Test: [180/200]	Time 0.065 (0.079)	Loss 2.3051 (2.2663)
2022-11-24 14:48:13,091 Test: [190/200]	Time 0.063 (0.078)	Loss 2.2759 (2.2657)
2022-11-24 14:48:15,400 Mean IoU score: 0.310
2022-11-24 14:48:15,402 => saving checkpoint to out
2022-11-24 14:48:19,947 Epoch: [11][0/200]	Time 4.485s (4.485s)	Speed 7.1 samples/s	Data 3.457s (3.457s)	Loss 2.34179 (2.34179)
2022-11-24 14:48:28,960 Epoch: [11][10/200]	Time 0.737s (1.227s)	Speed 43.4 samples/s	Data 0.000s (0.315s)	Loss 2.33714 (2.34259)
2022-11-24 14:48:37,214 Epoch: [11][20/200]	Time 0.742s (1.036s)	Speed 43.1 samples/s	Data 0.000s (0.165s)	Loss 2.33749 (2.34287)
2022-11-24 14:48:44,822 Epoch: [11][30/200]	Time 0.733s (0.947s)	Speed 43.7 samples/s	Data 0.000s (0.112s)	Loss 2.34315 (2.34273)
2022-11-24 14:48:52,417 Epoch: [11][40/200]	Time 0.752s (0.901s)	Speed 42.6 samples/s	Data 0.000s (0.085s)	Loss 2.33370 (2.34234)
2022-11-24 14:49:00,226 Epoch: [11][50/200]	Time 0.790s (0.878s)	Speed 40.5 samples/s	Data 0.001s (0.068s)	Loss 2.34104 (2.34206)
2022-11-24 14:49:07,843 Epoch: [11][60/200]	Time 0.732s (0.859s)	Speed 43.7 samples/s	Data 0.000s (0.057s)	Loss 2.34078 (2.34208)
2022-11-24 14:49:15,469 Epoch: [11][70/200]	Time 0.745s (0.845s)	Speed 43.0 samples/s	Data 0.000s (0.049s)	Loss 2.33984 (2.34215)
2022-11-24 14:49:23,104 Epoch: [11][80/200]	Time 0.769s (0.835s)	Speed 41.6 samples/s	Data 0.001s (0.043s)	Loss 2.34598 (2.34233)
2022-11-24 14:49:30,751 Epoch: [11][90/200]	Time 0.727s (0.827s)	Speed 44.0 samples/s	Data 0.001s (0.039s)	Loss 2.33279 (2.34218)
2022-11-24 14:49:38,399 Epoch: [11][100/200]	Time 0.758s (0.821s)	Speed 42.2 samples/s	Data 0.001s (0.035s)	Loss 2.34019 (2.34194)
2022-11-24 14:49:46,114 Epoch: [11][110/200]	Time 0.807s (0.817s)	Speed 39.7 samples/s	Data 0.000s (0.032s)	Loss 2.33247 (2.34214)
2022-11-24 14:49:53,748 Epoch: [11][120/200]	Time 0.734s (0.812s)	Speed 43.6 samples/s	Data 0.001s (0.029s)	Loss 2.34510 (2.34216)
2022-11-24 14:50:01,403 Epoch: [11][130/200]	Time 0.762s (0.809s)	Speed 42.0 samples/s	Data 0.000s (0.027s)	Loss 2.34195 (2.34208)
2022-11-24 14:50:09,089 Epoch: [11][140/200]	Time 0.774s (0.806s)	Speed 41.3 samples/s	Data 0.000s (0.025s)	Loss 2.32838 (2.34165)
2022-11-24 14:50:16,719 Epoch: [11][150/200]	Time 0.747s (0.803s)	Speed 42.8 samples/s	Data 0.001s (0.024s)	Loss 2.33302 (2.34173)
2022-11-24 14:50:24,423 Epoch: [11][160/200]	Time 0.758s (0.801s)	Speed 42.2 samples/s	Data 0.001s (0.022s)	Loss 2.33771 (2.34160)
2022-11-24 14:50:32,145 Epoch: [11][170/200]	Time 0.797s (0.799s)	Speed 40.2 samples/s	Data 0.001s (0.021s)	Loss 2.33641 (2.34139)
2022-11-24 14:50:39,782 Epoch: [11][180/200]	Time 0.699s (0.797s)	Speed 45.8 samples/s	Data 0.001s (0.020s)	Loss 2.34441 (2.34140)
2022-11-24 14:50:47,402 Epoch: [11][190/200]	Time 0.745s (0.795s)	Speed 42.9 samples/s	Data 0.000s (0.019s)	Loss 2.34296 (2.34147)
2022-11-24 14:50:57,145 Test: [0/200]	Time 2.271 (2.271)	Loss 2.2453 (2.2453)
2022-11-24 14:50:57,803 Test: [10/200]	Time 0.061 (0.266)	Loss 2.3578 (2.2776)
2022-11-24 14:50:58,470 Test: [20/200]	Time 0.070 (0.171)	Loss 2.3091 (2.2714)
2022-11-24 14:50:59,136 Test: [30/200]	Time 0.067 (0.137)	Loss 2.2190 (2.2682)
2022-11-24 14:50:59,814 Test: [40/200]	Time 0.064 (0.121)	Loss 2.2592 (2.2629)
2022-11-24 14:51:00,488 Test: [50/200]	Time 0.068 (0.110)	Loss 2.2333 (2.2615)
2022-11-24 14:51:01,155 Test: [60/200]	Time 0.064 (0.103)	Loss 2.2316 (2.2619)
2022-11-24 14:51:01,827 Test: [70/200]	Time 0.073 (0.098)	Loss 2.2615 (2.2621)
2022-11-24 14:51:02,492 Test: [80/200]	Time 0.071 (0.094)	Loss 2.2419 (2.2644)
2022-11-24 14:51:03,147 Test: [90/200]	Time 0.060 (0.091)	Loss 2.2269 (2.2631)
2022-11-24 14:51:03,814 Test: [100/200]	Time 0.061 (0.088)	Loss 2.2213 (2.2634)
2022-11-24 14:51:04,461 Test: [110/200]	Time 0.060 (0.086)	Loss 2.2339 (2.2632)
2022-11-24 14:51:05,133 Test: [120/200]	Time 0.063 (0.085)	Loss 2.2282 (2.2641)
2022-11-24 14:51:05,812 Test: [130/200]	Time 0.063 (0.083)	Loss 2.2724 (2.2628)
2022-11-24 14:51:06,463 Test: [140/200]	Time 0.062 (0.082)	Loss 2.2717 (2.2633)
2022-11-24 14:51:07,116 Test: [150/200]	Time 0.069 (0.081)	Loss 2.2603 (2.2641)
2022-11-24 14:51:07,782 Test: [160/200]	Time 0.067 (0.080)	Loss 2.2661 (2.2643)
2022-11-24 14:51:08,460 Test: [170/200]	Time 0.066 (0.079)	Loss 2.3001 (2.2650)
2022-11-24 14:51:09,110 Test: [180/200]	Time 0.059 (0.079)	Loss 2.3055 (2.2660)
2022-11-24 14:51:09,802 Test: [190/200]	Time 0.074 (0.078)	Loss 2.2758 (2.2654)
2022-11-24 14:51:12,137 Mean IoU score: 0.313
2022-11-24 14:51:12,152 => saving checkpoint to out
2022-11-24 14:51:16,648 Epoch: [12][0/200]	Time 4.453s (4.453s)	Speed 7.2 samples/s	Data 3.451s (3.451s)	Loss 2.33578 (2.33578)
2022-11-24 14:51:24,940 Epoch: [12][10/200]	Time 0.876s (1.159s)	Speed 36.5 samples/s	Data 0.001s (0.314s)	Loss 2.32990 (2.33637)
2022-11-24 14:51:33,660 Epoch: [12][20/200]	Time 0.818s (1.022s)	Speed 39.1 samples/s	Data 0.001s (0.165s)	Loss 2.33625 (2.33887)
2022-11-24 14:51:41,494 Epoch: [12][30/200]	Time 0.769s (0.945s)	Speed 41.6 samples/s	Data 0.000s (0.112s)	Loss 2.33904 (2.33949)
2022-11-24 14:51:49,188 Epoch: [12][40/200]	Time 0.781s (0.902s)	Speed 41.0 samples/s	Data 0.001s (0.085s)	Loss 2.33867 (2.33969)
2022-11-24 14:51:56,853 Epoch: [12][50/200]	Time 0.748s (0.876s)	Speed 42.8 samples/s	Data 0.000s (0.068s)	Loss 2.34470 (2.34026)
2022-11-24 14:52:04,548 Epoch: [12][60/200]	Time 0.759s (0.858s)	Speed 42.1 samples/s	Data 0.001s (0.057s)	Loss 2.34681 (2.34031)
2022-11-24 14:52:12,212 Epoch: [12][70/200]	Time 0.797s (0.845s)	Speed 40.2 samples/s	Data 0.001s (0.049s)	Loss 2.34215 (2.34067)
2022-11-24 14:52:19,868 Epoch: [12][80/200]	Time 0.759s (0.835s)	Speed 42.2 samples/s	Data 0.000s (0.043s)	Loss 2.33843 (2.34063)
2022-11-24 14:52:27,501 Epoch: [12][90/200]	Time 0.732s (0.828s)	Speed 43.7 samples/s	Data 0.000s (0.039s)	Loss 2.34653 (2.34062)
2022-11-24 14:52:35,196 Epoch: [12][100/200]	Time 0.771s (0.822s)	Speed 41.5 samples/s	Data 0.000s (0.035s)	Loss 2.34595 (2.34093)
2022-11-24 14:52:42,720 Epoch: [12][110/200]	Time 0.726s (0.816s)	Speed 44.1 samples/s	Data 0.000s (0.032s)	Loss 2.34805 (2.34102)
2022-11-24 14:52:50,377 Epoch: [12][120/200]	Time 0.755s (0.811s)	Speed 42.4 samples/s	Data 0.000s (0.029s)	Loss 2.34585 (2.34127)
2022-11-24 14:52:58,004 Epoch: [12][130/200]	Time 0.763s (0.808s)	Speed 41.9 samples/s	Data 0.001s (0.027s)	Loss 2.34027 (2.34117)
2022-11-24 14:53:05,691 Epoch: [12][140/200]	Time 0.777s (0.805s)	Speed 41.2 samples/s	Data 0.001s (0.025s)	Loss 2.34092 (2.34115)
2022-11-24 14:53:13,355 Epoch: [12][150/200]	Time 0.790s (0.802s)	Speed 40.5 samples/s	Data 0.001s (0.024s)	Loss 2.34173 (2.34110)
2022-11-24 14:53:21,149 Epoch: [12][160/200]	Time 0.832s (0.801s)	Speed 38.5 samples/s	Data 0.001s (0.022s)	Loss 2.33101 (2.34117)
2022-11-24 14:53:28,971 Epoch: [12][170/200]	Time 0.765s (0.800s)	Speed 41.8 samples/s	Data 0.000s (0.021s)	Loss 2.34498 (2.34104)
2022-11-24 14:53:36,779 Epoch: [12][180/200]	Time 0.724s (0.799s)	Speed 44.2 samples/s	Data 0.000s (0.020s)	Loss 2.35148 (2.34114)
2022-11-24 14:53:44,439 Epoch: [12][190/200]	Time 0.774s (0.797s)	Speed 41.3 samples/s	Data 0.000s (0.019s)	Loss 2.34887 (2.34126)
2022-11-24 14:53:53,985 Test: [0/200]	Time 2.276 (2.276)	Loss 2.2456 (2.2456)
2022-11-24 14:53:54,649 Test: [10/200]	Time 0.061 (0.267)	Loss 2.3579 (2.2777)
2022-11-24 14:53:55,299 Test: [20/200]	Time 0.068 (0.171)	Loss 2.3091 (2.2716)
2022-11-24 14:53:55,971 Test: [30/200]	Time 0.065 (0.137)	Loss 2.2184 (2.2685)
2022-11-24 14:53:56,645 Test: [40/200]	Time 0.060 (0.120)	Loss 2.2593 (2.2632)
2022-11-24 14:53:57,290 Test: [50/200]	Time 0.067 (0.109)	Loss 2.2333 (2.2617)
2022-11-24 14:53:57,951 Test: [60/200]	Time 0.064 (0.102)	Loss 2.2336 (2.2621)
2022-11-24 14:53:58,613 Test: [70/200]	Time 0.069 (0.097)	Loss 2.2608 (2.2623)
2022-11-24 14:53:59,270 Test: [80/200]	Time 0.068 (0.093)	Loss 2.2426 (2.2646)
2022-11-24 14:53:59,931 Test: [90/200]	Time 0.062 (0.090)	Loss 2.2283 (2.2633)
2022-11-24 14:54:00,624 Test: [100/200]	Time 0.070 (0.088)	Loss 2.2233 (2.2636)
2022-11-24 14:54:01,314 Test: [110/200]	Time 0.070 (0.087)	Loss 2.2357 (2.2634)
2022-11-24 14:54:01,957 Test: [120/200]	Time 0.060 (0.085)	Loss 2.2276 (2.2643)
2022-11-24 14:54:02,624 Test: [130/200]	Time 0.062 (0.083)	Loss 2.2730 (2.2629)
2022-11-24 14:54:03,296 Test: [140/200]	Time 0.063 (0.082)	Loss 2.2720 (2.2634)
2022-11-24 14:54:03,957 Test: [150/200]	Time 0.063 (0.081)	Loss 2.2601 (2.2642)
2022-11-24 14:54:04,619 Test: [160/200]	Time 0.064 (0.080)	Loss 2.2661 (2.2644)
2022-11-24 14:54:05,289 Test: [170/200]	Time 0.066 (0.079)	Loss 2.2997 (2.2651)
2022-11-24 14:54:05,962 Test: [180/200]	Time 0.063 (0.079)	Loss 2.3053 (2.2661)
2022-11-24 14:54:06,644 Test: [190/200]	Time 0.065 (0.078)	Loss 2.2757 (2.2655)
2022-11-24 14:54:08,925 Mean IoU score: 0.316
2022-11-24 14:54:08,927 => saving checkpoint to out
2022-11-24 14:54:13,559 Epoch: [13][0/200]	Time 4.570s (4.570s)	Speed 7.0 samples/s	Data 3.536s (3.536s)	Loss 2.35101 (2.35101)
2022-11-24 14:54:21,239 Epoch: [13][10/200]	Time 0.793s (1.114s)	Speed 40.4 samples/s	Data 0.001s (0.322s)	Loss 2.34377 (2.34024)
2022-11-24 14:54:29,503 Epoch: [13][20/200]	Time 0.773s (0.977s)	Speed 41.4 samples/s	Data 0.001s (0.169s)	Loss 2.34912 (2.34213)
2022-11-24 14:54:38,702 Epoch: [13][30/200]	Time 1.027s (0.959s)	Speed 31.2 samples/s	Data 0.001s (0.115s)	Loss 2.33986 (2.34138)
2022-11-24 14:54:47,299 Epoch: [13][40/200]	Time 0.774s (0.934s)	Speed 41.4 samples/s	Data 0.001s (0.087s)	Loss 2.33596 (2.34075)
2022-11-24 14:54:55,197 Epoch: [13][50/200]	Time 0.773s (0.906s)	Speed 41.4 samples/s	Data 0.001s (0.070s)	Loss 2.34041 (2.34126)
2022-11-24 14:55:02,894 Epoch: [13][60/200]	Time 0.725s (0.884s)	Speed 44.1 samples/s	Data 0.001s (0.059s)	Loss 2.33555 (2.34135)
2022-11-24 14:55:10,634 Epoch: [13][70/200]	Time 0.779s (0.868s)	Speed 41.1 samples/s	Data 0.001s (0.051s)	Loss 2.33520 (2.34172)
2022-11-24 14:55:18,415 Epoch: [13][80/200]	Time 0.783s (0.857s)	Speed 40.9 samples/s	Data 0.000s (0.045s)	Loss 2.34120 (2.34156)
2022-11-24 14:55:26,157 Epoch: [13][90/200]	Time 0.772s (0.848s)	Speed 41.5 samples/s	Data 0.001s (0.040s)	Loss 2.33399 (2.34139)
2022-11-24 14:55:34,338 Epoch: [13][100/200]	Time 0.893s (0.845s)	Speed 35.8 samples/s	Data 0.001s (0.036s)	Loss 2.35326 (2.34132)
2022-11-24 14:55:42,254 Epoch: [13][110/200]	Time 0.781s (0.840s)	Speed 41.0 samples/s	Data 0.001s (0.033s)	Loss 2.33413 (2.34115)
2022-11-24 14:55:50,015 Epoch: [13][120/200]	Time 0.764s (0.835s)	Speed 41.9 samples/s	Data 0.000s (0.030s)	Loss 2.33820 (2.34106)
2022-11-24 14:55:57,943 Epoch: [13][130/200]	Time 0.764s (0.832s)	Speed 41.9 samples/s	Data 0.000s (0.028s)	Loss 2.33094 (2.34105)
2022-11-24 14:56:05,782 Epoch: [13][140/200]	Time 0.791s (0.828s)	Speed 40.5 samples/s	Data 0.000s (0.026s)	Loss 2.33735 (2.34095)
2022-11-24 14:56:13,571 Epoch: [13][150/200]	Time 0.763s (0.825s)	Speed 41.9 samples/s	Data 0.000s (0.024s)	Loss 2.35005 (2.34114)
2022-11-24 14:56:21,275 Epoch: [13][160/200]	Time 0.778s (0.822s)	Speed 41.1 samples/s	Data 0.001s (0.023s)	Loss 2.34021 (2.34124)
2022-11-24 14:56:29,057 Epoch: [13][170/200]	Time 0.782s (0.819s)	Speed 40.9 samples/s	Data 0.001s (0.021s)	Loss 2.33845 (2.34115)
2022-11-24 14:56:36,909 Epoch: [13][180/200]	Time 0.749s (0.817s)	Speed 42.7 samples/s	Data 0.000s (0.020s)	Loss 2.34530 (2.34121)
2022-11-24 14:56:44,661 Epoch: [13][190/200]	Time 0.750s (0.815s)	Speed 42.7 samples/s	Data 0.001s (0.019s)	Loss 2.34267 (2.34132)
2022-11-24 14:56:54,470 Test: [0/200]	Time 2.353 (2.353)	Loss 2.2470 (2.2470)
2022-11-24 14:56:55,143 Test: [10/200]	Time 0.063 (0.275)	Loss 2.3579 (2.2778)
2022-11-24 14:56:55,827 Test: [20/200]	Time 0.060 (0.177)	Loss 2.3089 (2.2716)
2022-11-24 14:56:56,533 Test: [30/200]	Time 0.068 (0.142)	Loss 2.2190 (2.2683)
2022-11-24 14:56:57,221 Test: [40/200]	Time 0.061 (0.124)	Loss 2.2585 (2.2630)
2022-11-24 14:56:57,931 Test: [50/200]	Time 0.064 (0.114)	Loss 2.2343 (2.2615)
2022-11-24 14:56:58,607 Test: [60/200]	Time 0.061 (0.106)	Loss 2.2312 (2.2620)
2022-11-24 14:56:59,288 Test: [70/200]	Time 0.064 (0.101)	Loss 2.2609 (2.2621)
2022-11-24 14:56:59,977 Test: [80/200]	Time 0.069 (0.097)	Loss 2.2420 (2.2644)
2022-11-24 14:57:00,706 Test: [90/200]	Time 0.066 (0.094)	Loss 2.2285 (2.2631)
2022-11-24 14:57:01,402 Test: [100/200]	Time 0.063 (0.092)	Loss 2.2234 (2.2635)
2022-11-24 14:57:02,091 Test: [110/200]	Time 0.068 (0.090)	Loss 2.2359 (2.2632)
2022-11-24 14:57:02,774 Test: [120/200]	Time 0.069 (0.088)	Loss 2.2271 (2.2641)
2022-11-24 14:57:03,491 Test: [130/200]	Time 0.068 (0.087)	Loss 2.2728 (2.2628)
2022-11-24 14:57:04,195 Test: [140/200]	Time 0.061 (0.086)	Loss 2.2714 (2.2633)
2022-11-24 14:57:04,876 Test: [150/200]	Time 0.065 (0.084)	Loss 2.2596 (2.2640)
2022-11-24 14:57:05,564 Test: [160/200]	Time 0.062 (0.084)	Loss 2.2658 (2.2643)
2022-11-24 14:57:06,293 Test: [170/200]	Time 0.060 (0.083)	Loss 2.2996 (2.2650)
2022-11-24 14:57:06,964 Test: [180/200]	Time 0.066 (0.082)	Loss 2.3053 (2.2660)
2022-11-24 14:57:07,651 Test: [190/200]	Time 0.065 (0.081)	Loss 2.2755 (2.2654)
2022-11-24 14:57:09,962 Mean IoU score: 0.322
2022-11-24 14:57:09,963 => saving checkpoint to out
2022-11-24 14:57:14,448 Epoch: [14][0/200]	Time 4.422s (4.422s)	Speed 7.2 samples/s	Data 3.435s (3.435s)	Loss 2.34574 (2.34574)
2022-11-24 14:57:22,121 Epoch: [14][10/200]	Time 0.731s (1.100s)	Speed 43.8 samples/s	Data 0.001s (0.313s)	Loss 2.33742 (2.34212)
2022-11-24 14:57:29,867 Epoch: [14][20/200]	Time 0.745s (0.945s)	Speed 43.0 samples/s	Data 0.001s (0.164s)	Loss 2.34282 (2.34193)
2022-11-24 14:57:37,883 Epoch: [14][30/200]	Time 0.833s (0.899s)	Speed 38.4 samples/s	Data 0.000s (0.111s)	Loss 2.33809 (2.34249)
2022-11-24 14:57:45,917 Epoch: [14][40/200]	Time 0.795s (0.875s)	Speed 40.3 samples/s	Data 0.000s (0.084s)	Loss 2.34501 (2.34167)
2022-11-24 14:57:53,745 Epoch: [14][50/200]	Time 0.752s (0.857s)	Speed 42.6 samples/s	Data 0.001s (0.068s)	Loss 2.33232 (2.34126)
2022-11-24 14:58:01,701 Epoch: [14][60/200]	Time 0.882s (0.847s)	Speed 36.3 samples/s	Data 0.000s (0.057s)	Loss 2.34549 (2.34146)
2022-11-24 14:58:09,387 Epoch: [14][70/200]	Time 0.789s (0.836s)	Speed 40.6 samples/s	Data 0.000s (0.049s)	Loss 2.35274 (2.34134)
2022-11-24 14:58:17,112 Epoch: [14][80/200]	Time 0.772s (0.828s)	Speed 41.5 samples/s	Data 0.001s (0.043s)	Loss 2.33872 (2.34152)
2022-11-24 14:58:24,801 Epoch: [14][90/200]	Time 0.772s (0.822s)	Speed 41.5 samples/s	Data 0.000s (0.038s)	Loss 2.33967 (2.34128)
2022-11-24 14:58:32,539 Epoch: [14][100/200]	Time 0.780s (0.817s)	Speed 41.0 samples/s	Data 0.001s (0.035s)	Loss 2.33886 (2.34128)
2022-11-24 14:58:40,361 Epoch: [14][110/200]	Time 0.765s (0.814s)	Speed 41.8 samples/s	Data 0.000s (0.032s)	Loss 2.34956 (2.34104)
2022-11-24 14:58:47,949 Epoch: [14][120/200]	Time 0.749s (0.809s)	Speed 42.7 samples/s	Data 0.000s (0.029s)	Loss 2.33481 (2.34090)
2022-11-24 14:58:55,650 Epoch: [14][130/200]	Time 0.771s (0.806s)	Speed 41.5 samples/s	Data 0.001s (0.027s)	Loss 2.34998 (2.34103)
2022-11-24 14:59:03,355 Epoch: [14][140/200]	Time 0.779s (0.804s)	Speed 41.1 samples/s	Data 0.001s (0.025s)	Loss 2.35378 (2.34108)
2022-11-24 14:59:11,017 Epoch: [14][150/200]	Time 0.741s (0.801s)	Speed 43.2 samples/s	Data 0.001s (0.023s)	Loss 2.34316 (2.34123)
2022-11-24 14:59:18,750 Epoch: [14][160/200]	Time 0.778s (0.800s)	Speed 41.1 samples/s	Data 0.000s (0.022s)	Loss 2.34718 (2.34121)
2022-11-24 14:59:26,480 Epoch: [14][170/200]	Time 0.774s (0.798s)	Speed 41.3 samples/s	Data 0.001s (0.021s)	Loss 2.34098 (2.34112)
2022-11-24 14:59:34,355 Epoch: [14][180/200]	Time 0.815s (0.797s)	Speed 39.3 samples/s	Data 0.000s (0.020s)	Loss 2.33852 (2.34131)
2022-11-24 14:59:42,301 Epoch: [14][190/200]	Time 0.765s (0.797s)	Speed 41.8 samples/s	Data 0.001s (0.019s)	Loss 2.34554 (2.34134)
2022-11-24 14:59:51,778 Test: [0/200]	Time 2.199 (2.199)	Loss 2.2457 (2.2457)
2022-11-24 14:59:52,451 Test: [10/200]	Time 0.065 (0.261)	Loss 2.3579 (2.2774)
2022-11-24 14:59:53,126 Test: [20/200]	Time 0.068 (0.169)	Loss 2.3088 (2.2713)
2022-11-24 14:59:53,826 Test: [30/200]	Time 0.075 (0.137)	Loss 2.2190 (2.2682)
2022-11-24 14:59:54,546 Test: [40/200]	Time 0.059 (0.121)	Loss 2.2587 (2.2629)
2022-11-24 14:59:55,285 Test: [50/200]	Time 0.075 (0.112)	Loss 2.2370 (2.2615)
2022-11-24 14:59:56,046 Test: [60/200]	Time 0.069 (0.106)	Loss 2.2324 (2.2619)
2022-11-24 14:59:56,732 Test: [70/200]	Time 0.069 (0.101)	Loss 2.2602 (2.2621)
2022-11-24 14:59:57,403 Test: [80/200]	Time 0.056 (0.097)	Loss 2.2425 (2.2643)
2022-11-24 14:59:58,153 Test: [90/200]	Time 0.074 (0.094)	Loss 2.2271 (2.2630)
2022-11-24 14:59:58,957 Test: [100/200]	Time 0.072 (0.093)	Loss 2.2220 (2.2634)
2022-11-24 14:59:59,718 Test: [110/200]	Time 0.070 (0.091)	Loss 2.2352 (2.2631)
2022-11-24 15:00:00,406 Test: [120/200]	Time 0.066 (0.089)	Loss 2.2275 (2.2640)
2022-11-24 15:00:01,092 Test: [130/200]	Time 0.062 (0.088)	Loss 2.2721 (2.2627)
2022-11-24 15:00:01,770 Test: [140/200]	Time 0.066 (0.086)	Loss 2.2702 (2.2632)
2022-11-24 15:00:02,433 Test: [150/200]	Time 0.068 (0.085)	Loss 2.2599 (2.2639)
2022-11-24 15:00:03,108 Test: [160/200]	Time 0.061 (0.084)	Loss 2.2651 (2.2642)
2022-11-24 15:00:03,785 Test: [170/200]	Time 0.066 (0.083)	Loss 2.2985 (2.2649)
2022-11-24 15:00:04,481 Test: [180/200]	Time 0.069 (0.082)	Loss 2.3053 (2.2659)
2022-11-24 15:00:05,160 Test: [190/200]	Time 0.062 (0.082)	Loss 2.2752 (2.2653)
2022-11-24 15:00:07,444 Mean IoU score: 0.326
2022-11-24 15:00:07,445 => saving checkpoint to out
2022-11-24 15:00:11,926 Epoch: [15][0/200]	Time 4.416s (4.416s)	Speed 7.2 samples/s	Data 3.433s (3.433s)	Loss 2.35065 (2.35065)
2022-11-24 15:00:19,556 Epoch: [15][10/200]	Time 0.763s (1.095s)	Speed 41.9 samples/s	Data 0.000s (0.313s)	Loss 2.34205 (2.34297)
2022-11-24 15:00:27,270 Epoch: [15][20/200]	Time 0.769s (0.941s)	Speed 41.6 samples/s	Data 0.001s (0.164s)	Loss 2.34169 (2.34277)
2022-11-24 15:00:35,102 Epoch: [15][30/200]	Time 0.768s (0.890s)	Speed 41.7 samples/s	Data 0.001s (0.111s)	Loss 2.34162 (2.34222)
2022-11-24 15:00:43,027 Epoch: [15][40/200]	Time 0.731s (0.866s)	Speed 43.8 samples/s	Data 0.000s (0.084s)	Loss 2.33591 (2.34203)
2022-11-24 15:00:51,126 Epoch: [15][50/200]	Time 0.873s (0.855s)	Speed 36.7 samples/s	Data 0.001s (0.068s)	Loss 2.33705 (2.34199)
2022-11-24 15:00:59,361 Epoch: [15][60/200]	Time 0.763s (0.850s)	Speed 41.9 samples/s	Data 0.000s (0.057s)	Loss 2.33988 (2.34164)
2022-11-24 15:01:06,988 Epoch: [15][70/200]	Time 0.724s (0.838s)	Speed 44.2 samples/s	Data 0.000s (0.049s)	Loss 2.35373 (2.34171)
2022-11-24 15:01:14,597 Epoch: [15][80/200]	Time 0.750s (0.828s)	Speed 42.7 samples/s	Data 0.000s (0.043s)	Loss 2.33677 (2.34172)
2022-11-24 15:01:22,263 Epoch: [15][90/200]	Time 0.770s (0.821s)	Speed 41.6 samples/s	Data 0.000s (0.038s)	Loss 2.34465 (2.34162)
2022-11-24 15:01:29,980 Epoch: [15][100/200]	Time 0.823s (0.817s)	Speed 38.9 samples/s	Data 0.000s (0.035s)	Loss 2.33400 (2.34143)
2022-11-24 15:01:38,231 Epoch: [15][110/200]	Time 0.775s (0.817s)	Speed 41.3 samples/s	Data 0.001s (0.032s)	Loss 2.35393 (2.34129)
2022-11-24 15:01:45,694 Epoch: [15][120/200]	Time 0.778s (0.811s)	Speed 41.1 samples/s	Data 0.000s (0.029s)	Loss 2.33521 (2.34106)
2022-11-24 15:01:54,739 Epoch: [15][130/200]	Time 0.799s (0.819s)	Speed 40.1 samples/s	Data 0.002s (0.027s)	Loss 2.34365 (2.34121)
2022-11-24 15:02:02,986 Epoch: [15][140/200]	Time 0.729s (0.819s)	Speed 43.9 samples/s	Data 0.000s (0.025s)	Loss 2.32386 (2.34117)
2022-11-24 15:02:10,655 Epoch: [15][150/200]	Time 0.769s (0.816s)	Speed 41.6 samples/s	Data 0.000s (0.023s)	Loss 2.33365 (2.34103)
2022-11-24 15:02:18,239 Epoch: [15][160/200]	Time 0.757s (0.812s)	Speed 42.3 samples/s	Data 0.001s (0.022s)	Loss 2.34536 (2.34091)
2022-11-24 15:02:25,753 Epoch: [15][170/200]	Time 0.713s (0.808s)	Speed 44.9 samples/s	Data 0.000s (0.021s)	Loss 2.35387 (2.34100)
2022-11-24 15:02:33,380 Epoch: [15][180/200]	Time 0.769s (0.806s)	Speed 41.6 samples/s	Data 0.001s (0.020s)	Loss 2.34965 (2.34121)
2022-11-24 15:02:41,100 Epoch: [15][190/200]	Time 0.737s (0.804s)	Speed 43.4 samples/s	Data 0.001s (0.019s)	Loss 2.34712 (2.34134)
2022-11-24 15:02:50,535 Test: [0/200]	Time 2.209 (2.209)	Loss 2.2477 (2.2477)
2022-11-24 15:02:51,240 Test: [10/200]	Time 0.065 (0.265)	Loss 2.3579 (2.2793)
2022-11-24 15:02:51,929 Test: [20/200]	Time 0.076 (0.172)	Loss 2.3101 (2.2732)
2022-11-24 15:02:52,620 Test: [30/200]	Time 0.059 (0.139)	Loss 2.2240 (2.2700)
2022-11-24 15:02:53,288 Test: [40/200]	Time 0.058 (0.121)	Loss 2.2598 (2.2647)
2022-11-24 15:02:53,956 Test: [50/200]	Time 0.062 (0.110)	Loss 2.2386 (2.2633)
2022-11-24 15:02:54,619 Test: [60/200]	Time 0.059 (0.103)	Loss 2.2334 (2.2637)
2022-11-24 15:02:55,307 Test: [70/200]	Time 0.067 (0.098)	Loss 2.2623 (2.2639)
2022-11-24 15:02:56,001 Test: [80/200]	Time 0.064 (0.095)	Loss 2.2439 (2.2661)
2022-11-24 15:02:56,697 Test: [90/200]	Time 0.070 (0.092)	Loss 2.2305 (2.2649)
2022-11-24 15:02:57,382 Test: [100/200]	Time 0.061 (0.090)	Loss 2.2218 (2.2652)
2022-11-24 15:02:58,079 Test: [110/200]	Time 0.067 (0.088)	Loss 2.2353 (2.2650)
2022-11-24 15:02:58,848 Test: [120/200]	Time 0.067 (0.087)	Loss 2.2319 (2.2659)
2022-11-24 15:02:59,658 Test: [130/200]	Time 0.101 (0.087)	Loss 2.2755 (2.2646)
2022-11-24 15:03:00,567 Test: [140/200]	Time 0.061 (0.087)	Loss 2.2742 (2.2651)
2022-11-24 15:03:01,254 Test: [150/200]	Time 0.061 (0.086)	Loss 2.2622 (2.2659)
2022-11-24 15:03:01,929 Test: [160/200]	Time 0.069 (0.084)	Loss 2.2662 (2.2661)
2022-11-24 15:03:02,619 Test: [170/200]	Time 0.061 (0.084)	Loss 2.3040 (2.2668)
2022-11-24 15:03:03,315 Test: [180/200]	Time 0.065 (0.083)	Loss 2.3059 (2.2677)
2022-11-24 15:03:03,983 Test: [190/200]	Time 0.066 (0.082)	Loss 2.2769 (2.2671)
2022-11-24 15:03:06,342 Mean IoU score: 0.315
2022-11-24 15:03:06,358 => saving checkpoint to out
2022-11-24 15:03:10,954 Epoch: [16][0/200]	Time 4.559s (4.559s)	Speed 7.0 samples/s	Data 3.508s (3.508s)	Loss 2.34885 (2.34885)
2022-11-24 15:03:19,422 Epoch: [16][10/200]	Time 0.786s (1.184s)	Speed 40.7 samples/s	Data 0.000s (0.320s)	Loss 2.34997 (2.34224)
2022-11-24 15:03:27,115 Epoch: [16][20/200]	Time 0.756s (0.987s)	Speed 42.3 samples/s	Data 0.000s (0.168s)	Loss 2.34129 (2.33990)
2022-11-24 15:03:34,740 Epoch: [16][30/200]	Time 0.744s (0.914s)	Speed 43.0 samples/s	Data 0.000s (0.114s)	Loss 2.34027 (2.33990)
2022-11-24 15:03:42,529 Epoch: [16][40/200]	Time 0.794s (0.881s)	Speed 40.3 samples/s	Data 0.001s (0.086s)	Loss 2.34288 (2.34064)
2022-11-24 15:03:50,164 Epoch: [16][50/200]	Time 0.769s (0.858s)	Speed 41.6 samples/s	Data 0.000s (0.069s)	Loss 2.33685 (2.34076)
2022-11-24 15:03:58,142 Epoch: [16][60/200]	Time 0.791s (0.848s)	Speed 40.5 samples/s	Data 0.001s (0.058s)	Loss 2.33826 (2.34098)
2022-11-24 15:04:05,852 Epoch: [16][70/200]	Time 0.736s (0.837s)	Speed 43.5 samples/s	Data 0.000s (0.050s)	Loss 2.34395 (2.34116)
2022-11-24 15:04:13,456 Epoch: [16][80/200]	Time 0.786s (0.828s)	Speed 40.7 samples/s	Data 0.001s (0.044s)	Loss 2.35854 (2.34183)
2022-11-24 15:04:21,234 Epoch: [16][90/200]	Time 0.789s (0.822s)	Speed 40.6 samples/s	Data 0.000s (0.039s)	Loss 2.34367 (2.34147)
2022-11-24 15:04:28,862 Epoch: [16][100/200]	Time 0.734s (0.817s)	Speed 43.6 samples/s	Data 0.001s (0.035s)	Loss 2.33827 (2.34147)
2022-11-24 15:04:36,725 Epoch: [16][110/200]	Time 0.734s (0.814s)	Speed 43.6 samples/s	Data 0.001s (0.032s)	Loss 2.34790 (2.34152)
2022-11-24 15:04:44,643 Epoch: [16][120/200]	Time 0.785s (0.812s)	Speed 40.8 samples/s	Data 0.001s (0.030s)	Loss 2.33092 (2.34140)
2022-11-24 15:04:52,435 Epoch: [16][130/200]	Time 0.784s (0.809s)	Speed 40.8 samples/s	Data 0.001s (0.027s)	Loss 2.35183 (2.34174)
2022-11-24 15:05:00,239 Epoch: [16][140/200]	Time 0.811s (0.807s)	Speed 39.5 samples/s	Data 0.001s (0.026s)	Loss 2.33980 (2.34193)
2022-11-24 15:05:07,947 Epoch: [16][150/200]	Time 0.724s (0.805s)	Speed 44.2 samples/s	Data 0.001s (0.024s)	Loss 2.34162 (2.34199)
2022-11-24 15:05:15,706 Epoch: [16][160/200]	Time 0.783s (0.803s)	Speed 40.9 samples/s	Data 0.001s (0.023s)	Loss 2.34478 (2.34211)
2022-11-24 15:05:23,422 Epoch: [16][170/200]	Time 0.790s (0.801s)	Speed 40.5 samples/s	Data 0.001s (0.021s)	Loss 2.33737 (2.34210)
2022-11-24 15:05:31,086 Epoch: [16][180/200]	Time 0.770s (0.799s)	Speed 41.6 samples/s	Data 0.000s (0.020s)	Loss 2.34264 (2.34227)
2022-11-24 15:05:39,027 Epoch: [16][190/200]	Time 0.795s (0.799s)	Speed 40.3 samples/s	Data 0.001s (0.019s)	Loss 2.34265 (2.34227)
2022-11-24 15:05:49,795 Test: [0/200]	Time 3.433 (3.433)	Loss 2.2479 (2.2479)
2022-11-24 15:05:50,540 Test: [10/200]	Time 0.068 (0.380)	Loss 2.3582 (2.2787)
2022-11-24 15:05:51,251 Test: [20/200]	Time 0.065 (0.233)	Loss 2.3102 (2.2730)
2022-11-24 15:05:51,999 Test: [30/200]	Time 0.077 (0.182)	Loss 2.2229 (2.2698)
2022-11-24 15:05:52,754 Test: [40/200]	Time 0.066 (0.156)	Loss 2.2612 (2.2646)
2022-11-24 15:05:53,512 Test: [50/200]	Time 0.077 (0.140)	Loss 2.2363 (2.2632)
2022-11-24 15:05:54,262 Test: [60/200]	Time 0.066 (0.129)	Loss 2.2312 (2.2637)
2022-11-24 15:05:55,000 Test: [70/200]	Time 0.068 (0.122)	Loss 2.2615 (2.2638)
2022-11-24 15:05:55,707 Test: [80/200]	Time 0.062 (0.115)	Loss 2.2436 (2.2660)
2022-11-24 15:05:56,444 Test: [90/200]	Time 0.068 (0.111)	Loss 2.2294 (2.2647)
2022-11-24 15:05:57,171 Test: [100/200]	Time 0.067 (0.107)	Loss 2.2299 (2.2650)
2022-11-24 15:05:57,915 Test: [110/200]	Time 0.065 (0.104)	Loss 2.2374 (2.2648)
2022-11-24 15:05:58,614 Test: [120/200]	Time 0.073 (0.101)	Loss 2.2298 (2.2657)
2022-11-24 15:05:59,340 Test: [130/200]	Time 0.066 (0.099)	Loss 2.2744 (2.2644)
2022-11-24 15:06:00,131 Test: [140/200]	Time 0.082 (0.098)	Loss 2.2739 (2.2649)
2022-11-24 15:06:00,870 Test: [150/200]	Time 0.087 (0.096)	Loss 2.2614 (2.2656)
2022-11-24 15:06:01,647 Test: [160/200]	Time 0.080 (0.095)	Loss 2.2703 (2.2658)
2022-11-24 15:06:02,454 Test: [170/200]	Time 0.081 (0.094)	Loss 2.3001 (2.2665)
2022-11-24 15:06:03,380 Test: [180/200]	Time 0.078 (0.094)	Loss 2.3063 (2.2675)
2022-11-24 15:06:04,124 Test: [190/200]	Time 0.069 (0.093)	Loss 2.2762 (2.2669)
2022-11-24 15:06:06,606 Mean IoU score: 0.323
2022-11-24 15:06:06,607 => saving checkpoint to out
2022-11-24 15:06:11,936 Epoch: [17][0/200]	Time 5.262s (5.262s)	Speed 6.1 samples/s	Data 4.279s (4.279s)	Loss 2.34134 (2.34134)
2022-11-24 15:06:19,708 Epoch: [17][10/200]	Time 0.790s (1.185s)	Speed 40.5 samples/s	Data 0.001s (0.390s)	Loss 2.34301 (2.34333)
2022-11-24 15:06:27,462 Epoch: [17][20/200]	Time 0.787s (0.990s)	Speed 40.7 samples/s	Data 0.001s (0.204s)	Loss 2.34062 (2.34148)
2022-11-24 15:06:35,235 Epoch: [17][30/200]	Time 0.763s (0.921s)	Speed 41.9 samples/s	Data 0.001s (0.139s)	Loss 2.34396 (2.34131)
2022-11-24 15:06:43,073 Epoch: [17][40/200]	Time 0.771s (0.888s)	Speed 41.5 samples/s	Data 0.001s (0.105s)	Loss 2.34177 (2.34112)
2022-11-24 15:06:50,799 Epoch: [17][50/200]	Time 0.745s (0.865s)	Speed 42.9 samples/s	Data 0.001s (0.085s)	Loss 2.33824 (2.34101)
2022-11-24 15:06:58,532 Epoch: [17][60/200]	Time 0.791s (0.850s)	Speed 40.5 samples/s	Data 0.001s (0.071s)	Loss 2.33788 (2.34116)
2022-11-24 15:07:06,293 Epoch: [17][70/200]	Time 0.770s (0.840s)	Speed 41.6 samples/s	Data 0.001s (0.061s)	Loss 2.34508 (2.34120)
2022-11-24 15:07:14,021 Epoch: [17][80/200]	Time 0.777s (0.831s)	Speed 41.2 samples/s	Data 0.000s (0.054s)	Loss 2.33503 (2.34118)
2022-11-24 15:07:21,834 Epoch: [17][90/200]	Time 0.753s (0.826s)	Speed 42.5 samples/s	Data 0.002s (0.048s)	Loss 2.34341 (2.34113)
2022-11-24 15:07:29,607 Epoch: [17][100/200]	Time 0.820s (0.821s)	Speed 39.0 samples/s	Data 0.001s (0.043s)	Loss 2.34798 (2.34163)
2022-11-24 15:07:37,348 Epoch: [17][110/200]	Time 0.765s (0.817s)	Speed 41.8 samples/s	Data 0.001s (0.039s)	Loss 2.35283 (2.34164)
2022-11-24 15:07:45,136 Epoch: [17][120/200]	Time 0.772s (0.814s)	Speed 41.5 samples/s	Data 0.001s (0.036s)	Loss 2.34006 (2.34167)
2022-11-24 15:07:52,901 Epoch: [17][130/200]	Time 0.747s (0.811s)	Speed 42.8 samples/s	Data 0.001s (0.034s)	Loss 2.33905 (2.34166)
2022-11-24 15:08:00,723 Epoch: [17][140/200]	Time 0.819s (0.809s)	Speed 39.1 samples/s	Data 0.001s (0.031s)	Loss 2.34607 (2.34177)
2022-11-24 15:08:08,509 Epoch: [17][150/200]	Time 0.793s (0.807s)	Speed 40.3 samples/s	Data 0.000s (0.029s)	Loss 2.34617 (2.34175)
2022-11-24 15:08:16,185 Epoch: [17][160/200]	Time 0.748s (0.804s)	Speed 42.8 samples/s	Data 0.001s (0.028s)	Loss 2.34105 (2.34185)
2022-11-24 15:08:23,948 Epoch: [17][170/200]	Time 0.754s (0.803s)	Speed 42.4 samples/s	Data 0.001s (0.026s)	Loss 2.33839 (2.34169)
2022-11-24 15:08:31,664 Epoch: [17][180/200]	Time 0.744s (0.801s)	Speed 43.0 samples/s	Data 0.001s (0.025s)	Loss 2.34357 (2.34177)
2022-11-24 15:08:39,352 Epoch: [17][190/200]	Time 0.778s (0.799s)	Speed 41.1 samples/s	Data 0.001s (0.023s)	Loss 2.33715 (2.34173)
2022-11-24 15:08:50,147 Test: [0/200]	Time 3.391 (3.391)	Loss 2.2461 (2.2461)
2022-11-24 15:08:50,863 Test: [10/200]	Time 0.068 (0.373)	Loss 2.3577 (2.2786)
2022-11-24 15:08:51,602 Test: [20/200]	Time 0.069 (0.231)	Loss 2.3093 (2.2724)
2022-11-24 15:08:52,312 Test: [30/200]	Time 0.071 (0.179)	Loss 2.2223 (2.2693)
2022-11-24 15:08:53,061 Test: [40/200]	Time 0.064 (0.154)	Loss 2.2592 (2.2639)
2022-11-24 15:08:53,771 Test: [50/200]	Time 0.072 (0.138)	Loss 2.2380 (2.2625)
2022-11-24 15:08:54,489 Test: [60/200]	Time 0.079 (0.127)	Loss 2.2329 (2.2630)
2022-11-24 15:08:55,187 Test: [70/200]	Time 0.064 (0.119)	Loss 2.2604 (2.2632)
2022-11-24 15:08:55,925 Test: [80/200]	Time 0.089 (0.113)	Loss 2.2437 (2.2654)
2022-11-24 15:08:56,636 Test: [90/200]	Time 0.078 (0.109)	Loss 2.2314 (2.2640)
2022-11-24 15:08:57,324 Test: [100/200]	Time 0.055 (0.105)	Loss 2.2236 (2.2643)
2022-11-24 15:08:57,999 Test: [110/200]	Time 0.067 (0.101)	Loss 2.2345 (2.2641)
2022-11-24 15:08:58,680 Test: [120/200]	Time 0.073 (0.099)	Loss 2.2279 (2.2650)
2022-11-24 15:08:59,377 Test: [130/200]	Time 0.064 (0.096)	Loss 2.2736 (2.2636)
2022-11-24 15:09:00,067 Test: [140/200]	Time 0.076 (0.094)	Loss 2.2698 (2.2641)
2022-11-24 15:09:00,779 Test: [150/200]	Time 0.058 (0.093)	Loss 2.2602 (2.2649)
2022-11-24 15:09:01,494 Test: [160/200]	Time 0.063 (0.092)	Loss 2.2693 (2.2651)
2022-11-24 15:09:02,250 Test: [170/200]	Time 0.073 (0.091)	Loss 2.2986 (2.2658)
2022-11-24 15:09:02,955 Test: [180/200]	Time 0.066 (0.089)	Loss 2.3053 (2.2668)
2022-11-24 15:09:03,641 Test: [190/200]	Time 0.069 (0.088)	Loss 2.2756 (2.2662)
2022-11-24 15:09:06,183 Mean IoU score: 0.321
2022-11-24 15:09:06,184 => saving checkpoint to out
2022-11-24 15:09:11,662 Epoch: [18][0/200]	Time 5.413s (5.413s)	Speed 5.9 samples/s	Data 4.298s (4.298s)	Loss 2.33121 (2.33121)
2022-11-24 15:09:19,463 Epoch: [18][10/200]	Time 0.802s (1.201s)	Speed 39.9 samples/s	Data 0.001s (0.392s)	Loss 2.35161 (2.33845)
2022-11-24 15:09:27,211 Epoch: [18][20/200]	Time 0.753s (0.998s)	Speed 42.5 samples/s	Data 0.001s (0.205s)	Loss 2.33385 (2.33828)
2022-11-24 15:09:34,966 Epoch: [18][30/200]	Time 0.779s (0.926s)	Speed 41.1 samples/s	Data 0.000s (0.140s)	Loss 2.34267 (2.33978)
2022-11-24 15:09:42,922 Epoch: [18][40/200]	Time 0.735s (0.894s)	Speed 43.5 samples/s	Data 0.001s (0.106s)	Loss 2.33106 (2.34034)
2022-11-24 15:09:50,586 Epoch: [18][50/200]	Time 0.793s (0.869s)	Speed 40.4 samples/s	Data 0.002s (0.085s)	Loss 2.33991 (2.34071)
2022-11-24 15:09:58,251 Epoch: [18][60/200]	Time 0.750s (0.853s)	Speed 42.7 samples/s	Data 0.000s (0.071s)	Loss 2.35742 (2.34087)
2022-11-24 15:10:05,847 Epoch: [18][70/200]	Time 0.756s (0.839s)	Speed 42.3 samples/s	Data 0.001s (0.061s)	Loss 2.34068 (2.34099)
2022-11-24 15:10:14,050 Epoch: [18][80/200]	Time 0.745s (0.837s)	Speed 43.0 samples/s	Data 0.001s (0.054s)	Loss 2.33711 (2.34137)
2022-11-24 15:10:21,789 Epoch: [18][90/200]	Time 0.806s (0.830s)	Speed 39.7 samples/s	Data 0.000s (0.048s)	Loss 2.34336 (2.34104)
2022-11-24 15:10:29,451 Epoch: [18][100/200]	Time 0.776s (0.824s)	Speed 41.2 samples/s	Data 0.001s (0.043s)	Loss 2.33609 (2.34119)
2022-11-24 15:10:37,226 Epoch: [18][110/200]	Time 0.799s (0.820s)	Speed 40.1 samples/s	Data 0.001s (0.040s)	Loss 2.33197 (2.34108)
2022-11-24 15:10:45,000 Epoch: [18][120/200]	Time 0.764s (0.816s)	Speed 41.9 samples/s	Data 0.000s (0.036s)	Loss 2.34557 (2.34119)
2022-11-24 15:10:52,622 Epoch: [18][130/200]	Time 0.756s (0.812s)	Speed 42.3 samples/s	Data 0.001s (0.034s)	Loss 2.33444 (2.34118)
2022-11-24 15:11:00,399 Epoch: [18][140/200]	Time 0.778s (0.810s)	Speed 41.1 samples/s	Data 0.001s (0.031s)	Loss 2.34495 (2.34125)
2022-11-24 15:11:08,052 Epoch: [18][150/200]	Time 0.733s (0.807s)	Speed 43.7 samples/s	Data 0.001s (0.029s)	Loss 2.34036 (2.34132)
2022-11-24 15:11:15,735 Epoch: [18][160/200]	Time 0.782s (0.804s)	Speed 40.9 samples/s	Data 0.001s (0.028s)	Loss 2.35383 (2.34132)
2022-11-24 15:11:23,445 Epoch: [18][170/200]	Time 0.771s (0.802s)	Speed 41.5 samples/s	Data 0.001s (0.026s)	Loss 2.34052 (2.34140)
2022-11-24 15:11:31,095 Epoch: [18][180/200]	Time 0.757s (0.800s)	Speed 42.3 samples/s	Data 0.000s (0.025s)	Loss 2.33630 (2.34146)
2022-11-24 15:11:38,686 Epoch: [18][190/200]	Time 0.767s (0.798s)	Speed 41.7 samples/s	Data 0.001s (0.023s)	Loss 2.34087 (2.34156)
2022-11-24 15:11:49,401 Test: [0/200]	Time 3.291 (3.291)	Loss 2.2461 (2.2461)
2022-11-24 15:11:50,106 Test: [10/200]	Time 0.076 (0.363)	Loss 2.3577 (2.2773)
2022-11-24 15:11:50,851 Test: [20/200]	Time 0.069 (0.226)	Loss 2.3088 (2.2711)
2022-11-24 15:11:51,562 Test: [30/200]	Time 0.070 (0.176)	Loss 2.2189 (2.2679)
2022-11-24 15:11:52,301 Test: [40/200]	Time 0.066 (0.151)	Loss 2.2587 (2.2626)
2022-11-24 15:11:52,994 Test: [50/200]	Time 0.064 (0.135)	Loss 2.2347 (2.2612)
2022-11-24 15:11:53,685 Test: [60/200]	Time 0.068 (0.124)	Loss 2.2305 (2.2616)
2022-11-24 15:11:54,359 Test: [70/200]	Time 0.059 (0.116)	Loss 2.2597 (2.2618)
2022-11-24 15:11:55,075 Test: [80/200]	Time 0.085 (0.111)	Loss 2.2420 (2.2640)
2022-11-24 15:11:55,819 Test: [90/200]	Time 0.067 (0.107)	Loss 2.2268 (2.2627)
2022-11-24 15:11:56,600 Test: [100/200]	Time 0.065 (0.104)	Loss 2.2217 (2.2631)
2022-11-24 15:11:57,303 Test: [110/200]	Time 0.067 (0.101)	Loss 2.2353 (2.2628)
2022-11-24 15:11:58,061 Test: [120/200]	Time 0.072 (0.099)	Loss 2.2276 (2.2637)
2022-11-24 15:11:58,752 Test: [130/200]	Time 0.061 (0.096)	Loss 2.2718 (2.2624)
2022-11-24 15:11:59,469 Test: [140/200]	Time 0.068 (0.095)	Loss 2.2720 (2.2629)
2022-11-24 15:12:00,187 Test: [150/200]	Time 0.076 (0.093)	Loss 2.2598 (2.2637)
2022-11-24 15:12:00,925 Test: [160/200]	Time 0.075 (0.092)	Loss 2.2657 (2.2639)
2022-11-24 15:12:01,636 Test: [170/200]	Time 0.065 (0.091)	Loss 2.2984 (2.2646)
2022-11-24 15:12:02,368 Test: [180/200]	Time 0.067 (0.090)	Loss 2.3045 (2.2656)
2022-11-24 15:12:03,109 Test: [190/200]	Time 0.063 (0.089)	Loss 2.2750 (2.2650)
2022-11-24 15:12:05,546 Mean IoU score: 0.341
2022-11-24 15:12:05,547 => saving checkpoint to out
2022-11-24 15:12:10,808 Epoch: [19][0/200]	Time 5.174s (5.174s)	Speed 6.2 samples/s	Data 4.153s (4.153s)	Loss 2.33188 (2.33188)
2022-11-24 15:12:18,637 Epoch: [19][10/200]	Time 0.794s (1.182s)	Speed 40.3 samples/s	Data 0.000s (0.378s)	Loss 2.34120 (2.34125)
2022-11-24 15:12:26,453 Epoch: [19][20/200]	Time 0.797s (0.991s)	Speed 40.2 samples/s	Data 0.001s (0.198s)	Loss 2.34320 (2.34235)
2022-11-24 15:12:34,286 Epoch: [19][30/200]	Time 0.805s (0.924s)	Speed 39.8 samples/s	Data 0.001s (0.135s)	Loss 2.33287 (2.34140)
2022-11-24 15:12:42,054 Epoch: [19][40/200]	Time 0.759s (0.888s)	Speed 42.2 samples/s	Data 0.001s (0.102s)	Loss 2.35143 (2.34183)
2022-11-24 15:12:49,899 Epoch: [19][50/200]	Time 0.767s (0.868s)	Speed 41.7 samples/s	Data 0.000s (0.082s)	Loss 2.34039 (2.34135)
2022-11-24 15:12:57,701 Epoch: [19][60/200]	Time 0.830s (0.854s)	Speed 38.6 samples/s	Data 0.001s (0.069s)	Loss 2.33864 (2.34179)
2022-11-24 15:13:05,636 Epoch: [19][70/200]	Time 0.879s (0.845s)	Speed 36.4 samples/s	Data 0.000s (0.059s)	Loss 2.34423 (2.34194)
2022-11-24 15:13:13,561 Epoch: [19][80/200]	Time 0.790s (0.839s)	Speed 40.5 samples/s	Data 0.000s (0.052s)	Loss 2.33954 (2.34188)
2022-11-24 15:13:21,342 Epoch: [19][90/200]	Time 0.781s (0.832s)	Speed 41.0 samples/s	Data 0.001s (0.046s)	Loss 2.34060 (2.34164)
2022-11-24 15:13:29,111 Epoch: [19][100/200]	Time 0.792s (0.826s)	Speed 40.4 samples/s	Data 0.001s (0.042s)	Loss 2.33878 (2.34145)
2022-11-24 15:13:36,908 Epoch: [19][110/200]	Time 0.750s (0.822s)	Speed 42.6 samples/s	Data 0.001s (0.038s)	Loss 2.34605 (2.34160)
2022-11-24 15:13:44,791 Epoch: [19][120/200]	Time 0.905s (0.819s)	Speed 35.3 samples/s	Data 0.001s (0.035s)	Loss 2.34971 (2.34177)
2022-11-24 15:13:52,556 Epoch: [19][130/200]	Time 0.802s (0.816s)	Speed 39.9 samples/s	Data 0.001s (0.033s)	Loss 2.33809 (2.34169)
2022-11-24 15:14:00,457 Epoch: [19][140/200]	Time 0.790s (0.814s)	Speed 40.5 samples/s	Data 0.001s (0.030s)	Loss 2.34576 (2.34144)
2022-11-24 15:14:08,201 Epoch: [19][150/200]	Time 0.761s (0.812s)	Speed 42.1 samples/s	Data 0.001s (0.028s)	Loss 2.33266 (2.34127)
2022-11-24 15:14:15,910 Epoch: [19][160/200]	Time 0.737s (0.809s)	Speed 43.4 samples/s	Data 0.000s (0.027s)	Loss 2.32908 (2.34116)
2022-11-24 15:14:23,678 Epoch: [19][170/200]	Time 0.752s (0.807s)	Speed 42.6 samples/s	Data 0.001s (0.025s)	Loss 2.34580 (2.34126)
2022-11-24 15:14:31,594 Epoch: [19][180/200]	Time 0.790s (0.806s)	Speed 40.5 samples/s	Data 0.001s (0.024s)	Loss 2.34164 (2.34133)
2022-11-24 15:14:40,378 Epoch: [19][190/200]	Time 0.787s (0.810s)	Speed 40.7 samples/s	Data 0.001s (0.023s)	Loss 2.33959 (2.34132)
2022-11-24 15:14:51,314 Test: [0/200]	Time 3.358 (3.358)	Loss 2.2448 (2.2448)
2022-11-24 15:14:52,035 Test: [10/200]	Time 0.067 (0.371)	Loss 2.3575 (2.2771)
2022-11-24 15:14:52,705 Test: [20/200]	Time 0.063 (0.226)	Loss 2.3086 (2.2709)
2022-11-24 15:14:53,395 Test: [30/200]	Time 0.070 (0.175)	Loss 2.2186 (2.2677)
2022-11-24 15:14:54,100 Test: [40/200]	Time 0.067 (0.150)	Loss 2.2586 (2.2624)
2022-11-24 15:14:54,778 Test: [50/200]	Time 0.062 (0.134)	Loss 2.2337 (2.2610)
2022-11-24 15:14:55,461 Test: [60/200]	Time 0.075 (0.123)	Loss 2.2310 (2.2614)
2022-11-24 15:14:56,150 Test: [70/200]	Time 0.069 (0.115)	Loss 2.2594 (2.2615)
2022-11-24 15:14:56,817 Test: [80/200]	Time 0.060 (0.109)	Loss 2.2418 (2.2638)
2022-11-24 15:14:57,546 Test: [90/200]	Time 0.067 (0.105)	Loss 2.2271 (2.2625)
2022-11-24 15:14:58,227 Test: [100/200]	Time 0.071 (0.102)	Loss 2.2203 (2.2628)
2022-11-24 15:14:59,001 Test: [110/200]	Time 0.066 (0.100)	Loss 2.2358 (2.2626)
2022-11-24 15:14:59,740 Test: [120/200]	Time 0.065 (0.097)	Loss 2.2270 (2.2635)
2022-11-24 15:15:00,435 Test: [130/200]	Time 0.067 (0.095)	Loss 2.2722 (2.2622)
2022-11-24 15:15:01,171 Test: [140/200]	Time 0.059 (0.094)	Loss 2.2712 (2.2627)
2022-11-24 15:15:01,866 Test: [150/200]	Time 0.059 (0.092)	Loss 2.2607 (2.2634)
2022-11-24 15:15:02,536 Test: [160/200]	Time 0.062 (0.091)	Loss 2.2653 (2.2637)
2022-11-24 15:15:03,235 Test: [170/200]	Time 0.071 (0.089)	Loss 2.2983 (2.2644)
2022-11-24 15:15:03,921 Test: [180/200]	Time 0.065 (0.088)	Loss 2.3044 (2.2654)
2022-11-24 15:15:04,615 Test: [190/200]	Time 0.067 (0.087)	Loss 2.2750 (2.2648)
2022-11-24 15:15:07,003 Mean IoU score: 0.346
2022-11-24 15:15:07,021 => saving checkpoint to out
2022-11-24 15:15:07,087 saving final model state to out\final_state.pth.tar
