2022-11-25 18:33:59,108 Namespace(out_dir='out', frequent=10, eval_interval=1, gpu=False, num_workers=4)
2022-11-25 18:33:59,137 => load 200 samples
2022-11-25 18:33:59,140 => load 200 samples
2022-11-25 18:34:01,883 Epoch: [0][0/200]	Time 2.742s (2.742s)	Speed 11.7 samples/s	Data 2.361s (2.361s)	Loss 2.53597 (2.53597)
2022-11-25 18:34:05,380 Epoch: [0][10/200]	Time 0.303s (0.567s)	Speed 105.6 samples/s	Data 0.000s (0.215s)	Loss 2.05286 (2.26280)
2022-11-25 18:34:08,724 Epoch: [0][20/200]	Time 0.336s (0.456s)	Speed 95.2 samples/s	Data 0.000s (0.113s)	Loss 1.76582 (2.08509)
2022-11-25 18:34:12,335 Epoch: [0][30/200]	Time 0.307s (0.426s)	Speed 104.2 samples/s	Data 0.000s (0.076s)	Loss 1.51219 (1.93450)
2022-11-25 18:34:16,774 Epoch: [0][40/200]	Time 0.388s (0.430s)	Speed 82.5 samples/s	Data 0.001s (0.077s)	Loss 1.28849 (1.80114)
2022-11-25 18:34:20,412 Epoch: [0][50/200]	Time 0.342s (0.417s)	Speed 93.6 samples/s	Data 0.000s (0.062s)	Loss 1.09689 (1.68021)
2022-11-25 18:34:23,861 Epoch: [0][60/200]	Time 0.364s (0.405s)	Speed 87.9 samples/s	Data 0.000s (0.052s)	Loss 0.92856 (1.56870)
2022-11-25 18:34:27,157 Epoch: [0][70/200]	Time 0.333s (0.395s)	Speed 96.1 samples/s	Data 0.000s (0.045s)	Loss 0.76998 (1.46688)
2022-11-25 18:34:30,825 Epoch: [0][80/200]	Time 0.406s (0.391s)	Speed 78.8 samples/s	Data 0.000s (0.039s)	Loss 0.65990 (1.37349)
2022-11-25 18:34:34,930 Epoch: [0][90/200]	Time 0.415s (0.393s)	Speed 77.1 samples/s	Data 0.000s (0.035s)	Loss 0.57995 (1.28934)
2022-11-25 18:34:38,965 Epoch: [0][100/200]	Time 0.405s (0.394s)	Speed 79.0 samples/s	Data 0.000s (0.032s)	Loss 0.48625 (1.21353)
2022-11-25 18:34:42,639 Epoch: [0][110/200]	Time 0.355s (0.392s)	Speed 90.1 samples/s	Data 0.000s (0.029s)	Loss 0.41586 (1.14494)
2022-11-25 18:34:46,541 Epoch: [0][120/200]	Time 0.367s (0.392s)	Speed 87.2 samples/s	Data 0.000s (0.026s)	Loss 0.36485 (1.08310)
2022-11-25 18:34:50,218 Epoch: [0][130/200]	Time 0.375s (0.390s)	Speed 85.3 samples/s	Data 0.001s (0.024s)	Loss 0.34717 (1.02704)
2022-11-25 18:34:53,945 Epoch: [0][140/200]	Time 0.387s (0.389s)	Speed 82.7 samples/s	Data 0.000s (0.023s)	Loss 0.30846 (0.97711)
2022-11-25 18:34:57,612 Epoch: [0][150/200]	Time 0.351s (0.387s)	Speed 91.2 samples/s	Data 0.001s (0.021s)	Loss 0.28652 (0.93149)
2022-11-25 18:35:01,473 Epoch: [0][160/200]	Time 0.379s (0.387s)	Speed 84.4 samples/s	Data 0.000s (0.020s)	Loss 0.26880 (0.89041)
2022-11-25 18:35:05,177 Epoch: [0][170/200]	Time 0.366s (0.386s)	Speed 87.4 samples/s	Data 0.001s (0.019s)	Loss 0.25790 (0.85309)
2022-11-25 18:35:08,908 Epoch: [0][180/200]	Time 0.385s (0.385s)	Speed 83.1 samples/s	Data 0.000s (0.018s)	Loss 0.23160 (0.81922)
2022-11-25 18:35:12,489 Epoch: [0][190/200]	Time 0.348s (0.384s)	Speed 92.0 samples/s	Data 0.000s (0.017s)	Loss 0.20729 (0.78769)
2022-11-25 18:35:17,788 Test: [0/200]	Time 1.573 (1.573)	Loss 0.4263 (0.4263)
2022-11-25 18:35:18,552 Test: [10/200]	Time 0.025 (0.213)	Loss 0.1487 (0.3530)
2022-11-25 18:35:18,843 Test: [20/200]	Time 0.026 (0.125)	Loss 0.2616 (0.3636)
2022-11-25 18:35:19,130 Test: [30/200]	Time 0.025 (0.094)	Loss 0.5315 (0.3712)
2022-11-25 18:35:19,427 Test: [40/200]	Time 0.028 (0.078)	Loss 0.3902 (0.3854)
2022-11-25 18:35:19,717 Test: [50/200]	Time 0.028 (0.069)	Loss 0.4625 (0.3885)
2022-11-25 18:35:20,038 Test: [60/200]	Time 0.031 (0.063)	Loss 0.4410 (0.3892)
2022-11-25 18:35:20,379 Test: [70/200]	Time 0.037 (0.059)	Loss 0.3763 (0.3883)
2022-11-25 18:35:20,712 Test: [80/200]	Time 0.037 (0.056)	Loss 0.4764 (0.3836)
2022-11-25 18:35:21,034 Test: [90/200]	Time 0.029 (0.053)	Loss 0.4742 (0.3868)
2022-11-25 18:35:21,348 Test: [100/200]	Time 0.028 (0.051)	Loss 0.4899 (0.3858)
2022-11-25 18:35:21,653 Test: [110/200]	Time 0.028 (0.049)	Loss 0.4587 (0.3871)
2022-11-25 18:35:21,985 Test: [120/200]	Time 0.032 (0.048)	Loss 0.4471 (0.3845)
2022-11-25 18:35:22,301 Test: [130/200]	Time 0.028 (0.046)	Loss 0.3755 (0.3884)
2022-11-25 18:35:22,604 Test: [140/200]	Time 0.032 (0.045)	Loss 0.3526 (0.3873)
2022-11-25 18:35:22,990 Test: [150/200]	Time 0.038 (0.045)	Loss 0.4178 (0.3861)
2022-11-25 18:35:23,389 Test: [160/200]	Time 0.033 (0.045)	Loss 0.3961 (0.3857)
2022-11-25 18:35:23,688 Test: [170/200]	Time 0.029 (0.044)	Loss 0.2910 (0.3834)
2022-11-25 18:35:24,037 Test: [180/200]	Time 0.032 (0.043)	Loss 0.3208 (0.3813)
2022-11-25 18:35:24,355 Test: [190/200]	Time 0.030 (0.043)	Loss 0.3238 (0.3825)
2022-11-25 18:35:25,791 Mean IoU score: 0.198
2022-11-25 18:35:25,792 => saving checkpoint to out
2022-11-25 18:35:27,815 Epoch: [1][0/200]	Time 1.990s (1.990s)	Speed 16.1 samples/s	Data 1.487s (1.487s)	Loss 0.20065 (0.20065)
2022-11-25 18:35:31,459 Epoch: [1][10/200]	Time 0.356s (0.512s)	Speed 90.0 samples/s	Data 0.001s (0.136s)	Loss 0.20011 (0.20734)
2022-11-25 18:35:35,076 Epoch: [1][20/200]	Time 0.382s (0.441s)	Speed 83.8 samples/s	Data 0.000s (0.071s)	Loss 0.24905 (0.20361)
2022-11-25 18:35:38,630 Epoch: [1][30/200]	Time 0.353s (0.413s)	Speed 90.7 samples/s	Data 0.001s (0.048s)	Loss 0.16422 (0.20030)
2022-11-25 18:35:42,253 Epoch: [1][40/200]	Time 0.384s (0.401s)	Speed 83.3 samples/s	Data 0.000s (0.037s)	Loss 0.17875 (0.19520)
2022-11-25 18:35:45,846 Epoch: [1][50/200]	Time 0.363s (0.393s)	Speed 88.2 samples/s	Data 0.001s (0.030s)	Loss 0.15497 (0.19138)
2022-11-25 18:35:49,568 Epoch: [1][60/200]	Time 0.341s (0.389s)	Speed 93.8 samples/s	Data 0.000s (0.025s)	Loss 0.16499 (0.18765)
2022-11-25 18:35:53,189 Epoch: [1][70/200]	Time 0.358s (0.385s)	Speed 89.4 samples/s	Data 0.000s (0.021s)	Loss 0.15835 (0.18380)
2022-11-25 18:35:56,815 Epoch: [1][80/200]	Time 0.364s (0.383s)	Speed 87.9 samples/s	Data 0.000s (0.019s)	Loss 0.12264 (0.17922)
2022-11-25 18:36:00,427 Epoch: [1][90/200]	Time 0.360s (0.380s)	Speed 88.9 samples/s	Data 0.000s (0.017s)	Loss 0.13836 (0.17475)
2022-11-25 18:36:04,009 Epoch: [1][100/200]	Time 0.369s (0.378s)	Speed 86.7 samples/s	Data 0.000s (0.015s)	Loss 0.13082 (0.17179)
2022-11-25 18:36:07,530 Epoch: [1][110/200]	Time 0.359s (0.376s)	Speed 89.1 samples/s	Data 0.000s (0.014s)	Loss 0.12233 (0.16848)
2022-11-25 18:36:11,324 Epoch: [1][120/200]	Time 0.360s (0.376s)	Speed 88.9 samples/s	Data 0.001s (0.013s)	Loss 0.10992 (0.16440)
2022-11-25 18:36:15,314 Epoch: [1][130/200]	Time 0.419s (0.378s)	Speed 76.4 samples/s	Data 0.000s (0.012s)	Loss 0.10323 (0.16048)
2022-11-25 18:36:19,145 Epoch: [1][140/200]	Time 0.367s (0.378s)	Speed 87.2 samples/s	Data 0.000s (0.011s)	Loss 0.12630 (0.15705)
2022-11-25 18:36:22,664 Epoch: [1][150/200]	Time 0.334s (0.376s)	Speed 95.8 samples/s	Data 0.000s (0.010s)	Loss 0.09245 (0.15361)
2022-11-25 18:36:26,439 Epoch: [1][160/200]	Time 0.334s (0.376s)	Speed 95.8 samples/s	Data 0.000s (0.010s)	Loss 0.10533 (0.15049)
2022-11-25 18:36:30,068 Epoch: [1][170/200]	Time 0.369s (0.376s)	Speed 86.7 samples/s	Data 0.000s (0.009s)	Loss 0.09004 (0.14743)
2022-11-25 18:36:33,577 Epoch: [1][180/200]	Time 0.358s (0.374s)	Speed 89.4 samples/s	Data 0.000s (0.009s)	Loss 0.09704 (0.14451)
2022-11-25 18:36:37,149 Epoch: [1][190/200]	Time 0.362s (0.373s)	Speed 88.4 samples/s	Data 0.000s (0.008s)	Loss 0.09255 (0.14176)
2022-11-25 18:36:41,735 Test: [0/200]	Time 1.231 (1.231)	Loss 0.2491 (0.2491)
2022-11-25 18:36:41,998 Test: [10/200]	Time 0.027 (0.136)	Loss 0.0591 (0.1747)
2022-11-25 18:36:42,259 Test: [20/200]	Time 0.024 (0.084)	Loss 0.1356 (0.1788)
2022-11-25 18:36:42,506 Test: [30/200]	Time 0.028 (0.065)	Loss 0.2639 (0.1876)
2022-11-25 18:36:42,768 Test: [40/200]	Time 0.026 (0.055)	Loss 0.1823 (0.1960)
2022-11-25 18:36:43,056 Test: [50/200]	Time 0.026 (0.050)	Loss 0.2493 (0.1959)
2022-11-25 18:36:43,354 Test: [60/200]	Time 0.027 (0.047)	Loss 0.2265 (0.1977)
2022-11-25 18:36:43,669 Test: [70/200]	Time 0.029 (0.045)	Loss 0.1828 (0.1976)
2022-11-25 18:36:44,005 Test: [80/200]	Time 0.028 (0.043)	Loss 0.2613 (0.1948)
2022-11-25 18:36:44,289 Test: [90/200]	Time 0.028 (0.042)	Loss 0.2463 (0.1969)
2022-11-25 18:36:44,578 Test: [100/200]	Time 0.026 (0.040)	Loss 0.2625 (0.1955)
2022-11-25 18:36:44,874 Test: [110/200]	Time 0.030 (0.039)	Loss 0.2597 (0.1961)
2022-11-25 18:36:45,193 Test: [120/200]	Time 0.029 (0.039)	Loss 0.2268 (0.1951)
2022-11-25 18:36:45,485 Test: [130/200]	Time 0.027 (0.038)	Loss 0.1628 (0.1969)
2022-11-25 18:36:45,775 Test: [140/200]	Time 0.030 (0.037)	Loss 0.1797 (0.1965)
2022-11-25 18:36:46,083 Test: [150/200]	Time 0.027 (0.037)	Loss 0.1849 (0.1953)
2022-11-25 18:36:46,376 Test: [160/200]	Time 0.028 (0.036)	Loss 0.2247 (0.1951)
2022-11-25 18:36:46,677 Test: [170/200]	Time 0.029 (0.036)	Loss 0.1447 (0.1935)
2022-11-25 18:36:46,978 Test: [180/200]	Time 0.028 (0.036)	Loss 0.1561 (0.1924)
2022-11-25 18:36:47,270 Test: [190/200]	Time 0.029 (0.035)	Loss 0.1262 (0.1931)
2022-11-25 18:36:48,607 Mean IoU score: 0.585
2022-11-25 18:36:48,608 => saving checkpoint to out
2022-11-25 18:36:50,569 Epoch: [2][0/200]	Time 1.747s (1.747s)	Speed 18.3 samples/s	Data 1.330s (1.330s)	Loss 0.07290 (0.07290)
2022-11-25 18:36:54,072 Epoch: [2][10/200]	Time 0.360s (0.477s)	Speed 88.9 samples/s	Data 0.000s (0.121s)	Loss 0.08213 (0.08258)
2022-11-25 18:36:57,561 Epoch: [2][20/200]	Time 0.349s (0.416s)	Speed 91.7 samples/s	Data 0.000s (0.064s)	Loss 0.08041 (0.07898)
2022-11-25 18:37:01,119 Epoch: [2][30/200]	Time 0.370s (0.397s)	Speed 86.5 samples/s	Data 0.000s (0.043s)	Loss 0.06671 (0.07600)
2022-11-25 18:37:04,619 Epoch: [2][40/200]	Time 0.337s (0.385s)	Speed 95.0 samples/s	Data 0.000s (0.033s)	Loss 0.06912 (0.07508)
2022-11-25 18:37:08,142 Epoch: [2][50/200]	Time 0.368s (0.379s)	Speed 87.0 samples/s	Data 0.001s (0.026s)	Loss 0.05877 (0.07323)
2022-11-25 18:37:11,653 Epoch: [2][60/200]	Time 0.342s (0.374s)	Speed 93.6 samples/s	Data 0.000s (0.022s)	Loss 0.05616 (0.07173)
2022-11-25 18:37:15,151 Epoch: [2][70/200]	Time 0.363s (0.371s)	Speed 88.2 samples/s	Data 0.000s (0.019s)	Loss 0.06641 (0.07005)
2022-11-25 18:37:18,619 Epoch: [2][80/200]	Time 0.332s (0.368s)	Speed 96.4 samples/s	Data 0.000s (0.017s)	Loss 0.06490 (0.06881)
2022-11-25 18:37:22,165 Epoch: [2][90/200]	Time 0.360s (0.366s)	Speed 88.9 samples/s	Data 0.000s (0.015s)	Loss 0.05044 (0.06734)
2022-11-25 18:37:25,678 Epoch: [2][100/200]	Time 0.342s (0.365s)	Speed 93.6 samples/s	Data 0.000s (0.014s)	Loss 0.06073 (0.06597)
2022-11-25 18:37:29,221 Epoch: [2][110/200]	Time 0.362s (0.364s)	Speed 88.4 samples/s	Data 0.000s (0.012s)	Loss 0.05630 (0.06552)
2022-11-25 18:37:32,711 Epoch: [2][120/200]	Time 0.337s (0.363s)	Speed 95.0 samples/s	Data 0.000s (0.011s)	Loss 0.05639 (0.06440)
2022-11-25 18:37:36,288 Epoch: [2][130/200]	Time 0.365s (0.362s)	Speed 87.7 samples/s	Data 0.001s (0.011s)	Loss 0.05641 (0.06351)
2022-11-25 18:37:39,803 Epoch: [2][140/200]	Time 0.352s (0.362s)	Speed 91.0 samples/s	Data 0.000s (0.010s)	Loss 0.05375 (0.06278)
2022-11-25 18:37:43,331 Epoch: [2][150/200]	Time 0.342s (0.361s)	Speed 93.6 samples/s	Data 0.001s (0.009s)	Loss 0.04377 (0.06222)
2022-11-25 18:37:46,868 Epoch: [2][160/200]	Time 0.341s (0.361s)	Speed 93.8 samples/s	Data 0.000s (0.009s)	Loss 0.04320 (0.06125)
2022-11-25 18:37:50,407 Epoch: [2][170/200]	Time 0.358s (0.360s)	Speed 89.4 samples/s	Data 0.000s (0.008s)	Loss 0.04324 (0.06037)
2022-11-25 18:37:53,905 Epoch: [2][180/200]	Time 0.354s (0.360s)	Speed 90.4 samples/s	Data 0.000s (0.008s)	Loss 0.04540 (0.05948)
2022-11-25 18:37:57,421 Epoch: [2][190/200]	Time 0.356s (0.359s)	Speed 89.9 samples/s	Data 0.000s (0.007s)	Loss 0.05098 (0.05864)
2022-11-25 18:38:02,069 Test: [0/200]	Time 1.276 (1.276)	Loss 0.1169 (0.1169)
2022-11-25 18:38:02,331 Test: [10/200]	Time 0.025 (0.140)	Loss 0.0304 (0.0952)
2022-11-25 18:38:02,601 Test: [20/200]	Time 0.025 (0.086)	Loss 0.0769 (0.1022)
2022-11-25 18:38:02,875 Test: [30/200]	Time 0.026 (0.067)	Loss 0.1385 (0.1095)
2022-11-25 18:38:03,160 Test: [40/200]	Time 0.027 (0.058)	Loss 0.1078 (0.1139)
2022-11-25 18:38:03,449 Test: [50/200]	Time 0.026 (0.052)	Loss 0.1517 (0.1149)
2022-11-25 18:38:03,736 Test: [60/200]	Time 0.032 (0.048)	Loss 0.1278 (0.1167)
2022-11-25 18:38:04,039 Test: [70/200]	Time 0.031 (0.046)	Loss 0.1020 (0.1159)
2022-11-25 18:38:04,331 Test: [80/200]	Time 0.027 (0.044)	Loss 0.1319 (0.1139)
2022-11-25 18:38:04,630 Test: [90/200]	Time 0.026 (0.042)	Loss 0.1594 (0.1153)
2022-11-25 18:38:04,942 Test: [100/200]	Time 0.028 (0.041)	Loss 0.1689 (0.1145)
2022-11-25 18:38:05,253 Test: [110/200]	Time 0.029 (0.040)	Loss 0.1730 (0.1157)
2022-11-25 18:38:05,543 Test: [120/200]	Time 0.027 (0.039)	Loss 0.1283 (0.1141)
2022-11-25 18:38:05,832 Test: [130/200]	Time 0.030 (0.038)	Loss 0.1133 (0.1151)
2022-11-25 18:38:06,144 Test: [140/200]	Time 0.032 (0.038)	Loss 0.0829 (0.1145)
2022-11-25 18:38:06,438 Test: [150/200]	Time 0.027 (0.037)	Loss 0.1190 (0.1134)
2022-11-25 18:38:06,723 Test: [160/200]	Time 0.026 (0.037)	Loss 0.1227 (0.1133)
2022-11-25 18:38:07,020 Test: [170/200]	Time 0.030 (0.036)	Loss 0.1274 (0.1125)
2022-11-25 18:38:07,321 Test: [180/200]	Time 0.027 (0.036)	Loss 0.0961 (0.1117)
2022-11-25 18:38:07,615 Test: [190/200]	Time 0.030 (0.036)	Loss 0.0675 (0.1118)
2022-11-25 18:38:08,954 Mean IoU score: 0.753
2022-11-25 18:38:08,955 => saving checkpoint to out
2022-11-25 18:38:10,754 Epoch: [3][0/200]	Time 1.772s (1.772s)	Speed 18.1 samples/s	Data 1.332s (1.332s)	Loss 0.03767 (0.03767)
2022-11-25 18:38:14,260 Epoch: [3][10/200]	Time 0.358s (0.480s)	Speed 89.4 samples/s	Data 0.000s (0.121s)	Loss 0.04042 (0.04089)
2022-11-25 18:38:17,876 Epoch: [3][20/200]	Time 0.343s (0.424s)	Speed 93.3 samples/s	Data 0.000s (0.064s)	Loss 0.06005 (0.04045)
2022-11-25 18:38:21,395 Epoch: [3][30/200]	Time 0.348s (0.400s)	Speed 92.0 samples/s	Data 0.000s (0.043s)	Loss 0.02588 (0.03979)
2022-11-25 18:38:24,844 Epoch: [3][40/200]	Time 0.334s (0.387s)	Speed 95.7 samples/s	Data 0.000s (0.033s)	Loss 0.03629 (0.03903)
2022-11-25 18:38:28,371 Epoch: [3][50/200]	Time 0.350s (0.380s)	Speed 91.4 samples/s	Data 0.000s (0.026s)	Loss 0.02985 (0.03811)
2022-11-25 18:38:31,870 Epoch: [3][60/200]	Time 0.339s (0.375s)	Speed 94.4 samples/s	Data 0.000s (0.022s)	Loss 0.03143 (0.03723)
2022-11-25 18:38:35,400 Epoch: [3][70/200]	Time 0.350s (0.372s)	Speed 91.4 samples/s	Data 0.001s (0.019s)	Loss 0.03850 (0.03688)
2022-11-25 18:38:38,848 Epoch: [3][80/200]	Time 0.332s (0.369s)	Speed 96.4 samples/s	Data 0.000s (0.017s)	Loss 0.02725 (0.03671)
2022-11-25 18:38:42,393 Epoch: [3][90/200]	Time 0.350s (0.367s)	Speed 91.4 samples/s	Data 0.000s (0.015s)	Loss 0.03199 (0.03657)
2022-11-25 18:38:46,160 Epoch: [3][100/200]	Time 0.381s (0.368s)	Speed 84.0 samples/s	Data 0.000s (0.013s)	Loss 0.03054 (0.03637)
2022-11-25 18:38:49,702 Epoch: [3][110/200]	Time 0.342s (0.367s)	Speed 93.6 samples/s	Data 0.000s (0.012s)	Loss 0.02941 (0.03615)
2022-11-25 18:38:53,332 Epoch: [3][120/200]	Time 0.379s (0.367s)	Speed 84.4 samples/s	Data 0.000s (0.011s)	Loss 0.03834 (0.03601)
2022-11-25 18:38:56,948 Epoch: [3][130/200]	Time 0.371s (0.366s)	Speed 86.3 samples/s	Data 0.001s (0.010s)	Loss 0.03330 (0.03586)
2022-11-25 18:39:00,585 Epoch: [3][140/200]	Time 0.358s (0.366s)	Speed 89.4 samples/s	Data 0.000s (0.010s)	Loss 0.03290 (0.03560)
2022-11-25 18:39:04,165 Epoch: [3][150/200]	Time 0.369s (0.365s)	Speed 86.7 samples/s	Data 0.000s (0.009s)	Loss 0.02750 (0.03553)
2022-11-25 18:39:07,732 Epoch: [3][160/200]	Time 0.331s (0.365s)	Speed 96.7 samples/s	Data 0.000s (0.009s)	Loss 0.02959 (0.03553)
2022-11-25 18:39:11,306 Epoch: [3][170/200]	Time 0.359s (0.364s)	Speed 89.1 samples/s	Data 0.000s (0.008s)	Loss 0.03913 (0.03537)
2022-11-25 18:39:14,834 Epoch: [3][180/200]	Time 0.373s (0.364s)	Speed 85.8 samples/s	Data 0.000s (0.008s)	Loss 0.03077 (0.03510)
2022-11-25 18:39:18,595 Epoch: [3][190/200]	Time 0.348s (0.364s)	Speed 92.0 samples/s	Data 0.000s (0.007s)	Loss 0.02505 (0.03486)
2022-11-25 18:39:23,373 Test: [0/200]	Time 1.273 (1.273)	Loss 0.1139 (0.1139)
2022-11-25 18:39:23,635 Test: [10/200]	Time 0.024 (0.140)	Loss 0.0230 (0.0843)
2022-11-25 18:39:23,908 Test: [20/200]	Time 0.032 (0.086)	Loss 0.0534 (0.0894)
2022-11-25 18:39:24,204 Test: [30/200]	Time 0.028 (0.068)	Loss 0.1151 (0.0944)
2022-11-25 18:39:24,476 Test: [40/200]	Time 0.029 (0.058)	Loss 0.1005 (0.1000)
2022-11-25 18:39:24,763 Test: [50/200]	Time 0.030 (0.052)	Loss 0.1369 (0.0991)
2022-11-25 18:39:25,090 Test: [60/200]	Time 0.038 (0.049)	Loss 0.1028 (0.1003)
2022-11-25 18:39:25,396 Test: [70/200]	Time 0.032 (0.046)	Loss 0.0955 (0.1007)
2022-11-25 18:39:25,693 Test: [80/200]	Time 0.026 (0.044)	Loss 0.0977 (0.0988)
2022-11-25 18:39:26,005 Test: [90/200]	Time 0.031 (0.043)	Loss 0.1176 (0.1008)
2022-11-25 18:39:26,297 Test: [100/200]	Time 0.027 (0.042)	Loss 0.1347 (0.1004)
2022-11-25 18:39:26,592 Test: [110/200]	Time 0.030 (0.040)	Loss 0.1736 (0.1020)
2022-11-25 18:39:26,881 Test: [120/200]	Time 0.034 (0.040)	Loss 0.1028 (0.1005)
2022-11-25 18:39:27,196 Test: [130/200]	Time 0.031 (0.039)	Loss 0.0940 (0.1014)
2022-11-25 18:39:27,503 Test: [140/200]	Time 0.028 (0.038)	Loss 0.0983 (0.1012)
2022-11-25 18:39:27,808 Test: [150/200]	Time 0.028 (0.038)	Loss 0.0907 (0.1000)
2022-11-25 18:39:28,139 Test: [160/200]	Time 0.031 (0.038)	Loss 0.1075 (0.1002)
2022-11-25 18:39:28,432 Test: [170/200]	Time 0.031 (0.037)	Loss 0.0915 (0.0994)
2022-11-25 18:39:28,749 Test: [180/200]	Time 0.029 (0.037)	Loss 0.0739 (0.0988)
2022-11-25 18:39:29,056 Test: [190/200]	Time 0.029 (0.036)	Loss 0.0592 (0.0988)
2022-11-25 18:39:30,395 Mean IoU score: 0.777
2022-11-25 18:39:30,396 => saving checkpoint to out
2022-11-25 18:39:32,240 Epoch: [4][0/200]	Time 1.822s (1.822s)	Speed 17.6 samples/s	Data 1.362s (1.362s)	Loss 0.03532 (0.03532)
2022-11-25 18:39:35,932 Epoch: [4][10/200]	Time 0.363s (0.501s)	Speed 88.2 samples/s	Data 0.000s (0.124s)	Loss 0.02661 (0.02895)
2022-11-25 18:39:39,819 Epoch: [4][20/200]	Time 0.419s (0.448s)	Speed 76.4 samples/s	Data 0.001s (0.065s)	Loss 0.02318 (0.02746)
2022-11-25 18:39:43,397 Epoch: [4][30/200]	Time 0.362s (0.419s)	Speed 88.4 samples/s	Data 0.000s (0.044s)	Loss 0.02358 (0.02705)
2022-11-25 18:39:47,039 Epoch: [4][40/200]	Time 0.378s (0.405s)	Speed 84.7 samples/s	Data 0.000s (0.034s)	Loss 0.02407 (0.02710)
2022-11-25 18:39:50,692 Epoch: [4][50/200]	Time 0.365s (0.398s)	Speed 87.7 samples/s	Data 0.000s (0.027s)	Loss 0.02454 (0.02687)
2022-11-25 18:39:54,371 Epoch: [4][60/200]	Time 0.356s (0.393s)	Speed 89.9 samples/s	Data 0.000s (0.023s)	Loss 0.02090 (0.02644)
2022-11-25 18:39:57,965 Epoch: [4][70/200]	Time 0.345s (0.388s)	Speed 92.8 samples/s	Data 0.000s (0.020s)	Loss 0.02593 (0.02655)
2022-11-25 18:40:01,558 Epoch: [4][80/200]	Time 0.355s (0.384s)	Speed 90.2 samples/s	Data 0.000s (0.017s)	Loss 0.02376 (0.02633)
2022-11-25 18:40:05,203 Epoch: [4][90/200]	Time 0.403s (0.382s)	Speed 79.4 samples/s	Data 0.000s (0.015s)	Loss 0.02847 (0.02612)
2022-11-25 18:40:08,858 Epoch: [4][100/200]	Time 0.394s (0.381s)	Speed 81.2 samples/s	Data 0.001s (0.014s)	Loss 0.02722 (0.02612)
2022-11-25 18:40:12,681 Epoch: [4][110/200]	Time 0.421s (0.381s)	Speed 76.0 samples/s	Data 0.001s (0.013s)	Loss 0.02818 (0.02621)
2022-11-25 18:40:16,614 Epoch: [4][120/200]	Time 0.410s (0.382s)	Speed 78.1 samples/s	Data 0.000s (0.012s)	Loss 0.02826 (0.02602)
2022-11-25 18:40:20,252 Epoch: [4][130/200]	Time 0.389s (0.380s)	Speed 82.3 samples/s	Data 0.000s (0.011s)	Loss 0.02395 (0.02600)
2022-11-25 18:40:23,760 Epoch: [4][140/200]	Time 0.336s (0.378s)	Speed 95.2 samples/s	Data 0.000s (0.010s)	Loss 0.02444 (0.02604)
2022-11-25 18:40:27,432 Epoch: [4][150/200]	Time 0.341s (0.378s)	Speed 93.8 samples/s	Data 0.000s (0.009s)	Loss 0.02041 (0.02593)
2022-11-25 18:40:31,077 Epoch: [4][160/200]	Time 0.377s (0.377s)	Speed 84.9 samples/s	Data 0.000s (0.009s)	Loss 0.02156 (0.02567)
2022-11-25 18:40:35,022 Epoch: [4][170/200]	Time 0.385s (0.378s)	Speed 83.1 samples/s	Data 0.001s (0.008s)	Loss 0.01998 (0.02560)
2022-11-25 18:40:38,613 Epoch: [4][180/200]	Time 0.382s (0.377s)	Speed 83.8 samples/s	Data 0.001s (0.008s)	Loss 0.03329 (0.02553)
2022-11-25 18:40:42,192 Epoch: [4][190/200]	Time 0.374s (0.376s)	Speed 85.6 samples/s	Data 0.000s (0.007s)	Loss 0.02779 (0.02539)
2022-11-25 18:40:46,936 Test: [0/200]	Time 1.266 (1.266)	Loss 0.0790 (0.0790)
2022-11-25 18:40:47,210 Test: [10/200]	Time 0.026 (0.140)	Loss 0.0178 (0.0728)
2022-11-25 18:40:47,474 Test: [20/200]	Time 0.024 (0.086)	Loss 0.0513 (0.0745)
2022-11-25 18:40:47,742 Test: [30/200]	Time 0.027 (0.067)	Loss 0.1332 (0.0825)
2022-11-25 18:40:48,017 Test: [40/200]	Time 0.027 (0.057)	Loss 0.0603 (0.0837)
2022-11-25 18:40:48,302 Test: [50/200]	Time 0.027 (0.052)	Loss 0.1204 (0.0841)
2022-11-25 18:40:48,583 Test: [60/200]	Time 0.025 (0.048)	Loss 0.1212 (0.0858)
2022-11-25 18:40:48,881 Test: [70/200]	Time 0.031 (0.045)	Loss 0.0787 (0.0857)
2022-11-25 18:40:49,190 Test: [80/200]	Time 0.029 (0.043)	Loss 0.0940 (0.0841)
2022-11-25 18:40:49,472 Test: [90/200]	Time 0.026 (0.042)	Loss 0.1141 (0.0852)
2022-11-25 18:40:49,761 Test: [100/200]	Time 0.030 (0.041)	Loss 0.1424 (0.0849)
2022-11-25 18:40:50,084 Test: [110/200]	Time 0.034 (0.040)	Loss 0.1422 (0.0857)
2022-11-25 18:40:50,389 Test: [120/200]	Time 0.031 (0.039)	Loss 0.1128 (0.0841)
2022-11-25 18:40:50,680 Test: [130/200]	Time 0.027 (0.038)	Loss 0.0702 (0.0846)
2022-11-25 18:40:50,997 Test: [140/200]	Time 0.030 (0.038)	Loss 0.0700 (0.0838)
2022-11-25 18:40:51,289 Test: [150/200]	Time 0.026 (0.037)	Loss 0.0702 (0.0825)
2022-11-25 18:40:51,585 Test: [160/200]	Time 0.023 (0.037)	Loss 0.0972 (0.0826)
2022-11-25 18:40:51,870 Test: [170/200]	Time 0.029 (0.036)	Loss 0.0680 (0.0816)
2022-11-25 18:40:52,648 Test: [180/200]	Time 0.026 (0.039)	Loss 0.0574 (0.0809)
2022-11-25 18:40:52,927 Test: [190/200]	Time 0.031 (0.038)	Loss 0.0394 (0.0808)
2022-11-25 18:40:54,398 Mean IoU score: 0.811
2022-11-25 18:40:54,399 => saving checkpoint to out
2022-11-25 18:40:56,360 Epoch: [5][0/200]	Time 1.931s (1.931s)	Speed 16.6 samples/s	Data 1.449s (1.449s)	Loss 0.01700 (0.01700)
2022-11-25 18:40:59,899 Epoch: [5][10/200]	Time 0.350s (0.497s)	Speed 91.4 samples/s	Data 0.000s (0.132s)	Loss 0.01754 (0.02012)
2022-11-25 18:41:03,476 Epoch: [5][20/200]	Time 0.354s (0.431s)	Speed 90.4 samples/s	Data 0.001s (0.069s)	Loss 0.02376 (0.02088)
2022-11-25 18:41:07,032 Epoch: [5][30/200]	Time 0.369s (0.407s)	Speed 86.8 samples/s	Data 0.000s (0.047s)	Loss 0.02569 (0.02085)
2022-11-25 18:41:10,551 Epoch: [5][40/200]	Time 0.355s (0.393s)	Speed 90.1 samples/s	Data 0.000s (0.036s)	Loss 0.01895 (0.02083)
2022-11-25 18:41:14,070 Epoch: [5][50/200]	Time 0.340s (0.385s)	Speed 94.1 samples/s	Data 0.001s (0.029s)	Loss 0.02237 (0.02065)
2022-11-25 18:41:17,686 Epoch: [5][60/200]	Time 0.361s (0.381s)	Speed 88.6 samples/s	Data 0.000s (0.024s)	Loss 0.01518 (0.02030)
2022-11-25 18:41:21,229 Epoch: [5][70/200]	Time 0.368s (0.377s)	Speed 87.0 samples/s	Data 0.001s (0.021s)	Loss 0.01881 (0.02007)
2022-11-25 18:41:24,722 Epoch: [5][80/200]	Time 0.336s (0.374s)	Speed 95.2 samples/s	Data 0.000s (0.018s)	Loss 0.01767 (0.01991)
2022-11-25 18:41:28,305 Epoch: [5][90/200]	Time 0.368s (0.372s)	Speed 87.0 samples/s	Data 0.000s (0.016s)	Loss 0.01346 (0.01988)
2022-11-25 18:41:31,822 Epoch: [5][100/200]	Time 0.341s (0.370s)	Speed 93.8 samples/s	Data 0.000s (0.015s)	Loss 0.02100 (0.01982)
2022-11-25 18:41:35,380 Epoch: [5][110/200]	Time 0.385s (0.369s)	Speed 83.1 samples/s	Data 0.000s (0.013s)	Loss 0.02388 (0.01992)
2022-11-25 18:41:38,836 Epoch: [5][120/200]	Time 0.342s (0.367s)	Speed 93.6 samples/s	Data 0.000s (0.012s)	Loss 0.01894 (0.01987)
2022-11-25 18:41:42,390 Epoch: [5][130/200]	Time 0.368s (0.366s)	Speed 87.0 samples/s	Data 0.000s (0.011s)	Loss 0.02332 (0.02002)
2022-11-25 18:41:45,944 Epoch: [5][140/200]	Time 0.370s (0.365s)	Speed 86.5 samples/s	Data 0.000s (0.011s)	Loss 0.02131 (0.02006)
2022-11-25 18:41:49,465 Epoch: [5][150/200]	Time 0.349s (0.364s)	Speed 91.7 samples/s	Data 0.000s (0.010s)	Loss 0.02387 (0.02002)
2022-11-25 18:41:53,005 Epoch: [5][160/200]	Time 0.338s (0.364s)	Speed 94.7 samples/s	Data 0.000s (0.009s)	Loss 0.02062 (0.01985)
2022-11-25 18:41:56,511 Epoch: [5][170/200]	Time 0.334s (0.363s)	Speed 95.8 samples/s	Data 0.000s (0.009s)	Loss 0.01785 (0.01975)
2022-11-25 18:42:00,050 Epoch: [5][180/200]	Time 0.360s (0.363s)	Speed 88.9 samples/s	Data 0.000s (0.008s)	Loss 0.01804 (0.01976)
2022-11-25 18:42:03,606 Epoch: [5][190/200]	Time 0.354s (0.362s)	Speed 90.4 samples/s	Data 0.001s (0.008s)	Loss 0.01679 (0.01979)
2022-11-25 18:42:08,266 Test: [0/200]	Time 1.241 (1.241)	Loss 0.1243 (0.1243)
2022-11-25 18:42:08,530 Test: [10/200]	Time 0.022 (0.137)	Loss 0.0317 (0.0791)
2022-11-25 18:42:08,808 Test: [20/200]	Time 0.028 (0.085)	Loss 0.0658 (0.0810)
2022-11-25 18:42:09,084 Test: [30/200]	Time 0.026 (0.066)	Loss 0.1373 (0.0921)
2022-11-25 18:42:09,367 Test: [40/200]	Time 0.029 (0.057)	Loss 0.0844 (0.0949)
2022-11-25 18:42:09,660 Test: [50/200]	Time 0.025 (0.052)	Loss 0.1298 (0.0945)
2022-11-25 18:42:09,962 Test: [60/200]	Time 0.029 (0.048)	Loss 0.1211 (0.0956)
2022-11-25 18:42:10,272 Test: [70/200]	Time 0.030 (0.046)	Loss 0.0687 (0.0954)
2022-11-25 18:42:10,561 Test: [80/200]	Time 0.026 (0.044)	Loss 0.1465 (0.0938)
2022-11-25 18:42:10,852 Test: [90/200]	Time 0.027 (0.042)	Loss 0.1296 (0.0954)
2022-11-25 18:42:11,165 Test: [100/200]	Time 0.031 (0.041)	Loss 0.1888 (0.0945)
2022-11-25 18:42:11,455 Test: [110/200]	Time 0.029 (0.040)	Loss 0.1532 (0.0951)
2022-11-25 18:42:11,744 Test: [120/200]	Time 0.026 (0.039)	Loss 0.1464 (0.0930)
2022-11-25 18:42:12,065 Test: [130/200]	Time 0.028 (0.038)	Loss 0.0661 (0.0935)
2022-11-25 18:42:12,378 Test: [140/200]	Time 0.027 (0.038)	Loss 0.0921 (0.0924)
2022-11-25 18:42:12,665 Test: [150/200]	Time 0.028 (0.037)	Loss 0.0717 (0.0911)
2022-11-25 18:42:12,962 Test: [160/200]	Time 0.028 (0.037)	Loss 0.1176 (0.0912)
2022-11-25 18:42:13,261 Test: [170/200]	Time 0.025 (0.036)	Loss 0.0785 (0.0900)
2022-11-25 18:42:13,550 Test: [180/200]	Time 0.031 (0.036)	Loss 0.0622 (0.0894)
2022-11-25 18:42:13,838 Test: [190/200]	Time 0.026 (0.036)	Loss 0.0430 (0.0890)
2022-11-25 18:42:15,220 Mean IoU score: 0.790
2022-11-25 18:42:15,221 => saving checkpoint to out
2022-11-25 18:42:17,075 Epoch: [6][0/200]	Time 1.831s (1.831s)	Speed 17.5 samples/s	Data 1.390s (1.390s)	Loss 0.01818 (0.01818)
2022-11-25 18:42:20,577 Epoch: [6][10/200]	Time 0.349s (0.485s)	Speed 91.7 samples/s	Data 0.000s (0.127s)	Loss 0.02079 (0.01784)
2022-11-25 18:42:24,079 Epoch: [6][20/200]	Time 0.361s (0.421s)	Speed 88.6 samples/s	Data 0.000s (0.066s)	Loss 0.01720 (0.01856)
2022-11-25 18:42:27,566 Epoch: [6][30/200]	Time 0.339s (0.397s)	Speed 94.4 samples/s	Data 0.001s (0.045s)	Loss 0.01787 (0.01833)
2022-11-25 18:42:31,110 Epoch: [6][40/200]	Time 0.369s (0.387s)	Speed 86.7 samples/s	Data 0.000s (0.034s)	Loss 0.01642 (0.01810)
2022-11-25 18:42:34,636 Epoch: [6][50/200]	Time 0.352s (0.380s)	Speed 90.9 samples/s	Data 0.000s (0.028s)	Loss 0.01600 (0.01796)
2022-11-25 18:42:38,120 Epoch: [6][60/200]	Time 0.359s (0.375s)	Speed 89.1 samples/s	Data 0.000s (0.023s)	Loss 0.01415 (0.01762)
2022-11-25 18:42:41,620 Epoch: [6][70/200]	Time 0.340s (0.372s)	Speed 94.1 samples/s	Data 0.001s (0.020s)	Loss 0.01516 (0.01730)
2022-11-25 18:42:45,084 Epoch: [6][80/200]	Time 0.350s (0.368s)	Speed 91.4 samples/s	Data 0.000s (0.017s)	Loss 0.01439 (0.01712)
2022-11-25 18:42:48,629 Epoch: [6][90/200]	Time 0.334s (0.367s)	Speed 95.8 samples/s	Data 0.000s (0.016s)	Loss 0.01644 (0.01700)
2022-11-25 18:42:52,156 Epoch: [6][100/200]	Time 0.363s (0.365s)	Speed 88.2 samples/s	Data 0.000s (0.014s)	Loss 0.01544 (0.01692)
2022-11-25 18:42:55,634 Epoch: [6][110/200]	Time 0.333s (0.364s)	Speed 96.1 samples/s	Data 0.000s (0.013s)	Loss 0.01293 (0.01680)
2022-11-25 18:42:59,204 Epoch: [6][120/200]	Time 0.364s (0.363s)	Speed 87.9 samples/s	Data 0.000s (0.012s)	Loss 0.01798 (0.01674)
2022-11-25 18:43:02,724 Epoch: [6][130/200]	Time 0.328s (0.362s)	Speed 97.6 samples/s	Data 0.000s (0.011s)	Loss 0.01119 (0.01661)
2022-11-25 18:43:06,233 Epoch: [6][140/200]	Time 0.372s (0.362s)	Speed 86.0 samples/s	Data 0.000s (0.010s)	Loss 0.01366 (0.01651)
2022-11-25 18:43:09,740 Epoch: [6][150/200]	Time 0.351s (0.361s)	Speed 91.2 samples/s	Data 0.000s (0.009s)	Loss 0.01522 (0.01645)
2022-11-25 18:43:13,290 Epoch: [6][160/200]	Time 0.364s (0.361s)	Speed 87.9 samples/s	Data 0.001s (0.009s)	Loss 0.01823 (0.01643)
2022-11-25 18:43:16,841 Epoch: [6][170/200]	Time 0.327s (0.360s)	Speed 97.9 samples/s	Data 0.000s (0.008s)	Loss 0.01485 (0.01632)
2022-11-25 18:43:20,421 Epoch: [6][180/200]	Time 0.343s (0.360s)	Speed 93.3 samples/s	Data 0.000s (0.008s)	Loss 0.01128 (0.01630)
2022-11-25 18:43:23,921 Epoch: [6][190/200]	Time 0.334s (0.360s)	Speed 95.8 samples/s	Data 0.000s (0.008s)	Loss 0.01526 (0.01624)
2022-11-25 18:43:28,555 Test: [0/200]	Time 1.259 (1.259)	Loss 0.0666 (0.0666)
2022-11-25 18:43:28,819 Test: [10/200]	Time 0.024 (0.138)	Loss 0.0133 (0.0555)
2022-11-25 18:43:29,101 Test: [20/200]	Time 0.028 (0.086)	Loss 0.0334 (0.0567)
2022-11-25 18:43:29,369 Test: [30/200]	Time 0.027 (0.067)	Loss 0.0784 (0.0603)
2022-11-25 18:43:29,621 Test: [40/200]	Time 0.024 (0.057)	Loss 0.0579 (0.0635)
2022-11-25 18:43:29,888 Test: [50/200]	Time 0.028 (0.051)	Loss 0.0940 (0.0635)
2022-11-25 18:43:30,186 Test: [60/200]	Time 0.030 (0.047)	Loss 0.0807 (0.0644)
2022-11-25 18:43:30,488 Test: [70/200]	Time 0.027 (0.045)	Loss 0.0576 (0.0642)
2022-11-25 18:43:30,784 Test: [80/200]	Time 0.026 (0.043)	Loss 0.0676 (0.0627)
2022-11-25 18:43:31,098 Test: [90/200]	Time 0.031 (0.042)	Loss 0.0870 (0.0642)
2022-11-25 18:43:31,407 Test: [100/200]	Time 0.036 (0.041)	Loss 0.0746 (0.0637)
2022-11-25 18:43:31,699 Test: [110/200]	Time 0.033 (0.040)	Loss 0.1326 (0.0648)
2022-11-25 18:43:31,981 Test: [120/200]	Time 0.028 (0.039)	Loss 0.0695 (0.0635)
2022-11-25 18:43:32,283 Test: [130/200]	Time 0.030 (0.038)	Loss 0.0597 (0.0643)
2022-11-25 18:43:32,574 Test: [140/200]	Time 0.026 (0.037)	Loss 0.0580 (0.0639)
2022-11-25 18:43:32,870 Test: [150/200]	Time 0.029 (0.037)	Loss 0.0579 (0.0629)
2022-11-25 18:43:33,187 Test: [160/200]	Time 0.028 (0.037)	Loss 0.0971 (0.0630)
2022-11-25 18:43:33,473 Test: [170/200]	Time 0.025 (0.036)	Loss 0.0540 (0.0625)
2022-11-25 18:43:33,761 Test: [180/200]	Time 0.027 (0.036)	Loss 0.0439 (0.0622)
2022-11-25 18:43:34,060 Test: [190/200]	Time 0.030 (0.035)	Loss 0.0364 (0.0621)
2022-11-25 18:43:35,412 Mean IoU score: 0.852
2022-11-25 18:43:35,413 => saving checkpoint to out
2022-11-25 18:43:37,258 Epoch: [7][0/200]	Time 1.816s (1.816s)	Speed 17.6 samples/s	Data 1.350s (1.350s)	Loss 0.01388 (0.01388)
2022-11-25 18:43:40,818 Epoch: [7][10/200]	Time 0.357s (0.489s)	Speed 89.6 samples/s	Data 0.000s (0.123s)	Loss 0.01318 (0.01485)
2022-11-25 18:43:44,387 Epoch: [7][20/200]	Time 0.367s (0.426s)	Speed 87.2 samples/s	Data 0.000s (0.065s)	Loss 0.01610 (0.01473)
2022-11-25 18:43:47,998 Epoch: [7][30/200]	Time 0.347s (0.405s)	Speed 92.2 samples/s	Data 0.000s (0.044s)	Loss 0.01525 (0.01430)
2022-11-25 18:43:51,494 Epoch: [7][40/200]	Time 0.370s (0.392s)	Speed 86.5 samples/s	Data 0.001s (0.033s)	Loss 0.01113 (0.01426)
2022-11-25 18:43:55,026 Epoch: [7][50/200]	Time 0.360s (0.384s)	Speed 88.9 samples/s	Data 0.000s (0.027s)	Loss 0.01343 (0.01409)
2022-11-25 18:43:58,590 Epoch: [7][60/200]	Time 0.341s (0.379s)	Speed 93.8 samples/s	Data 0.000s (0.022s)	Loss 0.01295 (0.01398)
2022-11-25 18:44:02,163 Epoch: [7][70/200]	Time 0.372s (0.376s)	Speed 86.0 samples/s	Data 0.001s (0.019s)	Loss 0.01099 (0.01380)
2022-11-25 18:44:05,690 Epoch: [7][80/200]	Time 0.344s (0.373s)	Speed 93.0 samples/s	Data 0.000s (0.017s)	Loss 0.01114 (0.01376)
2022-11-25 18:44:09,169 Epoch: [7][90/200]	Time 0.356s (0.371s)	Speed 89.9 samples/s	Data 0.001s (0.015s)	Loss 0.01608 (0.01361)
2022-11-25 18:44:12,679 Epoch: [7][100/200]	Time 0.329s (0.369s)	Speed 97.3 samples/s	Data 0.001s (0.014s)	Loss 0.01657 (0.01368)
2022-11-25 18:44:16,221 Epoch: [7][110/200]	Time 0.371s (0.367s)	Speed 86.3 samples/s	Data 0.000s (0.012s)	Loss 0.00981 (0.01361)
2022-11-25 18:44:19,743 Epoch: [7][120/200]	Time 0.338s (0.366s)	Speed 94.7 samples/s	Data 0.000s (0.011s)	Loss 0.01296 (0.01368)
2022-11-25 18:44:23,314 Epoch: [7][130/200]	Time 0.360s (0.365s)	Speed 88.9 samples/s	Data 0.001s (0.011s)	Loss 0.01156 (0.01366)
2022-11-25 18:44:26,849 Epoch: [7][140/200]	Time 0.352s (0.365s)	Speed 90.9 samples/s	Data 0.000s (0.010s)	Loss 0.01651 (0.01358)
2022-11-25 18:44:30,385 Epoch: [7][150/200]	Time 0.367s (0.364s)	Speed 87.2 samples/s	Data 0.001s (0.009s)	Loss 0.01110 (0.01350)
2022-11-25 18:44:33,917 Epoch: [7][160/200]	Time 0.349s (0.363s)	Speed 91.7 samples/s	Data 0.000s (0.009s)	Loss 0.01445 (0.01344)
2022-11-25 18:44:37,416 Epoch: [7][170/200]	Time 0.362s (0.362s)	Speed 88.4 samples/s	Data 0.000s (0.008s)	Loss 0.01415 (0.01344)
2022-11-25 18:44:40,863 Epoch: [7][180/200]	Time 0.330s (0.361s)	Speed 97.0 samples/s	Data 0.000s (0.008s)	Loss 0.01241 (0.01341)
2022-11-25 18:44:44,421 Epoch: [7][190/200]	Time 0.404s (0.361s)	Speed 79.2 samples/s	Data 0.000s (0.007s)	Loss 0.01214 (0.01343)
2022-11-25 18:44:49,157 Test: [0/200]	Time 1.233 (1.233)	Loss 0.0757 (0.0757)
2022-11-25 18:44:49,426 Test: [10/200]	Time 0.023 (0.137)	Loss 0.0130 (0.0543)
2022-11-25 18:44:49,695 Test: [20/200]	Time 0.026 (0.084)	Loss 0.0360 (0.0562)
2022-11-25 18:44:49,968 Test: [30/200]	Time 0.028 (0.066)	Loss 0.0894 (0.0619)
2022-11-25 18:44:50,252 Test: [40/200]	Time 0.025 (0.057)	Loss 0.0592 (0.0644)
2022-11-25 18:44:50,534 Test: [50/200]	Time 0.029 (0.051)	Loss 0.0974 (0.0645)
2022-11-25 18:44:50,820 Test: [60/200]	Time 0.030 (0.047)	Loss 0.1021 (0.0663)
2022-11-25 18:44:51,119 Test: [70/200]	Time 0.029 (0.045)	Loss 0.0518 (0.0663)
2022-11-25 18:44:51,421 Test: [80/200]	Time 0.026 (0.043)	Loss 0.0709 (0.0649)
2022-11-25 18:44:51,718 Test: [90/200]	Time 0.030 (0.042)	Loss 0.0862 (0.0658)
2022-11-25 18:44:52,014 Test: [100/200]	Time 0.030 (0.040)	Loss 0.1089 (0.0654)
2022-11-25 18:44:52,318 Test: [110/200]	Time 0.029 (0.040)	Loss 0.1361 (0.0661)
2022-11-25 18:44:52,616 Test: [120/200]	Time 0.027 (0.039)	Loss 0.0799 (0.0646)
2022-11-25 18:44:52,924 Test: [130/200]	Time 0.030 (0.038)	Loss 0.0532 (0.0648)
2022-11-25 18:44:53,232 Test: [140/200]	Time 0.030 (0.038)	Loss 0.0619 (0.0646)
2022-11-25 18:44:53,516 Test: [150/200]	Time 0.027 (0.037)	Loss 0.0542 (0.0634)
2022-11-25 18:44:53,809 Test: [160/200]	Time 0.026 (0.037)	Loss 0.1021 (0.0637)
2022-11-25 18:44:54,114 Test: [170/200]	Time 0.031 (0.036)	Loss 0.0611 (0.0631)
2022-11-25 18:44:54,406 Test: [180/200]	Time 0.026 (0.036)	Loss 0.0357 (0.0628)
2022-11-25 18:44:54,693 Test: [190/200]	Time 0.031 (0.035)	Loss 0.0299 (0.0628)
2022-11-25 18:44:56,045 Mean IoU score: 0.849
2022-11-25 18:44:56,046 => saving checkpoint to out
2022-11-25 18:44:58,043 Epoch: [8][0/200]	Time 1.981s (1.981s)	Speed 16.2 samples/s	Data 1.461s (1.461s)	Loss 0.01206 (0.01206)
2022-11-25 18:45:01,922 Epoch: [8][10/200]	Time 0.426s (0.533s)	Speed 75.1 samples/s	Data 0.000s (0.133s)	Loss 0.01005 (0.01164)
2022-11-25 18:45:05,805 Epoch: [8][20/200]	Time 0.375s (0.464s)	Speed 85.3 samples/s	Data 0.000s (0.070s)	Loss 0.01173 (0.01204)
2022-11-25 18:45:09,876 Epoch: [8][30/200]	Time 0.392s (0.446s)	Speed 81.6 samples/s	Data 0.000s (0.047s)	Loss 0.01146 (0.01200)
2022-11-25 18:45:14,034 Epoch: [8][40/200]	Time 0.417s (0.438s)	Speed 76.7 samples/s	Data 0.000s (0.036s)	Loss 0.00918 (0.01186)
2022-11-25 18:45:17,924 Epoch: [8][50/200]	Time 0.376s (0.429s)	Speed 85.1 samples/s	Data 0.000s (0.029s)	Loss 0.01189 (0.01193)
2022-11-25 18:45:21,440 Epoch: [8][60/200]	Time 0.334s (0.416s)	Speed 95.8 samples/s	Data 0.000s (0.024s)	Loss 0.01287 (0.01186)
2022-11-25 18:45:25,026 Epoch: [8][70/200]	Time 0.361s (0.408s)	Speed 88.6 samples/s	Data 0.001s (0.021s)	Loss 0.01146 (0.01176)
2022-11-25 18:45:28,730 Epoch: [8][80/200]	Time 0.337s (0.403s)	Speed 95.0 samples/s	Data 0.000s (0.018s)	Loss 0.00845 (0.01166)
2022-11-25 18:45:32,261 Epoch: [8][90/200]	Time 0.365s (0.398s)	Speed 87.7 samples/s	Data 0.001s (0.016s)	Loss 0.00929 (0.01152)
2022-11-25 18:45:35,795 Epoch: [8][100/200]	Time 0.329s (0.393s)	Speed 97.3 samples/s	Data 0.000s (0.015s)	Loss 0.01152 (0.01154)
2022-11-25 18:45:39,520 Epoch: [8][110/200]	Time 0.369s (0.392s)	Speed 86.7 samples/s	Data 0.000s (0.013s)	Loss 0.01328 (0.01153)
2022-11-25 18:45:43,033 Epoch: [8][120/200]	Time 0.351s (0.388s)	Speed 91.2 samples/s	Data 0.000s (0.012s)	Loss 0.01195 (0.01160)
2022-11-25 18:45:46,528 Epoch: [8][130/200]	Time 0.339s (0.385s)	Speed 94.4 samples/s	Data 0.000s (0.011s)	Loss 0.00817 (0.01159)
2022-11-25 18:45:50,112 Epoch: [8][140/200]	Time 0.365s (0.383s)	Speed 87.7 samples/s	Data 0.001s (0.011s)	Loss 0.01421 (0.01162)
2022-11-25 18:45:53,644 Epoch: [8][150/200]	Time 0.338s (0.381s)	Speed 94.7 samples/s	Data 0.000s (0.010s)	Loss 0.01058 (0.01156)
2022-11-25 18:45:57,201 Epoch: [8][160/200]	Time 0.370s (0.380s)	Speed 86.5 samples/s	Data 0.000s (0.009s)	Loss 0.01157 (0.01158)
2022-11-25 18:46:00,721 Epoch: [8][170/200]	Time 0.334s (0.378s)	Speed 95.8 samples/s	Data 0.000s (0.009s)	Loss 0.01068 (0.01158)
2022-11-25 18:46:04,285 Epoch: [8][180/200]	Time 0.375s (0.377s)	Speed 85.3 samples/s	Data 0.001s (0.008s)	Loss 0.01310 (0.01157)
2022-11-25 18:46:07,826 Epoch: [8][190/200]	Time 0.339s (0.376s)	Speed 94.4 samples/s	Data 0.000s (0.008s)	Loss 0.01211 (0.01151)
2022-11-25 18:46:12,522 Test: [0/200]	Time 1.269 (1.269)	Loss 0.0718 (0.0718)
2022-11-25 18:46:12,813 Test: [10/200]	Time 0.028 (0.142)	Loss 0.0196 (0.0517)
2022-11-25 18:46:13,089 Test: [20/200]	Time 0.026 (0.087)	Loss 0.0277 (0.0521)
2022-11-25 18:46:13,371 Test: [30/200]	Time 0.027 (0.068)	Loss 0.0729 (0.0571)
2022-11-25 18:46:13,662 Test: [40/200]	Time 0.026 (0.059)	Loss 0.0646 (0.0603)
2022-11-25 18:46:13,957 Test: [50/200]	Time 0.029 (0.053)	Loss 0.1004 (0.0601)
2022-11-25 18:46:14,282 Test: [60/200]	Time 0.027 (0.050)	Loss 0.0862 (0.0611)
2022-11-25 18:46:14,587 Test: [70/200]	Time 0.033 (0.047)	Loss 0.0464 (0.0611)
2022-11-25 18:46:14,943 Test: [80/200]	Time 0.030 (0.046)	Loss 0.0600 (0.0598)
2022-11-25 18:46:15,253 Test: [90/200]	Time 0.027 (0.044)	Loss 0.0896 (0.0612)
2022-11-25 18:46:15,546 Test: [100/200]	Time 0.027 (0.042)	Loss 0.0887 (0.0607)
2022-11-25 18:46:15,841 Test: [110/200]	Time 0.026 (0.041)	Loss 0.1439 (0.0615)
2022-11-25 18:46:16,155 Test: [120/200]	Time 0.033 (0.040)	Loss 0.0627 (0.0601)
2022-11-25 18:46:16,449 Test: [130/200]	Time 0.026 (0.040)	Loss 0.0576 (0.0606)
2022-11-25 18:46:16,741 Test: [140/200]	Time 0.028 (0.039)	Loss 0.0561 (0.0604)
2022-11-25 18:46:17,043 Test: [150/200]	Time 0.028 (0.038)	Loss 0.0612 (0.0594)
2022-11-25 18:46:17,351 Test: [160/200]	Time 0.026 (0.038)	Loss 0.0910 (0.0597)
2022-11-25 18:46:17,644 Test: [170/200]	Time 0.030 (0.037)	Loss 0.0502 (0.0592)
2022-11-25 18:46:17,928 Test: [180/200]	Time 0.029 (0.037)	Loss 0.0354 (0.0590)
2022-11-25 18:46:18,238 Test: [190/200]	Time 0.031 (0.037)	Loss 0.0287 (0.0589)
2022-11-25 18:46:19,573 Mean IoU score: 0.858
2022-11-25 18:46:19,573 => saving checkpoint to out
2022-11-25 18:46:21,420 Epoch: [9][0/200]	Time 1.819s (1.819s)	Speed 17.6 samples/s	Data 1.362s (1.362s)	Loss 0.01119 (0.01119)
2022-11-25 18:46:24,914 Epoch: [9][10/200]	Time 0.346s (0.483s)	Speed 92.5 samples/s	Data 0.000s (0.124s)	Loss 0.01038 (0.01051)
2022-11-25 18:46:28,414 Epoch: [9][20/200]	Time 0.353s (0.420s)	Speed 90.7 samples/s	Data 0.000s (0.065s)	Loss 0.01497 (0.01075)
2022-11-25 18:46:31,948 Epoch: [9][30/200]	Time 0.344s (0.398s)	Speed 93.0 samples/s	Data 0.000s (0.044s)	Loss 0.00931 (0.01082)
2022-11-25 18:46:35,474 Epoch: [9][40/200]	Time 0.333s (0.387s)	Speed 96.1 samples/s	Data 0.000s (0.033s)	Loss 0.01093 (0.01083)
2022-11-25 18:46:39,276 Epoch: [9][50/200]	Time 0.396s (0.386s)	Speed 80.8 samples/s	Data 0.000s (0.027s)	Loss 0.00719 (0.01069)
2022-11-25 18:46:43,352 Epoch: [9][60/200]	Time 0.393s (0.389s)	Speed 81.4 samples/s	Data 0.000s (0.023s)	Loss 0.01149 (0.01055)
2022-11-25 18:46:47,399 Epoch: [9][70/200]	Time 0.415s (0.392s)	Speed 77.1 samples/s	Data 0.001s (0.019s)	Loss 0.01082 (0.01059)
2022-11-25 18:46:51,376 Epoch: [9][80/200]	Time 0.427s (0.392s)	Speed 74.9 samples/s	Data 0.001s (0.017s)	Loss 0.00782 (0.01061)
2022-11-25 18:46:55,495 Epoch: [9][90/200]	Time 0.390s (0.394s)	Speed 82.1 samples/s	Data 0.000s (0.015s)	Loss 0.01115 (0.01053)
2022-11-25 18:46:59,543 Epoch: [9][100/200]	Time 0.404s (0.395s)	Speed 79.2 samples/s	Data 0.000s (0.014s)	Loss 0.01582 (0.01058)
2022-11-25 18:47:03,467 Epoch: [9][110/200]	Time 0.394s (0.395s)	Speed 81.2 samples/s	Data 0.000s (0.013s)	Loss 0.01086 (0.01055)
2022-11-25 18:47:07,640 Epoch: [9][120/200]	Time 0.386s (0.397s)	Speed 82.9 samples/s	Data 0.000s (0.012s)	Loss 0.00997 (0.01049)
2022-11-25 18:47:11,816 Epoch: [9][130/200]	Time 0.421s (0.399s)	Speed 76.0 samples/s	Data 0.000s (0.011s)	Loss 0.00745 (0.01051)
2022-11-25 18:47:15,804 Epoch: [9][140/200]	Time 0.390s (0.399s)	Speed 82.1 samples/s	Data 0.000s (0.010s)	Loss 0.01076 (0.01049)
2022-11-25 18:47:19,944 Epoch: [9][150/200]	Time 0.408s (0.400s)	Speed 78.4 samples/s	Data 0.001s (0.009s)	Loss 0.00834 (0.01045)
2022-11-25 18:47:24,163 Epoch: [9][160/200]	Time 0.425s (0.401s)	Speed 75.3 samples/s	Data 0.001s (0.009s)	Loss 0.01064 (0.01043)
2022-11-25 18:47:28,013 Epoch: [9][170/200]	Time 0.372s (0.400s)	Speed 86.0 samples/s	Data 0.000s (0.008s)	Loss 0.01019 (0.01038)
2022-11-25 18:47:32,034 Epoch: [9][180/200]	Time 0.416s (0.400s)	Speed 76.9 samples/s	Data 0.000s (0.008s)	Loss 0.00927 (0.01035)
2022-11-25 18:47:36,238 Epoch: [9][190/200]	Time 0.395s (0.401s)	Speed 81.0 samples/s	Data 0.001s (0.007s)	Loss 0.00748 (0.01029)
2022-11-25 18:47:41,686 Test: [0/200]	Time 1.549 (1.549)	Loss 0.0600 (0.0600)
2022-11-25 18:47:42,061 Test: [10/200]	Time 0.037 (0.175)	Loss 0.0108 (0.0487)
2022-11-25 18:47:42,417 Test: [20/200]	Time 0.034 (0.109)	Loss 0.0308 (0.0495)
2022-11-25 18:47:42,787 Test: [30/200]	Time 0.041 (0.085)	Loss 0.0816 (0.0551)
2022-11-25 18:47:43,222 Test: [40/200]	Time 0.037 (0.075)	Loss 0.0511 (0.0581)
2022-11-25 18:47:43,625 Test: [50/200]	Time 0.036 (0.068)	Loss 0.0996 (0.0582)
2022-11-25 18:47:43,997 Test: [60/200]	Time 0.033 (0.063)	Loss 0.0592 (0.0595)
2022-11-25 18:47:44,367 Test: [70/200]	Time 0.038 (0.060)	Loss 0.0435 (0.0595)
2022-11-25 18:47:44,755 Test: [80/200]	Time 0.037 (0.057)	Loss 0.0580 (0.0582)
2022-11-25 18:47:45,119 Test: [90/200]	Time 0.041 (0.055)	Loss 0.0841 (0.0597)
2022-11-25 18:47:45,522 Test: [100/200]	Time 0.034 (0.053)	Loss 0.1031 (0.0595)
2022-11-25 18:47:45,901 Test: [110/200]	Time 0.051 (0.052)	Loss 0.1336 (0.0602)
2022-11-25 18:47:46,298 Test: [120/200]	Time 0.037 (0.051)	Loss 0.0696 (0.0589)
2022-11-25 18:47:46,660 Test: [130/200]	Time 0.032 (0.050)	Loss 0.0573 (0.0594)
2022-11-25 18:47:47,041 Test: [140/200]	Time 0.033 (0.049)	Loss 0.0664 (0.0591)
2022-11-25 18:47:47,448 Test: [150/200]	Time 0.035 (0.048)	Loss 0.0478 (0.0581)
2022-11-25 18:47:47,806 Test: [160/200]	Time 0.036 (0.048)	Loss 0.0938 (0.0583)
2022-11-25 18:47:48,187 Test: [170/200]	Time 0.035 (0.047)	Loss 0.0577 (0.0579)
2022-11-25 18:47:48,551 Test: [180/200]	Time 0.031 (0.046)	Loss 0.0450 (0.0576)
2022-11-25 18:47:48,853 Test: [190/200]	Time 0.027 (0.046)	Loss 0.0280 (0.0575)
2022-11-25 18:47:50,212 Mean IoU score: 0.861
2022-11-25 18:47:50,212 => saving checkpoint to out
2022-11-25 18:47:52,074 Epoch: [10][0/200]	Time 1.825s (1.825s)	Speed 17.5 samples/s	Data 1.361s (1.361s)	Loss 0.00704 (0.00704)
2022-11-25 18:47:55,617 Epoch: [10][10/200]	Time 0.353s (0.488s)	Speed 90.6 samples/s	Data 0.000s (0.124s)	Loss 0.00774 (0.00896)
2022-11-25 18:47:59,129 Epoch: [10][20/200]	Time 0.364s (0.423s)	Speed 87.9 samples/s	Data 0.000s (0.065s)	Loss 0.00919 (0.00879)
2022-11-25 18:48:02,693 Epoch: [10][30/200]	Time 0.338s (0.401s)	Speed 94.7 samples/s	Data 0.000s (0.044s)	Loss 0.00965 (0.00906)
2022-11-25 18:48:06,327 Epoch: [10][40/200]	Time 0.373s (0.392s)	Speed 85.8 samples/s	Data 0.000s (0.033s)	Loss 0.00848 (0.00935)
2022-11-25 18:48:09,938 Epoch: [10][50/200]	Time 0.368s (0.386s)	Speed 87.0 samples/s	Data 0.000s (0.027s)	Loss 0.01338 (0.00953)
2022-11-25 18:48:13,682 Epoch: [10][60/200]	Time 0.333s (0.384s)	Speed 96.1 samples/s	Data 0.000s (0.023s)	Loss 0.01301 (0.00962)
2022-11-25 18:48:17,282 Epoch: [10][70/200]	Time 0.385s (0.381s)	Speed 83.1 samples/s	Data 0.001s (0.019s)	Loss 0.00819 (0.00960)
2022-11-25 18:48:20,828 Epoch: [10][80/200]	Time 0.342s (0.378s)	Speed 93.6 samples/s	Data 0.000s (0.017s)	Loss 0.01087 (0.00960)
2022-11-25 18:48:24,402 Epoch: [10][90/200]	Time 0.365s (0.375s)	Speed 87.7 samples/s	Data 0.000s (0.015s)	Loss 0.00777 (0.00960)
2022-11-25 18:48:27,897 Epoch: [10][100/200]	Time 0.345s (0.373s)	Speed 92.8 samples/s	Data 0.000s (0.014s)	Loss 0.00858 (0.00965)
2022-11-25 18:48:31,533 Epoch: [10][110/200]	Time 0.350s (0.372s)	Speed 91.4 samples/s	Data 0.000s (0.013s)	Loss 0.00824 (0.00963)
2022-11-25 18:48:35,074 Epoch: [10][120/200]	Time 0.363s (0.370s)	Speed 88.2 samples/s	Data 0.000s (0.012s)	Loss 0.01064 (0.00971)
2022-11-25 18:48:38,639 Epoch: [10][130/200]	Time 0.359s (0.369s)	Speed 89.1 samples/s	Data 0.000s (0.011s)	Loss 0.01058 (0.00975)
2022-11-25 18:48:42,153 Epoch: [10][140/200]	Time 0.358s (0.368s)	Speed 89.3 samples/s	Data 0.001s (0.010s)	Loss 0.00986 (0.00977)
2022-11-25 18:48:45,654 Epoch: [10][150/200]	Time 0.341s (0.367s)	Speed 93.8 samples/s	Data 0.000s (0.009s)	Loss 0.00969 (0.00978)
2022-11-25 18:48:49,395 Epoch: [10][160/200]	Time 0.360s (0.367s)	Speed 88.9 samples/s	Data 0.000s (0.009s)	Loss 0.00881 (0.00981)
2022-11-25 18:48:52,898 Epoch: [10][170/200]	Time 0.342s (0.366s)	Speed 93.6 samples/s	Data 0.000s (0.008s)	Loss 0.01115 (0.00984)
2022-11-25 18:48:56,481 Epoch: [10][180/200]	Time 0.357s (0.366s)	Speed 89.6 samples/s	Data 0.001s (0.008s)	Loss 0.00923 (0.00981)
2022-11-25 18:49:00,084 Epoch: [10][190/200]	Time 0.383s (0.366s)	Speed 83.6 samples/s	Data 0.001s (0.007s)	Loss 0.00997 (0.00980)
2022-11-25 18:49:04,746 Test: [0/200]	Time 1.242 (1.242)	Loss 0.0959 (0.0959)
2022-11-25 18:49:05,009 Test: [10/200]	Time 0.024 (0.137)	Loss 0.0240 (0.0576)
2022-11-25 18:49:05,265 Test: [20/200]	Time 0.027 (0.084)	Loss 0.0373 (0.0579)
2022-11-25 18:49:05,526 Test: [30/200]	Time 0.025 (0.065)	Loss 0.0800 (0.0658)
2022-11-25 18:49:05,800 Test: [40/200]	Time 0.026 (0.056)	Loss 0.0756 (0.0689)
2022-11-25 18:49:06,086 Test: [50/200]	Time 0.026 (0.051)	Loss 0.1029 (0.0690)
2022-11-25 18:49:06,389 Test: [60/200]	Time 0.025 (0.047)	Loss 0.1017 (0.0711)
2022-11-25 18:49:06,683 Test: [70/200]	Time 0.029 (0.045)	Loss 0.0589 (0.0707)
2022-11-25 18:49:07,034 Test: [80/200]	Time 0.030 (0.044)	Loss 0.0734 (0.0691)
2022-11-25 18:49:07,338 Test: [90/200]	Time 0.028 (0.042)	Loss 0.0840 (0.0701)
2022-11-25 18:49:07,638 Test: [100/200]	Time 0.029 (0.041)	Loss 0.1180 (0.0696)
2022-11-25 18:49:07,941 Test: [110/200]	Time 0.028 (0.040)	Loss 0.1499 (0.0701)
2022-11-25 18:49:08,252 Test: [120/200]	Time 0.027 (0.039)	Loss 0.0727 (0.0689)
2022-11-25 18:49:08,544 Test: [130/200]	Time 0.029 (0.038)	Loss 0.0662 (0.0693)
2022-11-25 18:49:08,829 Test: [140/200]	Time 0.024 (0.038)	Loss 0.0613 (0.0689)
2022-11-25 18:49:09,139 Test: [150/200]	Time 0.033 (0.037)	Loss 0.0575 (0.0677)
2022-11-25 18:49:09,431 Test: [160/200]	Time 0.027 (0.037)	Loss 0.1187 (0.0683)
2022-11-25 18:49:09,720 Test: [170/200]	Time 0.026 (0.036)	Loss 0.0496 (0.0678)
2022-11-25 18:49:10,036 Test: [180/200]	Time 0.033 (0.036)	Loss 0.0504 (0.0678)
2022-11-25 18:49:10,330 Test: [190/200]	Time 0.026 (0.036)	Loss 0.0281 (0.0679)
2022-11-25 18:49:11,690 Mean IoU score: 0.839
2022-11-25 18:49:11,691 => saving checkpoint to out
2022-11-25 18:49:13,495 Epoch: [11][0/200]	Time 1.788s (1.788s)	Speed 17.9 samples/s	Data 1.341s (1.341s)	Loss 0.00779 (0.00779)
2022-11-25 18:49:17,038 Epoch: [11][10/200]	Time 0.338s (0.485s)	Speed 94.7 samples/s	Data 0.000s (0.122s)	Loss 0.00924 (0.00825)
2022-11-25 18:49:20,505 Epoch: [11][20/200]	Time 0.346s (0.419s)	Speed 92.5 samples/s	Data 0.000s (0.064s)	Loss 0.01095 (0.00836)
2022-11-25 18:49:24,015 Epoch: [11][30/200]	Time 0.353s (0.397s)	Speed 90.6 samples/s	Data 0.000s (0.044s)	Loss 0.00886 (0.00859)
2022-11-25 18:49:27,569 Epoch: [11][40/200]	Time 0.354s (0.387s)	Speed 90.4 samples/s	Data 0.001s (0.033s)	Loss 0.01209 (0.00882)
2022-11-25 18:49:31,117 Epoch: [11][50/200]	Time 0.358s (0.381s)	Speed 89.4 samples/s	Data 0.000s (0.027s)	Loss 0.00866 (0.00895)
2022-11-25 18:49:34,654 Epoch: [11][60/200]	Time 0.345s (0.376s)	Speed 92.8 samples/s	Data 0.001s (0.022s)	Loss 0.00975 (0.00905)
2022-11-25 18:49:38,145 Epoch: [11][70/200]	Time 0.363s (0.372s)	Speed 88.2 samples/s	Data 0.000s (0.019s)	Loss 0.00962 (0.00901)
2022-11-25 18:49:41,748 Epoch: [11][80/200]	Time 0.345s (0.371s)	Speed 92.8 samples/s	Data 0.001s (0.017s)	Loss 0.00884 (0.00902)
2022-11-25 18:49:45,284 Epoch: [11][90/200]	Time 0.362s (0.369s)	Speed 88.4 samples/s	Data 0.001s (0.015s)	Loss 0.00845 (0.00899)
2022-11-25 18:49:48,787 Epoch: [11][100/200]	Time 0.357s (0.367s)	Speed 89.6 samples/s	Data 0.001s (0.014s)	Loss 0.00992 (0.00904)
2022-11-25 18:49:52,298 Epoch: [11][110/200]	Time 0.369s (0.366s)	Speed 86.7 samples/s	Data 0.000s (0.012s)	Loss 0.01098 (0.00902)
2022-11-25 18:49:55,822 Epoch: [11][120/200]	Time 0.335s (0.365s)	Speed 95.5 samples/s	Data 0.001s (0.011s)	Loss 0.00774 (0.00900)
2022-11-25 18:49:59,362 Epoch: [11][130/200]	Time 0.365s (0.364s)	Speed 87.7 samples/s	Data 0.000s (0.011s)	Loss 0.00899 (0.00902)
2022-11-25 18:50:02,928 Epoch: [11][140/200]	Time 0.358s (0.363s)	Speed 89.4 samples/s	Data 0.001s (0.010s)	Loss 0.01162 (0.00909)
2022-11-25 18:50:06,527 Epoch: [11][150/200]	Time 0.361s (0.363s)	Speed 88.6 samples/s	Data 0.000s (0.009s)	Loss 0.01037 (0.00907)
2022-11-25 18:50:10,026 Epoch: [11][160/200]	Time 0.355s (0.362s)	Speed 90.1 samples/s	Data 0.001s (0.009s)	Loss 0.01010 (0.00907)
2022-11-25 18:50:13,503 Epoch: [11][170/200]	Time 0.339s (0.361s)	Speed 94.4 samples/s	Data 0.000s (0.008s)	Loss 0.01014 (0.00911)
2022-11-25 18:50:17,066 Epoch: [11][180/200]	Time 0.358s (0.361s)	Speed 89.4 samples/s	Data 0.000s (0.008s)	Loss 0.00831 (0.00911)
2022-11-25 18:50:20,605 Epoch: [11][190/200]	Time 0.352s (0.361s)	Speed 90.9 samples/s	Data 0.001s (0.007s)	Loss 0.00952 (0.00911)
2022-11-25 18:50:25,262 Test: [0/200]	Time 1.250 (1.250)	Loss 0.0788 (0.0788)
2022-11-25 18:50:25,530 Test: [10/200]	Time 0.024 (0.138)	Loss 0.0088 (0.0543)
2022-11-25 18:50:25,796 Test: [20/200]	Time 0.024 (0.085)	Loss 0.0326 (0.0532)
2022-11-25 18:50:26,086 Test: [30/200]	Time 0.029 (0.067)	Loss 0.0974 (0.0596)
2022-11-25 18:50:26,350 Test: [40/200]	Time 0.026 (0.057)	Loss 0.0400 (0.0618)
2022-11-25 18:50:26,619 Test: [50/200]	Time 0.028 (0.051)	Loss 0.1006 (0.0615)
2022-11-25 18:50:26,912 Test: [60/200]	Time 0.030 (0.048)	Loss 0.0900 (0.0642)
2022-11-25 18:50:27,227 Test: [70/200]	Time 0.030 (0.045)	Loss 0.0421 (0.0635)
2022-11-25 18:50:27,517 Test: [80/200]	Time 0.031 (0.043)	Loss 0.0616 (0.0621)
2022-11-25 18:50:27,822 Test: [90/200]	Time 0.027 (0.042)	Loss 0.0840 (0.0634)
2022-11-25 18:50:28,133 Test: [100/200]	Time 0.032 (0.041)	Loss 0.0908 (0.0629)
2022-11-25 18:50:28,423 Test: [110/200]	Time 0.026 (0.040)	Loss 0.1541 (0.0636)
2022-11-25 18:50:28,743 Test: [120/200]	Time 0.040 (0.039)	Loss 0.0688 (0.0624)
2022-11-25 18:50:29,059 Test: [130/200]	Time 0.029 (0.039)	Loss 0.0514 (0.0625)
2022-11-25 18:50:29,349 Test: [140/200]	Time 0.026 (0.038)	Loss 0.0669 (0.0620)
2022-11-25 18:50:29,635 Test: [150/200]	Time 0.027 (0.037)	Loss 0.0471 (0.0608)
2022-11-25 18:50:29,951 Test: [160/200]	Time 0.035 (0.037)	Loss 0.0867 (0.0612)
2022-11-25 18:50:30,266 Test: [170/200]	Time 0.029 (0.037)	Loss 0.0615 (0.0606)
2022-11-25 18:50:30,564 Test: [180/200]	Time 0.028 (0.036)	Loss 0.0543 (0.0603)
2022-11-25 18:50:30,848 Test: [190/200]	Time 0.026 (0.036)	Loss 0.0246 (0.0602)
2022-11-25 18:50:32,204 Mean IoU score: 0.857
2022-11-25 18:50:32,205 => saving checkpoint to out
2022-11-25 18:50:34,022 Epoch: [12][0/200]	Time 1.801s (1.801s)	Speed 17.8 samples/s	Data 1.350s (1.350s)	Loss 0.01101 (0.01101)
2022-11-25 18:50:37,510 Epoch: [12][10/200]	Time 0.362s (0.481s)	Speed 88.4 samples/s	Data 0.000s (0.123s)	Loss 0.01039 (0.01002)
2022-11-25 18:50:41,043 Epoch: [12][20/200]	Time 0.359s (0.420s)	Speed 89.1 samples/s	Data 0.000s (0.065s)	Loss 0.01119 (0.00927)
2022-11-25 18:50:44,590 Epoch: [12][30/200]	Time 0.334s (0.399s)	Speed 95.8 samples/s	Data 0.001s (0.044s)	Loss 0.00917 (0.00915)
2022-11-25 18:50:48,077 Epoch: [12][40/200]	Time 0.358s (0.387s)	Speed 89.4 samples/s	Data 0.000s (0.033s)	Loss 0.00925 (0.00907)
2022-11-25 18:50:51,627 Epoch: [12][50/200]	Time 0.338s (0.381s)	Speed 94.7 samples/s	Data 0.000s (0.027s)	Loss 0.00824 (0.00893)
2022-11-25 18:50:55,238 Epoch: [12][60/200]	Time 0.368s (0.377s)	Speed 86.8 samples/s	Data 0.000s (0.022s)	Loss 0.00657 (0.00887)
2022-11-25 18:50:58,917 Epoch: [12][70/200]	Time 0.372s (0.376s)	Speed 86.0 samples/s	Data 0.000s (0.019s)	Loss 0.00991 (0.00884)
2022-11-25 18:51:02,548 Epoch: [12][80/200]	Time 0.354s (0.374s)	Speed 90.4 samples/s	Data 0.000s (0.017s)	Loss 0.00895 (0.00888)
2022-11-25 18:51:06,114 Epoch: [12][90/200]	Time 0.363s (0.372s)	Speed 88.2 samples/s	Data 0.000s (0.015s)	Loss 0.00688 (0.00884)
2022-11-25 18:51:09,645 Epoch: [12][100/200]	Time 0.335s (0.371s)	Speed 95.5 samples/s	Data 0.000s (0.014s)	Loss 0.00831 (0.00878)
2022-11-25 18:51:13,202 Epoch: [12][110/200]	Time 0.364s (0.369s)	Speed 87.9 samples/s	Data 0.000s (0.013s)	Loss 0.00861 (0.00882)
2022-11-25 18:51:16,777 Epoch: [12][120/200]	Time 0.363s (0.368s)	Speed 88.2 samples/s	Data 0.000s (0.012s)	Loss 0.00764 (0.00878)
2022-11-25 18:51:20,377 Epoch: [12][130/200]	Time 0.371s (0.368s)	Speed 86.2 samples/s	Data 0.000s (0.011s)	Loss 0.00891 (0.00878)
2022-11-25 18:51:23,833 Epoch: [12][140/200]	Time 0.330s (0.366s)	Speed 97.0 samples/s	Data 0.000s (0.010s)	Loss 0.00880 (0.00880)
2022-11-25 18:51:27,386 Epoch: [12][150/200]	Time 0.373s (0.365s)	Speed 85.8 samples/s	Data 0.001s (0.009s)	Loss 0.00930 (0.00880)
2022-11-25 18:51:30,981 Epoch: [12][160/200]	Time 0.356s (0.365s)	Speed 89.9 samples/s	Data 0.000s (0.009s)	Loss 0.01160 (0.00884)
2022-11-25 18:51:34,519 Epoch: [12][170/200]	Time 0.338s (0.364s)	Speed 94.7 samples/s	Data 0.000s (0.008s)	Loss 0.00800 (0.00888)
2022-11-25 18:51:38,131 Epoch: [12][180/200]	Time 0.368s (0.364s)	Speed 87.1 samples/s	Data 0.000s (0.008s)	Loss 0.00738 (0.00887)
2022-11-25 18:51:41,655 Epoch: [12][190/200]	Time 0.348s (0.364s)	Speed 91.9 samples/s	Data 0.000s (0.007s)	Loss 0.00752 (0.00883)
2022-11-25 18:51:46,332 Test: [0/200]	Time 1.261 (1.261)	Loss 0.0764 (0.0764)
2022-11-25 18:51:46,594 Test: [10/200]	Time 0.026 (0.138)	Loss 0.0092 (0.0515)
2022-11-25 18:51:46,854 Test: [20/200]	Time 0.025 (0.085)	Loss 0.0325 (0.0522)
2022-11-25 18:51:47,128 Test: [30/200]	Time 0.030 (0.066)	Loss 0.0843 (0.0611)
2022-11-25 18:51:47,401 Test: [40/200]	Time 0.025 (0.057)	Loss 0.0480 (0.0624)
2022-11-25 18:51:47,668 Test: [50/200]	Time 0.030 (0.051)	Loss 0.0859 (0.0619)
2022-11-25 18:51:47,950 Test: [60/200]	Time 0.027 (0.047)	Loss 0.1166 (0.0646)
2022-11-25 18:51:48,255 Test: [70/200]	Time 0.029 (0.045)	Loss 0.0557 (0.0642)
2022-11-25 18:51:48,530 Test: [80/200]	Time 0.029 (0.043)	Loss 0.0576 (0.0624)
2022-11-25 18:51:48,816 Test: [90/200]	Time 0.028 (0.041)	Loss 0.0922 (0.0634)
2022-11-25 18:51:49,153 Test: [100/200]	Time 0.047 (0.040)	Loss 0.1587 (0.0637)
2022-11-25 18:51:49,479 Test: [110/200]	Time 0.030 (0.040)	Loss 0.1554 (0.0647)
2022-11-25 18:51:49,776 Test: [120/200]	Time 0.026 (0.039)	Loss 0.0873 (0.0632)
2022-11-25 18:51:50,087 Test: [130/200]	Time 0.029 (0.038)	Loss 0.0500 (0.0636)
2022-11-25 18:51:50,364 Test: [140/200]	Time 0.027 (0.038)	Loss 0.0727 (0.0631)
2022-11-25 18:51:50,658 Test: [150/200]	Time 0.024 (0.037)	Loss 0.0599 (0.0620)
2022-11-25 18:51:50,963 Test: [160/200]	Time 0.031 (0.037)	Loss 0.1092 (0.0622)
2022-11-25 18:51:51,268 Test: [170/200]	Time 0.029 (0.036)	Loss 0.0624 (0.0618)
2022-11-25 18:51:51,559 Test: [180/200]	Time 0.027 (0.036)	Loss 0.0424 (0.0615)
2022-11-25 18:51:51,861 Test: [190/200]	Time 0.028 (0.036)	Loss 0.0279 (0.0612)
2022-11-25 18:51:53,211 Mean IoU score: 0.857
2022-11-25 18:51:53,212 => saving checkpoint to out
2022-11-25 18:51:55,027 Epoch: [13][0/200]	Time 1.794s (1.794s)	Speed 17.8 samples/s	Data 1.331s (1.331s)	Loss 0.00608 (0.00608)
2022-11-25 18:51:58,552 Epoch: [13][10/200]	Time 0.352s (0.483s)	Speed 90.9 samples/s	Data 0.000s (0.121s)	Loss 0.00717 (0.00883)
2022-11-25 18:52:02,088 Epoch: [13][20/200]	Time 0.359s (0.422s)	Speed 89.1 samples/s	Data 0.000s (0.064s)	Loss 0.00610 (0.00824)
2022-11-25 18:52:05,614 Epoch: [13][30/200]	Time 0.346s (0.399s)	Speed 92.5 samples/s	Data 0.000s (0.043s)	Loss 0.00738 (0.00834)
2022-11-25 18:52:09,105 Epoch: [13][40/200]	Time 0.347s (0.387s)	Speed 92.2 samples/s	Data 0.000s (0.033s)	Loss 0.00921 (0.00832)
2022-11-25 18:52:12,589 Epoch: [13][50/200]	Time 0.341s (0.380s)	Speed 93.8 samples/s	Data 0.001s (0.026s)	Loss 0.00840 (0.00824)
2022-11-25 18:52:16,123 Epoch: [13][60/200]	Time 0.368s (0.375s)	Speed 87.0 samples/s	Data 0.000s (0.022s)	Loss 0.00940 (0.00820)
2022-11-25 18:52:19,695 Epoch: [13][70/200]	Time 0.351s (0.373s)	Speed 91.2 samples/s	Data 0.000s (0.019s)	Loss 0.00936 (0.00820)
2022-11-25 18:52:23,240 Epoch: [13][80/200]	Time 0.364s (0.370s)	Speed 87.9 samples/s	Data 0.000s (0.017s)	Loss 0.00936 (0.00832)
2022-11-25 18:52:26,783 Epoch: [13][90/200]	Time 0.351s (0.369s)	Speed 91.2 samples/s	Data 0.000s (0.015s)	Loss 0.01081 (0.00842)
2022-11-25 18:52:30,319 Epoch: [13][100/200]	Time 0.371s (0.367s)	Speed 86.3 samples/s	Data 0.000s (0.013s)	Loss 0.00627 (0.00844)
2022-11-25 18:52:33,850 Epoch: [13][110/200]	Time 0.346s (0.366s)	Speed 92.4 samples/s	Data 0.000s (0.012s)	Loss 0.00963 (0.00850)
2022-11-25 18:52:37,409 Epoch: [13][120/200]	Time 0.361s (0.365s)	Speed 88.6 samples/s	Data 0.000s (0.011s)	Loss 0.00892 (0.00852)
2022-11-25 18:52:40,990 Epoch: [13][130/200]	Time 0.345s (0.365s)	Speed 92.8 samples/s	Data 0.000s (0.010s)	Loss 0.01030 (0.00855)
2022-11-25 18:52:44,548 Epoch: [13][140/200]	Time 0.353s (0.364s)	Speed 90.6 samples/s	Data 0.000s (0.010s)	Loss 0.00969 (0.00857)
2022-11-25 18:52:48,105 Epoch: [13][150/200]	Time 0.353s (0.363s)	Speed 90.7 samples/s	Data 0.000s (0.009s)	Loss 0.00727 (0.00854)
2022-11-25 18:52:51,661 Epoch: [13][160/200]	Time 0.341s (0.363s)	Speed 93.9 samples/s	Data 0.001s (0.009s)	Loss 0.00923 (0.00853)
2022-11-25 18:52:55,216 Epoch: [13][170/200]	Time 0.382s (0.362s)	Speed 83.8 samples/s	Data 0.000s (0.008s)	Loss 0.01026 (0.00855)
2022-11-25 18:52:58,769 Epoch: [13][180/200]	Time 0.346s (0.362s)	Speed 92.5 samples/s	Data 0.000s (0.008s)	Loss 0.00870 (0.00853)
2022-11-25 18:53:02,341 Epoch: [13][190/200]	Time 0.366s (0.362s)	Speed 87.5 samples/s	Data 0.000s (0.007s)	Loss 0.00855 (0.00853)
2022-11-25 18:53:06,991 Test: [0/200]	Time 1.232 (1.232)	Loss 0.0658 (0.0658)
2022-11-25 18:53:07,258 Test: [10/200]	Time 0.024 (0.136)	Loss 0.0129 (0.0520)
2022-11-25 18:53:07,516 Test: [20/200]	Time 0.024 (0.084)	Loss 0.0469 (0.0518)
2022-11-25 18:53:07,786 Test: [30/200]	Time 0.027 (0.065)	Loss 0.0986 (0.0597)
2022-11-25 18:53:08,064 Test: [40/200]	Time 0.029 (0.056)	Loss 0.0453 (0.0618)
2022-11-25 18:53:08,363 Test: [50/200]	Time 0.029 (0.051)	Loss 0.0827 (0.0622)
2022-11-25 18:53:08,642 Test: [60/200]	Time 0.026 (0.047)	Loss 0.0751 (0.0648)
2022-11-25 18:53:08,948 Test: [70/200]	Time 0.033 (0.045)	Loss 0.0438 (0.0646)
2022-11-25 18:53:09,271 Test: [80/200]	Time 0.026 (0.043)	Loss 0.0787 (0.0629)
2022-11-25 18:53:09,569 Test: [90/200]	Time 0.029 (0.042)	Loss 0.0917 (0.0641)
2022-11-25 18:53:09,873 Test: [100/200]	Time 0.029 (0.041)	Loss 0.0855 (0.0640)
2022-11-25 18:53:10,176 Test: [110/200]	Time 0.028 (0.040)	Loss 0.1735 (0.0650)
2022-11-25 18:53:10,478 Test: [120/200]	Time 0.026 (0.039)	Loss 0.0678 (0.0634)
2022-11-25 18:53:10,764 Test: [130/200]	Time 0.028 (0.038)	Loss 0.0536 (0.0640)
2022-11-25 18:53:11,082 Test: [140/200]	Time 0.029 (0.038)	Loss 0.0672 (0.0634)
2022-11-25 18:53:11,371 Test: [150/200]	Time 0.027 (0.037)	Loss 0.0678 (0.0626)
2022-11-25 18:53:11,657 Test: [160/200]	Time 0.031 (0.037)	Loss 0.1145 (0.0632)
2022-11-25 18:53:11,978 Test: [170/200]	Time 0.030 (0.036)	Loss 0.0696 (0.0629)
2022-11-25 18:53:12,293 Test: [180/200]	Time 0.030 (0.036)	Loss 0.0564 (0.0628)
2022-11-25 18:53:12,582 Test: [190/200]	Time 0.026 (0.036)	Loss 0.0254 (0.0626)
2022-11-25 18:53:13,918 Mean IoU score: 0.853
2022-11-25 18:53:13,919 => saving checkpoint to out
2022-11-25 18:53:15,740 Epoch: [14][0/200]	Time 1.799s (1.799s)	Speed 17.8 samples/s	Data 1.343s (1.343s)	Loss 0.00701 (0.00701)
2022-11-25 18:53:19,375 Epoch: [14][10/200]	Time 0.399s (0.494s)	Speed 80.2 samples/s	Data 0.001s (0.122s)	Loss 0.00661 (0.00753)
2022-11-25 18:53:22,914 Epoch: [14][20/200]	Time 0.347s (0.427s)	Speed 92.2 samples/s	Data 0.001s (0.064s)	Loss 0.00786 (0.00775)
2022-11-25 18:53:26,461 Epoch: [14][30/200]	Time 0.341s (0.404s)	Speed 93.8 samples/s	Data 0.000s (0.044s)	Loss 0.00787 (0.00758)
2022-11-25 18:53:29,954 Epoch: [14][40/200]	Time 0.349s (0.391s)	Speed 91.7 samples/s	Data 0.000s (0.033s)	Loss 0.00740 (0.00780)
2022-11-25 18:53:33,560 Epoch: [14][50/200]	Time 0.347s (0.385s)	Speed 92.2 samples/s	Data 0.001s (0.027s)	Loss 0.00960 (0.00794)
2022-11-25 18:53:37,138 Epoch: [14][60/200]	Time 0.386s (0.380s)	Speed 82.9 samples/s	Data 0.000s (0.022s)	Loss 0.00720 (0.00793)
2022-11-25 18:53:40,658 Epoch: [14][70/200]	Time 0.346s (0.376s)	Speed 92.5 samples/s	Data 0.000s (0.019s)	Loss 0.00721 (0.00799)
2022-11-25 18:53:44,206 Epoch: [14][80/200]	Time 0.386s (0.374s)	Speed 82.9 samples/s	Data 0.000s (0.017s)	Loss 0.00857 (0.00796)
2022-11-25 18:53:47,754 Epoch: [14][90/200]	Time 0.344s (0.372s)	Speed 93.0 samples/s	Data 0.000s (0.015s)	Loss 0.00795 (0.00807)
2022-11-25 18:53:51,318 Epoch: [14][100/200]	Time 0.370s (0.370s)	Speed 86.5 samples/s	Data 0.001s (0.014s)	Loss 0.01007 (0.00810)
2022-11-25 18:53:54,871 Epoch: [14][110/200]	Time 0.341s (0.369s)	Speed 93.9 samples/s	Data 0.000s (0.012s)	Loss 0.00692 (0.00819)
2022-11-25 18:53:58,462 Epoch: [14][120/200]	Time 0.354s (0.368s)	Speed 90.4 samples/s	Data 0.000s (0.011s)	Loss 0.00820 (0.00821)
2022-11-25 18:54:01,990 Epoch: [14][130/200]	Time 0.354s (0.367s)	Speed 90.4 samples/s	Data 0.000s (0.011s)	Loss 0.00701 (0.00818)
2022-11-25 18:54:05,522 Epoch: [14][140/200]	Time 0.360s (0.366s)	Speed 88.9 samples/s	Data 0.000s (0.010s)	Loss 0.00755 (0.00822)
2022-11-25 18:54:09,026 Epoch: [14][150/200]	Time 0.353s (0.365s)	Speed 90.7 samples/s	Data 0.000s (0.009s)	Loss 0.00852 (0.00823)
2022-11-25 18:54:12,618 Epoch: [14][160/200]	Time 0.349s (0.364s)	Speed 91.7 samples/s	Data 0.000s (0.009s)	Loss 0.00661 (0.00827)
2022-11-25 18:54:16,185 Epoch: [14][170/200]	Time 0.374s (0.364s)	Speed 85.6 samples/s	Data 0.000s (0.008s)	Loss 0.00891 (0.00829)
2022-11-25 18:54:19,691 Epoch: [14][180/200]	Time 0.344s (0.363s)	Speed 93.0 samples/s	Data 0.001s (0.008s)	Loss 0.00842 (0.00825)
2022-11-25 18:54:23,284 Epoch: [14][190/200]	Time 0.373s (0.363s)	Speed 85.8 samples/s	Data 0.001s (0.007s)	Loss 0.00866 (0.00826)
2022-11-25 18:54:27,933 Test: [0/200]	Time 1.222 (1.222)	Loss 0.0843 (0.0843)
2022-11-25 18:54:28,200 Test: [10/200]	Time 0.026 (0.135)	Loss 0.0112 (0.0640)
2022-11-25 18:54:28,465 Test: [20/200]	Time 0.027 (0.084)	Loss 0.0485 (0.0639)
2022-11-25 18:54:28,738 Test: [30/200]	Time 0.026 (0.065)	Loss 0.0969 (0.0754)
2022-11-25 18:54:29,013 Test: [40/200]	Time 0.030 (0.056)	Loss 0.0552 (0.0769)
2022-11-25 18:54:29,306 Test: [50/200]	Time 0.026 (0.051)	Loss 0.1184 (0.0769)
2022-11-25 18:54:29,586 Test: [60/200]	Time 0.026 (0.047)	Loss 0.1306 (0.0796)
2022-11-25 18:54:29,884 Test: [70/200]	Time 0.031 (0.045)	Loss 0.0513 (0.0785)
2022-11-25 18:54:30,185 Test: [80/200]	Time 0.026 (0.043)	Loss 0.0860 (0.0770)
2022-11-25 18:54:30,482 Test: [90/200]	Time 0.030 (0.041)	Loss 0.1142 (0.0774)
2022-11-25 18:54:30,770 Test: [100/200]	Time 0.029 (0.040)	Loss 0.1466 (0.0768)
2022-11-25 18:54:31,079 Test: [110/200]	Time 0.032 (0.039)	Loss 0.1496 (0.0775)
2022-11-25 18:54:31,394 Test: [120/200]	Time 0.029 (0.039)	Loss 0.1014 (0.0756)
2022-11-25 18:54:31,697 Test: [130/200]	Time 0.032 (0.038)	Loss 0.0591 (0.0756)
2022-11-25 18:54:31,994 Test: [140/200]	Time 0.029 (0.037)	Loss 0.0646 (0.0750)
2022-11-25 18:54:32,289 Test: [150/200]	Time 0.031 (0.037)	Loss 0.0590 (0.0734)
2022-11-25 18:54:32,592 Test: [160/200]	Time 0.032 (0.037)	Loss 0.1066 (0.0741)
2022-11-25 18:54:32,878 Test: [170/200]	Time 0.031 (0.036)	Loss 0.0675 (0.0733)
2022-11-25 18:54:33,179 Test: [180/200]	Time 0.030 (0.036)	Loss 0.0479 (0.0728)
2022-11-25 18:54:33,478 Test: [190/200]	Time 0.030 (0.035)	Loss 0.0292 (0.0731)
2022-11-25 18:54:34,870 Mean IoU score: 0.832
2022-11-25 18:54:34,871 => saving checkpoint to out
2022-11-25 18:54:36,692 Epoch: [15][0/200]	Time 1.800s (1.800s)	Speed 17.8 samples/s	Data 1.325s (1.325s)	Loss 0.00672 (0.00672)
2022-11-25 18:54:40,238 Epoch: [15][10/200]	Time 0.364s (0.486s)	Speed 87.9 samples/s	Data 0.000s (0.121s)	Loss 0.00979 (0.00814)
2022-11-25 18:54:43,759 Epoch: [15][20/200]	Time 0.330s (0.422s)	Speed 97.0 samples/s	Data 0.000s (0.063s)	Loss 0.00817 (0.00833)
2022-11-25 18:54:47,323 Epoch: [15][30/200]	Time 0.362s (0.401s)	Speed 88.4 samples/s	Data 0.000s (0.043s)	Loss 0.01055 (0.00933)
2022-11-25 18:54:50,850 Epoch: [15][40/200]	Time 0.390s (0.389s)	Speed 82.1 samples/s	Data 0.000s (0.033s)	Loss 0.01672 (0.01047)
2022-11-25 18:54:54,376 Epoch: [15][50/200]	Time 0.364s (0.382s)	Speed 87.9 samples/s	Data 0.000s (0.026s)	Loss 0.02092 (0.01171)
2022-11-25 18:54:57,903 Epoch: [15][60/200]	Time 0.333s (0.377s)	Speed 96.1 samples/s	Data 0.000s (0.022s)	Loss 0.02089 (0.01342)
2022-11-25 18:55:01,442 Epoch: [15][70/200]	Time 0.362s (0.374s)	Speed 88.4 samples/s	Data 0.000s (0.019s)	Loss 0.01942 (0.01506)
2022-11-25 18:55:04,906 Epoch: [15][80/200]	Time 0.316s (0.371s)	Speed 101.3 samples/s	Data 0.000s (0.017s)	Loss 0.01925 (0.01587)
2022-11-25 18:55:08,443 Epoch: [15][90/200]	Time 0.361s (0.369s)	Speed 88.6 samples/s	Data 0.001s (0.015s)	Loss 0.01236 (0.01644)
2022-11-25 18:55:11,936 Epoch: [15][100/200]	Time 0.346s (0.367s)	Speed 92.5 samples/s	Data 0.001s (0.013s)	Loss 0.02812 (0.01692)
2022-11-25 18:55:15,448 Epoch: [15][110/200]	Time 0.348s (0.365s)	Speed 92.1 samples/s	Data 0.001s (0.012s)	Loss 0.01186 (0.01700)
2022-11-25 18:55:18,964 Epoch: [15][120/200]	Time 0.353s (0.364s)	Speed 90.7 samples/s	Data 0.000s (0.011s)	Loss 0.01442 (0.01694)
2022-11-25 18:55:22,479 Epoch: [15][130/200]	Time 0.355s (0.363s)	Speed 90.1 samples/s	Data 0.000s (0.010s)	Loss 0.01711 (0.01698)
2022-11-25 18:55:26,001 Epoch: [15][140/200]	Time 0.353s (0.362s)	Speed 90.7 samples/s	Data 0.000s (0.010s)	Loss 0.02767 (0.01703)
2022-11-25 18:55:29,527 Epoch: [15][150/200]	Time 0.342s (0.362s)	Speed 93.6 samples/s	Data 0.000s (0.009s)	Loss 0.02044 (0.01707)
2022-11-25 18:55:33,070 Epoch: [15][160/200]	Time 0.349s (0.361s)	Speed 91.7 samples/s	Data 0.000s (0.009s)	Loss 0.01869 (0.01699)
2022-11-25 18:55:36,587 Epoch: [15][170/200]	Time 0.339s (0.361s)	Speed 94.4 samples/s	Data 0.001s (0.008s)	Loss 0.01325 (0.01683)
2022-11-25 18:55:40,047 Epoch: [15][180/200]	Time 0.339s (0.360s)	Speed 94.4 samples/s	Data 0.000s (0.008s)	Loss 0.01294 (0.01665)
2022-11-25 18:55:43,569 Epoch: [15][190/200]	Time 0.338s (0.360s)	Speed 94.7 samples/s	Data 0.001s (0.007s)	Loss 0.00962 (0.01641)
2022-11-25 18:55:48,226 Test: [0/200]	Time 1.243 (1.243)	Loss 0.0612 (0.0612)
2022-11-25 18:55:48,488 Test: [10/200]	Time 0.024 (0.137)	Loss 0.0083 (0.0714)
2022-11-25 18:55:48,755 Test: [20/200]	Time 0.025 (0.084)	Loss 0.0324 (0.0679)
2022-11-25 18:55:49,039 Test: [30/200]	Time 0.029 (0.066)	Loss 0.1449 (0.0735)
2022-11-25 18:55:49,319 Test: [40/200]	Time 0.024 (0.057)	Loss 0.0544 (0.0755)
2022-11-25 18:55:49,590 Test: [50/200]	Time 0.026 (0.051)	Loss 0.1019 (0.0742)
2022-11-25 18:55:49,878 Test: [60/200]	Time 0.029 (0.047)	Loss 0.1042 (0.0781)
2022-11-25 18:55:50,184 Test: [70/200]	Time 0.030 (0.045)	Loss 0.0608 (0.0785)
2022-11-25 18:55:50,485 Test: [80/200]	Time 0.026 (0.043)	Loss 0.0815 (0.0772)
2022-11-25 18:55:50,800 Test: [90/200]	Time 0.033 (0.042)	Loss 0.0994 (0.0776)
2022-11-25 18:55:51,134 Test: [100/200]	Time 0.029 (0.041)	Loss 0.1514 (0.0779)
2022-11-25 18:55:51,441 Test: [110/200]	Time 0.028 (0.040)	Loss 0.1861 (0.0798)
2022-11-25 18:55:51,750 Test: [120/200]	Time 0.029 (0.039)	Loss 0.1026 (0.0781)
2022-11-25 18:55:52,045 Test: [130/200]	Time 0.031 (0.039)	Loss 0.0528 (0.0794)
2022-11-25 18:55:52,359 Test: [140/200]	Time 0.030 (0.038)	Loss 0.0552 (0.0789)
2022-11-25 18:55:52,647 Test: [150/200]	Time 0.029 (0.038)	Loss 0.0574 (0.0771)
2022-11-25 18:55:52,953 Test: [160/200]	Time 0.032 (0.037)	Loss 0.0866 (0.0768)
2022-11-25 18:55:53,260 Test: [170/200]	Time 0.029 (0.037)	Loss 0.0788 (0.0759)
2022-11-25 18:55:53,551 Test: [180/200]	Time 0.025 (0.036)	Loss 0.0376 (0.0752)
2022-11-25 18:55:53,852 Test: [190/200]	Time 0.031 (0.036)	Loss 0.0361 (0.0749)
2022-11-25 18:55:55,195 Mean IoU score: 0.816
2022-11-25 18:55:55,195 => saving checkpoint to out
2022-11-25 18:55:56,987 Epoch: [16][0/200]	Time 1.776s (1.776s)	Speed 18.0 samples/s	Data 1.330s (1.330s)	Loss 0.00932 (0.00932)
2022-11-25 18:56:00,543 Epoch: [16][10/200]	Time 0.358s (0.485s)	Speed 89.4 samples/s	Data 0.000s (0.121s)	Loss 0.01144 (0.01189)
2022-11-25 18:56:04,066 Epoch: [16][20/200]	Time 0.361s (0.422s)	Speed 88.6 samples/s	Data 0.000s (0.063s)	Loss 0.01078 (0.01232)
2022-11-25 18:56:07,567 Epoch: [16][30/200]	Time 0.345s (0.399s)	Speed 92.8 samples/s	Data 0.001s (0.043s)	Loss 0.00989 (0.01185)
2022-11-25 18:56:11,088 Epoch: [16][40/200]	Time 0.365s (0.387s)	Speed 87.7 samples/s	Data 0.000s (0.033s)	Loss 0.01114 (0.01164)
2022-11-25 18:56:14,635 Epoch: [16][50/200]	Time 0.345s (0.381s)	Speed 92.8 samples/s	Data 0.000s (0.026s)	Loss 0.01196 (0.01138)
2022-11-25 18:56:18,187 Epoch: [16][60/200]	Time 0.373s (0.377s)	Speed 85.8 samples/s	Data 0.000s (0.022s)	Loss 0.01106 (0.01129)
2022-11-25 18:56:21,757 Epoch: [16][70/200]	Time 0.348s (0.374s)	Speed 92.0 samples/s	Data 0.000s (0.019s)	Loss 0.00905 (0.01128)
2022-11-25 18:56:25,277 Epoch: [16][80/200]	Time 0.369s (0.371s)	Speed 86.7 samples/s	Data 0.000s (0.017s)	Loss 0.00628 (0.01109)
2022-11-25 18:56:28,801 Epoch: [16][90/200]	Time 0.346s (0.369s)	Speed 92.5 samples/s	Data 0.000s (0.015s)	Loss 0.01267 (0.01126)
2022-11-25 18:56:32,397 Epoch: [16][100/200]	Time 0.367s (0.368s)	Speed 87.2 samples/s	Data 0.000s (0.013s)	Loss 0.01226 (0.01124)
2022-11-25 18:56:35,910 Epoch: [16][110/200]	Time 0.315s (0.367s)	Speed 101.6 samples/s	Data 0.000s (0.012s)	Loss 0.01344 (0.01117)
2022-11-25 18:56:39,396 Epoch: [16][120/200]	Time 0.350s (0.365s)	Speed 91.4 samples/s	Data 0.001s (0.011s)	Loss 0.01137 (0.01113)
2022-11-25 18:56:42,893 Epoch: [16][130/200]	Time 0.343s (0.364s)	Speed 93.3 samples/s	Data 0.000s (0.010s)	Loss 0.01012 (0.01104)
2022-11-25 18:56:46,476 Epoch: [16][140/200]	Time 0.369s (0.364s)	Speed 86.7 samples/s	Data 0.000s (0.010s)	Loss 0.01093 (0.01096)
2022-11-25 18:56:50,025 Epoch: [16][150/200]	Time 0.364s (0.363s)	Speed 87.9 samples/s	Data 0.000s (0.009s)	Loss 0.01024 (0.01091)
2022-11-25 18:56:53,581 Epoch: [16][160/200]	Time 0.339s (0.363s)	Speed 94.4 samples/s	Data 0.000s (0.009s)	Loss 0.01025 (0.01093)
2022-11-25 18:56:57,115 Epoch: [16][170/200]	Time 0.355s (0.362s)	Speed 90.2 samples/s	Data 0.001s (0.008s)	Loss 0.01318 (0.01095)
2022-11-25 18:57:00,656 Epoch: [16][180/200]	Time 0.347s (0.362s)	Speed 92.2 samples/s	Data 0.000s (0.008s)	Loss 0.00890 (0.01086)
2022-11-25 18:57:04,195 Epoch: [16][190/200]	Time 0.367s (0.361s)	Speed 87.2 samples/s	Data 0.000s (0.007s)	Loss 0.01239 (0.01086)
2022-11-25 18:57:08,880 Test: [0/200]	Time 1.239 (1.239)	Loss 0.0574 (0.0574)
2022-11-25 18:57:09,141 Test: [10/200]	Time 0.024 (0.136)	Loss 0.0216 (0.0519)
2022-11-25 18:57:09,409 Test: [20/200]	Time 0.027 (0.084)	Loss 0.0264 (0.0550)
2022-11-25 18:57:09,674 Test: [30/200]	Time 0.024 (0.066)	Loss 0.0977 (0.0609)
2022-11-25 18:57:09,945 Test: [40/200]	Time 0.025 (0.056)	Loss 0.0392 (0.0633)
2022-11-25 18:57:10,230 Test: [50/200]	Time 0.029 (0.051)	Loss 0.0889 (0.0630)
2022-11-25 18:57:10,521 Test: [60/200]	Time 0.026 (0.047)	Loss 0.0688 (0.0625)
2022-11-25 18:57:10,818 Test: [70/200]	Time 0.028 (0.045)	Loss 0.0531 (0.0638)
2022-11-25 18:57:11,114 Test: [80/200]	Time 0.029 (0.043)	Loss 0.0861 (0.0626)
2022-11-25 18:57:11,409 Test: [90/200]	Time 0.031 (0.041)	Loss 0.0743 (0.0641)
2022-11-25 18:57:11,720 Test: [100/200]	Time 0.037 (0.040)	Loss 0.0765 (0.0631)
2022-11-25 18:57:12,018 Test: [110/200]	Time 0.031 (0.039)	Loss 0.1605 (0.0637)
2022-11-25 18:57:12,318 Test: [120/200]	Time 0.026 (0.039)	Loss 0.0760 (0.0622)
2022-11-25 18:57:12,607 Test: [130/200]	Time 0.030 (0.038)	Loss 0.0608 (0.0629)
2022-11-25 18:57:12,879 Test: [140/200]	Time 0.027 (0.037)	Loss 0.0558 (0.0625)
2022-11-25 18:57:13,188 Test: [150/200]	Time 0.029 (0.037)	Loss 0.0534 (0.0615)
2022-11-25 18:57:13,489 Test: [160/200]	Time 0.026 (0.036)	Loss 0.1053 (0.0621)
2022-11-25 18:57:13,771 Test: [170/200]	Time 0.026 (0.036)	Loss 0.0684 (0.0618)
2022-11-25 18:57:14,082 Test: [180/200]	Time 0.031 (0.036)	Loss 0.0441 (0.0616)
2022-11-25 18:57:14,405 Test: [190/200]	Time 0.032 (0.035)	Loss 0.0229 (0.0612)
2022-11-25 18:57:15,730 Mean IoU score: 0.850
2022-11-25 18:57:15,730 => saving checkpoint to out
2022-11-25 18:57:17,533 Epoch: [17][0/200]	Time 1.775s (1.775s)	Speed 18.0 samples/s	Data 1.312s (1.312s)	Loss 0.01092 (0.01092)
2022-11-25 18:57:21,151 Epoch: [17][10/200]	Time 0.360s (0.490s)	Speed 88.9 samples/s	Data 0.000s (0.120s)	Loss 0.00908 (0.00925)
2022-11-25 18:57:24,733 Epoch: [17][20/200]	Time 0.334s (0.427s)	Speed 95.8 samples/s	Data 0.000s (0.063s)	Loss 0.00975 (0.00947)
2022-11-25 18:57:28,291 Epoch: [17][30/200]	Time 0.373s (0.404s)	Speed 85.8 samples/s	Data 0.001s (0.043s)	Loss 0.00847 (0.00944)
2022-11-25 18:57:31,835 Epoch: [17][40/200]	Time 0.353s (0.392s)	Speed 90.7 samples/s	Data 0.001s (0.032s)	Loss 0.00890 (0.00950)
2022-11-25 18:57:35,438 Epoch: [17][50/200]	Time 0.353s (0.386s)	Speed 90.6 samples/s	Data 0.001s (0.026s)	Loss 0.01105 (0.00952)
2022-11-25 18:57:38,954 Epoch: [17][60/200]	Time 0.326s (0.380s)	Speed 98.2 samples/s	Data 0.000s (0.022s)	Loss 0.01090 (0.00945)
2022-11-25 18:57:42,581 Epoch: [17][70/200]	Time 0.349s (0.378s)	Speed 91.7 samples/s	Data 0.000s (0.019s)	Loss 0.00780 (0.00939)
2022-11-25 18:57:46,146 Epoch: [17][80/200]	Time 0.372s (0.375s)	Speed 86.1 samples/s	Data 0.000s (0.017s)	Loss 0.01095 (0.00932)
2022-11-25 18:57:49,695 Epoch: [17][90/200]	Time 0.347s (0.373s)	Speed 92.2 samples/s	Data 0.000s (0.015s)	Loss 0.00955 (0.00927)
2022-11-25 18:57:53,306 Epoch: [17][100/200]	Time 0.383s (0.372s)	Speed 83.6 samples/s	Data 0.001s (0.013s)	Loss 0.00693 (0.00914)
2022-11-25 18:57:56,810 Epoch: [17][110/200]	Time 0.347s (0.370s)	Speed 92.2 samples/s	Data 0.001s (0.012s)	Loss 0.00621 (0.00913)
2022-11-25 18:58:00,398 Epoch: [17][120/200]	Time 0.396s (0.369s)	Speed 80.8 samples/s	Data 0.000s (0.011s)	Loss 0.00817 (0.00908)
2022-11-25 18:58:03,984 Epoch: [17][130/200]	Time 0.351s (0.368s)	Speed 91.2 samples/s	Data 0.000s (0.010s)	Loss 0.00938 (0.00905)
2022-11-25 18:58:07,482 Epoch: [17][140/200]	Time 0.364s (0.367s)	Speed 87.9 samples/s	Data 0.000s (0.010s)	Loss 0.00686 (0.00897)
2022-11-25 18:58:11,015 Epoch: [17][150/200]	Time 0.353s (0.366s)	Speed 90.7 samples/s	Data 0.000s (0.009s)	Loss 0.00640 (0.00891)
2022-11-25 18:58:14,625 Epoch: [17][160/200]	Time 0.355s (0.366s)	Speed 90.1 samples/s	Data 0.000s (0.008s)	Loss 0.00903 (0.00893)
2022-11-25 18:58:18,487 Epoch: [17][170/200]	Time 0.380s (0.367s)	Speed 84.2 samples/s	Data 0.000s (0.008s)	Loss 0.00811 (0.00893)
2022-11-25 18:58:22,043 Epoch: [17][180/200]	Time 0.349s (0.366s)	Speed 91.8 samples/s	Data 0.000s (0.008s)	Loss 0.00687 (0.00887)
2022-11-25 18:58:25,587 Epoch: [17][190/200]	Time 0.349s (0.366s)	Speed 91.7 samples/s	Data 0.000s (0.007s)	Loss 0.00811 (0.00882)
2022-11-25 18:58:30,278 Test: [0/200]	Time 1.265 (1.265)	Loss 0.0515 (0.0515)
2022-11-25 18:58:30,549 Test: [10/200]	Time 0.025 (0.140)	Loss 0.0061 (0.0475)
2022-11-25 18:58:30,811 Test: [20/200]	Time 0.026 (0.086)	Loss 0.0240 (0.0483)
2022-11-25 18:58:31,098 Test: [30/200]	Time 0.029 (0.067)	Loss 0.0766 (0.0541)
2022-11-25 18:58:31,366 Test: [40/200]	Time 0.027 (0.057)	Loss 0.0407 (0.0549)
2022-11-25 18:58:31,643 Test: [50/200]	Time 0.026 (0.052)	Loss 0.0782 (0.0552)
2022-11-25 18:58:31,950 Test: [60/200]	Time 0.031 (0.048)	Loss 0.0688 (0.0566)
2022-11-25 18:58:32,266 Test: [70/200]	Time 0.034 (0.046)	Loss 0.0463 (0.0570)
2022-11-25 18:58:32,564 Test: [80/200]	Time 0.030 (0.044)	Loss 0.0590 (0.0557)
2022-11-25 18:58:32,863 Test: [90/200]	Time 0.031 (0.042)	Loss 0.0730 (0.0572)
2022-11-25 18:58:33,152 Test: [100/200]	Time 0.026 (0.041)	Loss 0.0778 (0.0566)
2022-11-25 18:58:33,444 Test: [110/200]	Time 0.028 (0.040)	Loss 0.1377 (0.0576)
2022-11-25 18:58:33,741 Test: [120/200]	Time 0.028 (0.039)	Loss 0.0699 (0.0560)
2022-11-25 18:58:34,052 Test: [130/200]	Time 0.026 (0.038)	Loss 0.0492 (0.0563)
2022-11-25 18:58:34,343 Test: [140/200]	Time 0.027 (0.038)	Loss 0.0472 (0.0559)
2022-11-25 18:58:34,635 Test: [150/200]	Time 0.029 (0.037)	Loss 0.0424 (0.0549)
2022-11-25 18:58:34,930 Test: [160/200]	Time 0.032 (0.037)	Loss 0.0815 (0.0551)
2022-11-25 18:58:35,255 Test: [170/200]	Time 0.028 (0.036)	Loss 0.0570 (0.0549)
2022-11-25 18:58:35,561 Test: [180/200]	Time 0.026 (0.036)	Loss 0.0283 (0.0547)
2022-11-25 18:58:35,847 Test: [190/200]	Time 0.028 (0.036)	Loss 0.0222 (0.0546)
2022-11-25 18:58:37,209 Mean IoU score: 0.868
2022-11-25 18:58:37,210 => saving checkpoint to out
2022-11-25 18:58:39,040 Epoch: [18][0/200]	Time 1.809s (1.809s)	Speed 17.7 samples/s	Data 1.350s (1.350s)	Loss 0.00924 (0.00924)
2022-11-25 18:58:42,595 Epoch: [18][10/200]	Time 0.359s (0.488s)	Speed 89.1 samples/s	Data 0.000s (0.123s)	Loss 0.00639 (0.00836)
2022-11-25 18:58:46,118 Epoch: [18][20/200]	Time 0.352s (0.423s)	Speed 90.9 samples/s	Data 0.000s (0.065s)	Loss 0.01068 (0.00842)
2022-11-25 18:58:49,649 Epoch: [18][30/200]	Time 0.333s (0.401s)	Speed 96.1 samples/s	Data 0.001s (0.044s)	Loss 0.00722 (0.00805)
2022-11-25 18:58:53,249 Epoch: [18][40/200]	Time 0.358s (0.391s)	Speed 89.4 samples/s	Data 0.001s (0.033s)	Loss 0.00923 (0.00790)
2022-11-25 18:58:56,777 Epoch: [18][50/200]	Time 0.345s (0.383s)	Speed 92.8 samples/s	Data 0.001s (0.027s)	Loss 0.00728 (0.00773)
2022-11-25 18:59:00,340 Epoch: [18][60/200]	Time 0.382s (0.379s)	Speed 83.8 samples/s	Data 0.000s (0.022s)	Loss 0.00533 (0.00773)
2022-11-25 18:59:03,828 Epoch: [18][70/200]	Time 0.338s (0.375s)	Speed 94.7 samples/s	Data 0.000s (0.019s)	Loss 0.00841 (0.00770)
2022-11-25 18:59:07,420 Epoch: [18][80/200]	Time 0.383s (0.373s)	Speed 83.6 samples/s	Data 0.000s (0.017s)	Loss 0.00794 (0.00765)
2022-11-25 18:59:10,929 Epoch: [18][90/200]	Time 0.347s (0.370s)	Speed 92.2 samples/s	Data 0.000s (0.015s)	Loss 0.00644 (0.00774)
2022-11-25 18:59:14,491 Epoch: [18][100/200]	Time 0.365s (0.369s)	Speed 87.7 samples/s	Data 0.001s (0.014s)	Loss 0.00974 (0.00773)
2022-11-25 18:59:18,034 Epoch: [18][110/200]	Time 0.340s (0.368s)	Speed 94.1 samples/s	Data 0.001s (0.012s)	Loss 0.00873 (0.00775)
2022-11-25 18:59:21,583 Epoch: [18][120/200]	Time 0.338s (0.367s)	Speed 94.6 samples/s	Data 0.000s (0.011s)	Loss 0.00759 (0.00774)
2022-11-25 18:59:25,120 Epoch: [18][130/200]	Time 0.364s (0.366s)	Speed 87.9 samples/s	Data 0.000s (0.011s)	Loss 0.00931 (0.00774)
2022-11-25 18:59:28,661 Epoch: [18][140/200]	Time 0.348s (0.365s)	Speed 92.0 samples/s	Data 0.000s (0.010s)	Loss 0.00644 (0.00776)
2022-11-25 18:59:32,250 Epoch: [18][150/200]	Time 0.375s (0.364s)	Speed 85.3 samples/s	Data 0.000s (0.009s)	Loss 0.00773 (0.00775)
2022-11-25 18:59:35,768 Epoch: [18][160/200]	Time 0.342s (0.364s)	Speed 93.5 samples/s	Data 0.000s (0.009s)	Loss 0.00569 (0.00776)
2022-11-25 18:59:39,342 Epoch: [18][170/200]	Time 0.367s (0.363s)	Speed 87.3 samples/s	Data 0.000s (0.008s)	Loss 0.00818 (0.00774)
2022-11-25 18:59:42,858 Epoch: [18][180/200]	Time 0.342s (0.363s)	Speed 93.6 samples/s	Data 0.000s (0.008s)	Loss 0.00822 (0.00772)
2022-11-25 18:59:46,427 Epoch: [18][190/200]	Time 0.369s (0.362s)	Speed 86.7 samples/s	Data 0.000s (0.007s)	Loss 0.00742 (0.00769)
2022-11-25 18:59:51,081 Test: [0/200]	Time 1.238 (1.238)	Loss 0.0483 (0.0483)
2022-11-25 18:59:51,356 Test: [10/200]	Time 0.028 (0.138)	Loss 0.0067 (0.0459)
2022-11-25 18:59:51,628 Test: [20/200]	Time 0.027 (0.085)	Loss 0.0232 (0.0472)
2022-11-25 18:59:51,889 Test: [30/200]	Time 0.020 (0.066)	Loss 0.0694 (0.0533)
2022-11-25 18:59:52,168 Test: [40/200]	Time 0.029 (0.057)	Loss 0.0376 (0.0541)
2022-11-25 18:59:52,481 Test: [50/200]	Time 0.023 (0.052)	Loss 0.0809 (0.0540)
2022-11-25 18:59:52,772 Test: [60/200]	Time 0.031 (0.048)	Loss 0.0617 (0.0552)
2022-11-25 18:59:53,064 Test: [70/200]	Time 0.029 (0.045)	Loss 0.0452 (0.0557)
2022-11-25 18:59:53,357 Test: [80/200]	Time 0.027 (0.043)	Loss 0.0599 (0.0546)
2022-11-25 18:59:53,640 Test: [90/200]	Time 0.029 (0.042)	Loss 0.0659 (0.0559)
2022-11-25 18:59:53,931 Test: [100/200]	Time 0.030 (0.040)	Loss 0.0814 (0.0554)
2022-11-25 18:59:54,231 Test: [110/200]	Time 0.031 (0.040)	Loss 0.1537 (0.0563)
2022-11-25 18:59:54,538 Test: [120/200]	Time 0.029 (0.039)	Loss 0.0724 (0.0547)
2022-11-25 18:59:54,842 Test: [130/200]	Time 0.026 (0.038)	Loss 0.0516 (0.0551)
2022-11-25 18:59:55,139 Test: [140/200]	Time 0.031 (0.038)	Loss 0.0500 (0.0547)
2022-11-25 18:59:55,429 Test: [150/200]	Time 0.030 (0.037)	Loss 0.0410 (0.0536)
2022-11-25 18:59:55,722 Test: [160/200]	Time 0.028 (0.037)	Loss 0.0875 (0.0540)
2022-11-25 18:59:56,007 Test: [170/200]	Time 0.029 (0.036)	Loss 0.0542 (0.0538)
2022-11-25 18:59:56,314 Test: [180/200]	Time 0.024 (0.036)	Loss 0.0302 (0.0535)
2022-11-25 18:59:56,610 Test: [190/200]	Time 0.031 (0.035)	Loss 0.0195 (0.0533)
2022-11-25 18:59:57,964 Mean IoU score: 0.872
2022-11-25 18:59:57,964 => saving checkpoint to out
2022-11-25 18:59:59,772 Epoch: [19][0/200]	Time 1.787s (1.787s)	Speed 17.9 samples/s	Data 1.330s (1.330s)	Loss 0.00764 (0.00764)
2022-11-25 19:00:03,353 Epoch: [19][10/200]	Time 0.376s (0.488s)	Speed 85.1 samples/s	Data 0.001s (0.121s)	Loss 0.00780 (0.00694)
2022-11-25 19:00:06,888 Epoch: [19][20/200]	Time 0.346s (0.424s)	Speed 92.5 samples/s	Data 0.000s (0.064s)	Loss 0.00690 (0.00678)
2022-11-25 19:00:10,429 Epoch: [19][30/200]	Time 0.377s (0.401s)	Speed 84.9 samples/s	Data 0.000s (0.043s)	Loss 0.00800 (0.00689)
2022-11-25 19:00:13,953 Epoch: [19][40/200]	Time 0.344s (0.389s)	Speed 93.0 samples/s	Data 0.000s (0.033s)	Loss 0.00590 (0.00686)
2022-11-25 19:00:17,516 Epoch: [19][50/200]	Time 0.362s (0.383s)	Speed 88.4 samples/s	Data 0.000s (0.026s)	Loss 0.00751 (0.00692)
2022-11-25 19:00:21,090 Epoch: [19][60/200]	Time 0.362s (0.379s)	Speed 88.4 samples/s	Data 0.001s (0.022s)	Loss 0.00745 (0.00689)
2022-11-25 19:00:24,629 Epoch: [19][70/200]	Time 0.340s (0.375s)	Speed 94.1 samples/s	Data 0.000s (0.019s)	Loss 0.00607 (0.00686)
2022-11-25 19:00:28,240 Epoch: [19][80/200]	Time 0.396s (0.374s)	Speed 80.8 samples/s	Data 0.001s (0.017s)	Loss 0.00720 (0.00690)
2022-11-25 19:00:31,854 Epoch: [19][90/200]	Time 0.335s (0.372s)	Speed 95.5 samples/s	Data 0.001s (0.015s)	Loss 0.00730 (0.00696)
2022-11-25 19:00:35,411 Epoch: [19][100/200]	Time 0.364s (0.371s)	Speed 87.9 samples/s	Data 0.001s (0.014s)	Loss 0.00907 (0.00697)
2022-11-25 19:00:38,922 Epoch: [19][110/200]	Time 0.357s (0.369s)	Speed 89.7 samples/s	Data 0.001s (0.012s)	Loss 0.00668 (0.00694)
2022-11-25 19:00:42,520 Epoch: [19][120/200]	Time 0.352s (0.368s)	Speed 90.9 samples/s	Data 0.001s (0.011s)	Loss 0.00695 (0.00693)
2022-11-25 19:00:46,090 Epoch: [19][130/200]	Time 0.351s (0.367s)	Speed 91.2 samples/s	Data 0.000s (0.011s)	Loss 0.00695 (0.00694)
2022-11-25 19:00:49,595 Epoch: [19][140/200]	Time 0.357s (0.366s)	Speed 89.6 samples/s	Data 0.000s (0.010s)	Loss 0.00589 (0.00701)
2022-11-25 19:00:53,208 Epoch: [19][150/200]	Time 0.376s (0.366s)	Speed 85.1 samples/s	Data 0.001s (0.009s)	Loss 0.00716 (0.00702)
2022-11-25 19:00:56,722 Epoch: [19][160/200]	Time 0.327s (0.365s)	Speed 97.8 samples/s	Data 0.000s (0.009s)	Loss 0.00858 (0.00704)
2022-11-25 19:01:00,241 Epoch: [19][170/200]	Time 0.360s (0.364s)	Speed 88.9 samples/s	Data 0.000s (0.008s)	Loss 0.00596 (0.00703)
2022-11-25 19:01:03,787 Epoch: [19][180/200]	Time 0.330s (0.364s)	Speed 97.0 samples/s	Data 0.000s (0.008s)	Loss 0.00760 (0.00702)
2022-11-25 19:01:07,347 Epoch: [19][190/200]	Time 0.367s (0.363s)	Speed 87.2 samples/s	Data 0.000s (0.007s)	Loss 0.00708 (0.00704)
2022-11-25 19:01:12,026 Test: [0/200]	Time 1.250 (1.250)	Loss 0.0505 (0.0505)
2022-11-25 19:01:12,289 Test: [10/200]	Time 0.024 (0.138)	Loss 0.0075 (0.0467)
2022-11-25 19:01:12,556 Test: [20/200]	Time 0.028 (0.085)	Loss 0.0253 (0.0478)
2022-11-25 19:01:12,819 Test: [30/200]	Time 0.024 (0.066)	Loss 0.0755 (0.0536)
2022-11-25 19:01:13,090 Test: [40/200]	Time 0.027 (0.056)	Loss 0.0498 (0.0544)
2022-11-25 19:01:13,383 Test: [50/200]	Time 0.027 (0.051)	Loss 0.0807 (0.0541)
2022-11-25 19:01:13,665 Test: [60/200]	Time 0.028 (0.047)	Loss 0.0680 (0.0552)
2022-11-25 19:01:13,949 Test: [70/200]	Time 0.028 (0.045)	Loss 0.0442 (0.0563)
2022-11-25 19:01:14,269 Test: [80/200]	Time 0.026 (0.043)	Loss 0.0550 (0.0548)
2022-11-25 19:01:14,569 Test: [90/200]	Time 0.029 (0.042)	Loss 0.0713 (0.0564)
2022-11-25 19:01:14,866 Test: [100/200]	Time 0.030 (0.040)	Loss 0.0817 (0.0559)
2022-11-25 19:01:15,174 Test: [110/200]	Time 0.031 (0.040)	Loss 0.1555 (0.0569)
2022-11-25 19:01:15,475 Test: [120/200]	Time 0.031 (0.039)	Loss 0.0678 (0.0553)
2022-11-25 19:01:15,756 Test: [130/200]	Time 0.026 (0.038)	Loss 0.0476 (0.0556)
2022-11-25 19:01:16,055 Test: [140/200]	Time 0.028 (0.037)	Loss 0.0451 (0.0552)
2022-11-25 19:01:16,364 Test: [150/200]	Time 0.026 (0.037)	Loss 0.0526 (0.0542)
2022-11-25 19:01:16,642 Test: [160/200]	Time 0.025 (0.036)	Loss 0.0878 (0.0545)
2022-11-25 19:01:16,928 Test: [170/200]	Time 0.030 (0.036)	Loss 0.0481 (0.0544)
2022-11-25 19:01:17,243 Test: [180/200]	Time 0.034 (0.036)	Loss 0.0294 (0.0541)
2022-11-25 19:01:17,547 Test: [190/200]	Time 0.026 (0.035)	Loss 0.0201 (0.0539)
2022-11-25 19:01:18,904 Mean IoU score: 0.873
2022-11-25 19:01:18,911 => saving checkpoint to out
2022-11-25 19:01:18,930 saving final model state to out\final_state.pth.tar
